2016-12-29 14:24:42 程序启动.管理端-订单管理.xml
2016-12-29 14:24:43 Start.
2016-12-29 14:35:22 [ERROR-1006]:测试用例运行结果统计模块引发的异常.'WARNING'
2016-12-29 14:52:08 End.
2016-12-29 14:52:08 程序结束.管理端-订单管理.xml

2016-12-29 15:13:55 程序启动.管理端-订单管理.xml
2016-12-29 15:13:55 Start.
2016-12-29 15:25:32 [ERROR-1006]:测试用例运行结果统计模块引发的异常.'WARNING'
2016-12-29 15:44:07 End.
2016-12-29 15:44:07 程序结束.管理端-订单管理.xml

2016-12-29 15:55:22 程序启动.管理端-订单管理.xml
2016-12-29 15:55:22 Start.
2016-12-29 16:06:25 [ERROR-1006]:测试用例运行结果统计模块引发的异常.'WARNING'
2016-12-29 16:08:43 [ERROR-1006]:测试用例运行结果统计模块引发的异常.'WARNING'
2016-12-29 16:16:30 [ERROR-1006]:测试用例运行结果统计模块引发的异常.'WARNING'
2016-12-29 16:29:18 End.
2016-12-29 16:29:18 程序结束.管理端-订单管理.xml

2016-12-29 16:44:36 程序启动.管理端-订单管理.xml
2016-12-29 16:44:37 Start.
2016-12-29 16:46:15 [ERROR-1006]:测试用例运行结果统计模块引发的异常.'WARNING'
2016-12-29 16:55:29 [ERROR-1006]:测试用例运行结果统计模块引发的异常.'WARNING'
2016-12-29 16:57:40 [ERROR-1006]:测试用例运行结果统计模块引发的异常.'WARNING'
2016-12-29 17:17:39 End.
2016-12-29 17:17:39 程序结束.管理端-订单管理.xml

2016-12-30 09:57:57 程序启动.管理端-订单管理.xml
2016-12-30 09:57:57 Start.
2016-12-30 09:59:11 [ERROR-1006]:测试用例运行结果统计模块引发的异常.'WARNING'
2016-12-30 10:02:23 [ERROR-1006]:测试用例运行结果统计模块引发的异常.'WARNING'
2016-12-30 10:08:42 [ERROR-1006]:测试用例运行结果统计模块引发的异常.'WARNING'
2016-12-30 10:09:09 [ERROR-1006]:测试用例运行结果统计模块引发的异常.'WARNING'
2016-12-30 10:10:51 [ERROR-1006]:测试用例运行结果统计模块引发的异常.'WARNING'
2016-12-30 10:12:08 [ERROR-1006]:测试用例运行结果统计模块引发的异常.'WARNING'
2016-12-30 10:27:26 End.
2016-12-30 10:27:26 程序结束.管理端-订单管理.xml

2017-01-03 16:02:36 程序启动.管理端-订单管理.xml
2017-01-03 16:02:37 Start.
2017-01-03 16:03:54 [ERROR-1006]:测试用例运行结果统计模块引发的异常.'WARNING'
2017-01-03 16:04:16 [ERROR-1006]:测试用例运行结果统计模块引发的异常.'WARNING'
2017-01-03 16:13:23 [ERROR-1006]:测试用例运行结果统计模块引发的异常.'WARNING'
2017-01-03 16:15:35 [ERROR-1006]:测试用例运行结果统计模块引发的异常.'WARNING'
2017-01-03 16:16:53 [ERROR-1006]:测试用例运行结果统计模块引发的异常.'WARNING'
2017-01-03 16:19:10 End.
2017-01-03 16:19:10 程序结束.管理端-订单管理.xml

