2016-12-20 16:07:49 程序启动.前端2.xml
2016-12-20 16:07:50 Start.
2016-12-20 16:31:58 [ERROR-1006]:测试用例运行结果统计模块引发的异常.'WARNING'
2016-12-20 16:33:09 [ERROR-1006]:测试用例运行结果统计模块引发的异常.'WARNING'
2016-12-20 16:33:18 [ERROR-1013]:上传文件不存在引发的异常.E:/tupian/about2.jpg.
2016-12-20 16:41:55 End.
2016-12-20 16:41:55 程序结束.前端2.xml

2016-12-21 09:48:52 程序启动.前端2.xml
2016-12-21 09:48:53 Start.
2016-12-21 10:30:14 [ERROR-1006]:测试用例运行结果统计模块引发的异常.'WARNING'
2016-12-21 10:30:25 [ERROR-1013]:上传文件不存在引发的异常.E:/tupian/about2.jpg.
2016-12-21 10:38:11 End.
2016-12-21 10:38:11 程序结束.前端2.xml

2016-12-21 12:49:14 程序启动.前端2.xml
2016-12-21 12:49:15 Start.
2016-12-21 13:15:15 [ERROR-1006]:测试用例运行结果统计模块引发的异常.'WARNING'
2016-12-21 13:16:23 [ERROR-1006]:测试用例运行结果统计模块引发的异常.'WARNING'
2016-12-21 13:16:32 [ERROR-1013]:上传文件不存在引发的异常.E:/tupian/about2.jpg.
2016-12-21 13:25:04 [ERROR-1006]:测试用例运行结果统计模块引发的异常.'WARNING'
2016-12-21 13:26:39 End.
2016-12-21 13:26:39 程序结束.前端2.xml

2016-12-22 14:11:15 程序启动.前端2.xml
2016-12-22 14:11:15 Start.
2016-12-22 14:47:49 End.
2016-12-22 14:47:49 程序结束.前端2.xml

2016-12-22 15:33:13 程序启动.前端2.xml
2016-12-22 15:33:13 Start.
2016-12-22 15:52:26 [ERROR-1006]:测试用例运行结果统计模块引发的异常.'WARNING'
2016-12-22 15:52:40 [ERROR-1006]:测试用例运行结果统计模块引发的异常.'WARNING'
2016-12-22 15:53:32 [ERROR-1006]:测试用例运行结果统计模块引发的异常.'WARNING'
2016-12-22 15:53:33 [ERROR-1006]:测试用例运行结果统计模块引发的异常.'WARNING'
2016-12-22 15:54:25 [ERROR-1006]:测试用例运行结果统计模块引发的异常.'WARNING'
2016-12-22 15:54:26 [ERROR-1006]:测试用例运行结果统计模块引发的异常.'WARNING'
2016-12-22 15:55:18 [ERROR-1006]:测试用例运行结果统计模块引发的异常.'WARNING'
2016-12-22 15:55:19 [ERROR-1006]:测试用例运行结果统计模块引发的异常.'WARNING'
2016-12-22 15:56:11 [ERROR-1006]:测试用例运行结果统计模块引发的异常.'WARNING'
2016-12-22 15:56:12 [ERROR-1006]:测试用例运行结果统计模块引发的异常.'WARNING'
2016-12-22 15:57:04 [ERROR-1006]:测试用例运行结果统计模块引发的异常.'WARNING'
2016-12-22 15:57:05 [ERROR-1006]:测试用例运行结果统计模块引发的异常.'WARNING'
2016-12-22 15:57:57 [ERROR-1006]:测试用例运行结果统计模块引发的异常.'WARNING'
2016-12-22 15:57:58 [ERROR-1006]:测试用例运行结果统计模块引发的异常.'WARNING'
2016-12-22 15:58:51 [ERROR-1006]:测试用例运行结果统计模块引发的异常.'WARNING'
2016-12-22 15:58:52 [ERROR-1006]:测试用例运行结果统计模块引发的异常.'WARNING'
2016-12-22 15:59:05 [ERROR-1006]:测试用例运行结果统计模块引发的异常.'WARNING'
2016-12-22 15:59:19 [ERROR-1006]:测试用例运行结果统计模块引发的异常.'WARNING'
2016-12-22 16:00:11 [ERROR-1006]:测试用例运行结果统计模块引发的异常.'WARNING'
2016-12-22 16:00:12 [ERROR-1006]:测试用例运行结果统计模块引发的异常.'WARNING'
2016-12-22 16:01:04 [ERROR-1006]:测试用例运行结果统计模块引发的异常.'WARNING'
2016-12-22 16:01:05 [ERROR-1006]:测试用例运行结果统计模块引发的异常.'WARNING'
2016-12-22 16:01:57 [ERROR-1006]:测试用例运行结果统计模块引发的异常.'WARNING'
2016-12-22 16:01:59 [ERROR-1006]:测试用例运行结果统计模块引发的异常.'WARNING'
2016-12-22 16:02:50 [ERROR-1006]:测试用例运行结果统计模块引发的异常.'WARNING'
2016-12-22 16:02:52 [ERROR-1006]:测试用例运行结果统计模块引发的异常.'WARNING'
2016-12-22 16:03:44 [ERROR-1006]:测试用例运行结果统计模块引发的异常.'WARNING'
2016-12-22 16:03:45 [ERROR-1006]:测试用例运行结果统计模块引发的异常.'WARNING'
2016-12-22 16:04:37 [ERROR-1006]:测试用例运行结果统计模块引发的异常.'WARNING'
2016-12-22 16:04:38 [ERROR-1006]:测试用例运行结果统计模块引发的异常.'WARNING'
2016-12-22 16:05:30 [ERROR-1006]:测试用例运行结果统计模块引发的异常.'WARNING'
2016-12-22 16:05:31 [ERROR-1006]:测试用例运行结果统计模块引发的异常.'WARNING'
2016-12-22 16:07:36 [ERROR-1006]:测试用例运行结果统计模块引发的异常.'WARNING'
2016-12-22 16:08:39 [ERROR-1006]:测试用例运行结果统计模块引发的异常.'WARNING'
2016-12-22 16:18:42 End.
2016-12-22 16:18:42 程序结束.前端2.xml

2016-12-22 16:19:26 程序启动.前端2.xml
2016-12-22 16:19:27 Start.
2016-12-22 16:19:43 [ERROR-1006]:测试用例运行结果统计模块引发的异常.'WARNING'
2016-12-22 16:19:57 [ERROR-1006]:测试用例运行结果统计模块引发的异常.'WARNING'
2016-12-22 16:20:49 [ERROR-1006]:测试用例运行结果统计模块引发的异常.'WARNING'
2016-12-22 16:20:50 [ERROR-1006]:测试用例运行结果统计模块引发的异常.'WARNING'
2016-12-22 16:21:42 [ERROR-1006]:测试用例运行结果统计模块引发的异常.'WARNING'
2016-12-22 16:21:44 [ERROR-1006]:测试用例运行结果统计模块引发的异常.'WARNING'
2016-12-22 16:22:35 [ERROR-1006]:测试用例运行结果统计模块引发的异常.'WARNING'
2016-12-22 16:22:37 [ERROR-1006]:测试用例运行结果统计模块引发的异常.'WARNING'
2016-12-22 16:23:29 [ERROR-1006]:测试用例运行结果统计模块引发的异常.'WARNING'
2016-12-22 16:23:30 [ERROR-1006]:测试用例运行结果统计模块引发的异常.'WARNING'
2016-12-22 16:24:22 [ERROR-1006]:测试用例运行结果统计模块引发的异常.'WARNING'
2016-12-22 16:24:23 [ERROR-1006]:测试用例运行结果统计模块引发的异常.'WARNING'
2016-12-22 16:25:15 [ERROR-1006]:测试用例运行结果统计模块引发的异常.'WARNING'
2016-12-22 16:25:17 [ERROR-1006]:测试用例运行结果统计模块引发的异常.'WARNING'
2016-12-22 16:26:09 [ERROR-1006]:测试用例运行结果统计模块引发的异常.'WARNING'
2016-12-22 16:26:10 [ERROR-1006]:测试用例运行结果统计模块引发的异常.'WARNING'
2016-12-22 16:26:23 [ERROR-1006]:测试用例运行结果统计模块引发的异常.'WARNING'
2016-12-22 16:26:24 [ERROR-1006]:测试用例运行结果统计模块引发的异常.'WARNING'
2016-12-22 16:26:26 [ERROR-1006]:测试用例运行结果统计模块引发的异常.'WARNING'
2016-12-22 16:26:27 [ERROR-1006]:测试用例运行结果统计模块引发的异常.'WARNING'
2016-12-22 16:26:29 [ERROR-1006]:测试用例运行结果统计模块引发的异常.'WARNING'
2016-12-22 16:26:43 [ERROR-1006]:测试用例运行结果统计模块引发的异常.'WARNING'
2016-12-22 16:34:46 [ERROR-1006]:测试用例运行结果统计模块引发的异常.'WARNING'
2016-12-22 16:35:50 [ERROR-1006]:测试用例运行结果统计模块引发的异常.'WARNING'
2016-12-22 16:41:32 End.
2016-12-22 16:41:32 程序结束.前端2.xml

2016-12-23 09:51:09 程序启动.前端2.xml
2016-12-23 09:51:09 Start.
2016-12-23 09:59:50 [ERROR-1006]:测试用例运行结果统计模块引发的异常.'WARNING'
2016-12-23 10:00:54 [ERROR-1006]:测试用例运行结果统计模块引发的异常.'WARNING'
2016-12-23 10:08:53 End.
2016-12-23 10:08:53 程序结束.前端2.xml

2016-12-23 10:11:02 程序启动.前端2.xml
2016-12-23 10:11:03 Start.
2016-12-23 10:16:04 [ERROR-1006]:测试用例运行结果统计模块引发的异常.'WARNING'
2016-12-23 10:16:18 [ERROR-1006]:测试用例运行结果统计模块引发的异常.'WARNING'
2016-12-23 10:17:10 [ERROR-1006]:测试用例运行结果统计模块引发的异常.'WARNING'
2016-12-23 10:17:12 [ERROR-1006]:测试用例运行结果统计模块引发的异常.'WARNING'
2016-12-23 10:18:03 [ERROR-1006]:测试用例运行结果统计模块引发的异常.'WARNING'
2016-12-23 10:18:05 [ERROR-1006]:测试用例运行结果统计模块引发的异常.'WARNING'
2016-12-23 10:18:57 [ERROR-1006]:测试用例运行结果统计模块引发的异常.'WARNING'
2016-12-23 10:18:58 [ERROR-1006]:测试用例运行结果统计模块引发的异常.'WARNING'
2016-12-23 10:19:50 [ERROR-1006]:测试用例运行结果统计模块引发的异常.'WARNING'
2016-12-23 10:19:51 [ERROR-1006]:测试用例运行结果统计模块引发的异常.'WARNING'
2016-12-23 10:20:43 [ERROR-1006]:测试用例运行结果统计模块引发的异常.'WARNING'
2016-12-23 10:20:44 [ERROR-1006]:测试用例运行结果统计模块引发的异常.'WARNING'
2016-12-23 10:21:36 [ERROR-1006]:测试用例运行结果统计模块引发的异常.'WARNING'
2016-12-23 10:21:37 [ERROR-1006]:测试用例运行结果统计模块引发的异常.'WARNING'
2016-12-23 10:22:29 [ERROR-1006]:测试用例运行结果统计模块引发的异常.'WARNING'
2016-12-23 10:22:30 [ERROR-1006]:测试用例运行结果统计模块引发的异常.'WARNING'
2016-12-23 10:22:43 [ERROR-1006]:测试用例运行结果统计模块引发的异常.'WARNING'
2016-12-23 10:22:57 [ERROR-1006]:测试用例运行结果统计模块引发的异常.'WARNING'
2016-12-23 10:23:49 [ERROR-1006]:测试用例运行结果统计模块引发的异常.'WARNING'
2016-12-23 10:23:51 [ERROR-1006]:测试用例运行结果统计模块引发的异常.'WARNING'
2016-12-23 10:24:42 [ERROR-1006]:测试用例运行结果统计模块引发的异常.'WARNING'
2016-12-23 10:24:44 [ERROR-1006]:测试用例运行结果统计模块引发的异常.'WARNING'
2016-12-23 10:25:36 [ERROR-1006]:测试用例运行结果统计模块引发的异常.'WARNING'
2016-12-23 10:25:38 [ERROR-1006]:测试用例运行结果统计模块引发的异常.'WARNING'
2016-12-23 10:26:30 [ERROR-1006]:测试用例运行结果统计模块引发的异常.'WARNING'
2016-12-23 10:26:31 [ERROR-1006]:测试用例运行结果统计模块引发的异常.'WARNING'
2016-12-23 10:27:23 [ERROR-1006]:测试用例运行结果统计模块引发的异常.'WARNING'
2016-12-23 10:27:24 [ERROR-1006]:测试用例运行结果统计模块引发的异常.'WARNING'
2016-12-23 10:28:16 [ERROR-1006]:测试用例运行结果统计模块引发的异常.'WARNING'
2016-12-23 10:28:17 [ERROR-1006]:测试用例运行结果统计模块引发的异常.'WARNING'
2016-12-23 10:29:09 [ERROR-1006]:测试用例运行结果统计模块引发的异常.'WARNING'
2016-12-23 10:29:10 [ERROR-1006]:测试用例运行结果统计模块引发的异常.'WARNING'
2016-12-23 10:30:02 [ERROR-1006]:测试用例运行结果统计模块引发的异常.'WARNING'
2016-12-23 10:30:03 [ERROR-1006]:测试用例运行结果统计模块引发的异常.'WARNING'
2016-12-23 10:30:55 [ERROR-1006]:测试用例运行结果统计模块引发的异常.'WARNING'
2016-12-23 10:30:57 [ERROR-1006]:测试用例运行结果统计模块引发的异常.'WARNING'
2016-12-23 10:31:48 [ERROR-1006]:测试用例运行结果统计模块引发的异常.'WARNING'
2016-12-23 10:31:50 [ERROR-1006]:测试用例运行结果统计模块引发的异常.'WARNING'
2016-12-23 10:32:41 [ERROR-1006]:测试用例运行结果统计模块引发的异常.'WARNING'
2016-12-23 10:32:42 [ERROR-1006]:测试用例运行结果统计模块引发的异常.'WARNING'
2016-12-23 10:33:34 [ERROR-1006]:测试用例运行结果统计模块引发的异常.'WARNING'
2016-12-23 10:33:35 [ERROR-1006]:测试用例运行结果统计模块引发的异常.'WARNING'
2016-12-23 10:34:27 [ERROR-1006]:测试用例运行结果统计模块引发的异常.'WARNING'
2016-12-23 10:34:28 [ERROR-1006]:测试用例运行结果统计模块引发的异常.'WARNING'
2016-12-23 10:42:15 [ERROR-1006]:测试用例运行结果统计模块引发的异常.'WARNING'
2016-12-23 10:42:45 [ERROR-1006]:测试用例运行结果统计模块引发的异常.'WARNING'
2016-12-23 10:43:53 [ERROR-1006]:测试用例运行结果统计模块引发的异常.'WARNING'
2016-12-23 10:48:19 [ERROR-1006]:测试用例运行结果统计模块引发的异常.'WARNING'
2016-12-23 10:48:45 [ERROR-1006]:测试用例运行结果统计模块引发的异常.'WARNING'
2016-12-23 10:48:59 [ERROR-1006]:测试用例运行结果统计模块引发的异常.'WARNING'
2016-12-23 10:49:51 [ERROR-1006]:测试用例运行结果统计模块引发的异常.'WARNING'
2016-12-23 10:49:52 [ERROR-1006]:测试用例运行结果统计模块引发的异常.'WARNING'
2016-12-23 10:50:44 [ERROR-1006]:测试用例运行结果统计模块引发的异常.'WARNING'
2016-12-23 10:50:45 [ERROR-1006]:测试用例运行结果统计模块引发的异常.'WARNING'
2016-12-23 10:51:37 [ERROR-1006]:测试用例运行结果统计模块引发的异常.'WARNING'
2016-12-23 10:51:38 [ERROR-1006]:测试用例运行结果统计模块引发的异常.'WARNING'
2016-12-23 10:52:30 [ERROR-1006]:测试用例运行结果统计模块引发的异常.'WARNING'
2016-12-23 10:52:31 [ERROR-1006]:测试用例运行结果统计模块引发的异常.'WARNING'
2016-12-23 10:53:23 [ERROR-1006]:测试用例运行结果统计模块引发的异常.'WARNING'
2016-12-23 10:53:24 [ERROR-1006]:测试用例运行结果统计模块引发的异常.'WARNING'
2016-12-23 10:54:16 [ERROR-1006]:测试用例运行结果统计模块引发的异常.'WARNING'
2016-12-23 10:54:17 [ERROR-1006]:测试用例运行结果统计模块引发的异常.'WARNING'
2016-12-23 10:55:09 [ERROR-1006]:测试用例运行结果统计模块引发的异常.'WARNING'
2016-12-23 10:55:11 [ERROR-1006]:测试用例运行结果统计模块引发的异常.'WARNING'
2016-12-23 10:55:24 [ERROR-1006]:测试用例运行结果统计模块引发的异常.'WARNING'
2016-12-23 10:55:39 [ERROR-1006]:测试用例运行结果统计模块引发的异常.'WARNING'
2016-12-23 10:55:45 End.
2016-12-23 10:55:45 程序结束.前端2.xml

2016-12-23 11:18:13 程序启动.前端2.xml
2016-12-23 11:18:14 Start.
2016-12-23 11:32:12 [ERROR-1006]:测试用例运行结果统计模块引发的异常.'WARNING'
2016-12-23 11:36:48 [ERROR-1006]:测试用例运行结果统计模块引发的异常.'WARNING'
2016-12-23 11:37:50 End.
2016-12-23 11:37:50 程序结束.前端2.xml

2016-12-23 15:01:31 程序启动.前端2.xml
2016-12-23 15:01:33 Start.
2016-12-23 15:11:38 [ERROR-1006]:测试用例运行结果统计模块引发的异常.'WARNING'
2016-12-23 15:18:05 End.
2016-12-23 15:18:05 程序结束.前端2.xml

2016-12-23 15:48:32 程序启动.前端2.xml
2016-12-23 15:48:33 Start.
2016-12-23 15:59:45 [ERROR-1006]:测试用例运行结果统计模块引发的异常.'WARNING'
2016-12-23 16:05:47 End.
2016-12-23 16:05:47 程序结束.前端2.xml

2017-01-03 16:43:30 程序启动.前端2.xml
2017-01-03 16:43:32 Start.
2017-01-03 16:46:40 [ERROR-1006]:测试用例运行结果统计模块引发的异常.'WARNING'
2017-01-03 16:48:03 [ERROR-1006]:测试用例运行结果统计模块引发的异常.'WARNING'
2017-01-03 16:52:52 End.
2017-01-03 16:52:52 程序结束.前端2.xml

