2016-12-14 17:44:27 程序启动.系统日志.xml
2016-12-14 17:44:27 Start.
2016-12-14 17:46:19 [ERROR-1006]:测试用例运行结果统计模块引发的异常.'WARNING'
2016-12-14 17:47:46 End.
2016-12-14 17:47:46 程序结束.系统日志.xml

2016-12-16 15:33:44 程序启动.系统日志.xml
2016-12-16 15:33:45 Start.
2016-12-16 15:35:16 [ERROR-1006]:测试用例运行结果统计模块引发的异常.'WARNING'
2016-12-16 15:36:06 [ERROR-1006]:测试用例运行结果统计模块引发的异常.'WARNING'
2016-12-16 15:36:31 End.
2016-12-16 15:36:31 程序结束.系统日志.xml

2016-12-30 14:11:33 程序启动.系统日志.xml
2016-12-30 14:11:34 Start.
2016-12-30 14:40:42 End.
2016-12-30 14:40:42 程序结束.系统日志.xml

2017-01-03 15:33:46 程序启动.系统日志.xml
2017-01-03 15:33:47 Start.
2017-01-03 15:35:20 [ERROR-1006]:测试用例运行结果统计模块引发的异常.'WARNING'
2017-01-03 15:36:11 [ERROR-1006]:测试用例运行结果统计模块引发的异常.'WARNING'
2017-01-03 15:36:35 End.
2017-01-03 15:36:35 程序结束.系统日志.xml

