[2017-02-16 09:05:11] local.INFO: G:\PHP\wamp\Apache24\htdocs\testworm\public\fonts\MSYHBD.TTF  
[2017-02-16 09:05:42] local.ERROR: exception 'PDOException' with message 'SQLSTATE[HY000] [1045] Access denied for user 'root'@'localhost' (using password: YES)' in G:\PHP\wamp\Apache24\htdocs\testworm\vendor\laravel\framework\src\Illuminate\Database\Connectors\Connector.php:47
Stack trace:
#0 G:\PHP\wamp\Apache24\htdocs\testworm\vendor\laravel\framework\src\Illuminate\Database\Connectors\Connector.php(47): PDO->__construct('mysql:host=loca...', 'root', 'wormtest*999', Array)
#1 G:\PHP\wamp\Apache24\htdocs\testworm\vendor\laravel\framework\src\Illuminate\Database\Connectors\MySqlConnector.php(20): Illuminate\Database\Connectors\Connector->createConnection('mysql:host=loca...', Array, Array)
#2 G:\PHP\wamp\Apache24\htdocs\testworm\vendor\laravel\framework\src\Illuminate\Database\Connectors\ConnectionFactory.php(58): Illuminate\Database\Connectors\MySqlConnector->connect(Array)
#3 G:\PHP\wamp\Apache24\htdocs\testworm\vendor\laravel\framework\src\Illuminate\Database\Connectors\ConnectionFactory.php(47): Illuminate\Database\Connectors\ConnectionFactory->createSingleConnection(Array)
#4 G:\PHP\wamp\Apache24\htdocs\testworm\vendor\laravel\framework\src\Illuminate\Database\DatabaseManager.php(177): Illuminate\Database\Connectors\ConnectionFactory->make(Array, 'mysql')
#5 G:\PHP\wamp\Apache24\htdocs\testworm\vendor\laravel\framework\src\Illuminate\Database\DatabaseManager.php(65): Illuminate\Database\DatabaseManager->makeConnection('mysql')
#6 G:\PHP\wamp\Apache24\htdocs\testworm\vendor\laravel\framework\src\Illuminate\Database\Eloquent\Model.php(3134): Illuminate\Database\DatabaseManager->connection(NULL)
#7 G:\PHP\wamp\Apache24\htdocs\testworm\vendor\laravel\framework\src\Illuminate\Database\Eloquent\Model.php(3100): Illuminate\Database\Eloquent\Model::resolveConnection(NULL)
#8 G:\PHP\wamp\Apache24\htdocs\testworm\vendor\laravel\framework\src\Illuminate\Database\Eloquent\Model.php(1895): Illuminate\Database\Eloquent\Model->getConnection()
#9 G:\PHP\wamp\Apache24\htdocs\testworm\vendor\laravel\framework\src\Illuminate\Database\Eloquent\Model.php(1836): Illuminate\Database\Eloquent\Model->newBaseQueryBuilder()
#10 G:\PHP\wamp\Apache24\htdocs\testworm\vendor\laravel\framework\src\Illuminate\Database\Eloquent\Model.php(1810): Illuminate\Database\Eloquent\Model->newQueryWithoutScopes()
#11 G:\PHP\wamp\Apache24\htdocs\testworm\vendor\laravel\framework\src\Illuminate\Auth\EloquentUserProvider.php(89): Illuminate\Database\Eloquent\Model->newQuery()
#12 G:\PHP\wamp\Apache24\htdocs\testworm\vendor\laravel\framework\src\Illuminate\Auth\Guard.php(359): Illuminate\Auth\EloquentUserProvider->retrieveByCredentials(Array)
#13 G:\PHP\wamp\Apache24\htdocs\testworm\app\Http\Controllers\Auth\AuthController.php(152): Illuminate\Auth\Guard->attempt(Array, false)
#14 [internal function]: App\Http\Controllers\Auth\AuthController->postLogin(Object(Illuminate\Http\Request))
#15 G:\PHP\wamp\Apache24\htdocs\testworm\vendor\laravel\framework\src\Illuminate\Routing\Controller.php(246): call_user_func_array(Array, Array)
#16 G:\PHP\wamp\Apache24\htdocs\testworm\vendor\laravel\framework\src\Illuminate\Routing\ControllerDispatcher.php(162): Illuminate\Routing\Controller->callAction('postLogin', Array)
#17 G:\PHP\wamp\Apache24\htdocs\testworm\vendor\laravel\framework\src\Illuminate\Routing\ControllerDispatcher.php(107): Illuminate\Routing\ControllerDispatcher->call(Object(App\Http\Controllers\Auth\AuthController), Object(Illuminate\Routing\Route), 'postLogin')
#18 [internal function]: Illuminate\Routing\ControllerDispatcher->Illuminate\Routing\{closure}(Object(Illuminate\Http\Request))
#19 G:\PHP\wamp\Apache24\htdocs\testworm\vendor\laravel\framework\src\Illuminate\Pipeline\Pipeline.php(141): call_user_func(Object(Closure), Object(Illuminate\Http\Request))
#20 G:\PHP\wamp\Apache24\htdocs\testworm\app\Http\Middleware\RedirectIfAuthenticated.php(41): Illuminate\Pipeline\Pipeline->Illuminate\Pipeline\{closure}(Object(Illuminate\Http\Request))
#21 G:\PHP\wamp\Apache24\htdocs\testworm\vendor\laravel\framework\src\Illuminate\Pipeline\Pipeline.php(125): App\Http\Middleware\RedirectIfAuthenticated->handle(Object(Illuminate\Http\Request), Object(Closure))
#22 [internal function]: Illuminate\Pipeline\Pipeline->Illuminate\Pipeline\{closure}(Object(Illuminate\Http\Request))
#23 G:\PHP\wamp\Apache24\htdocs\testworm\vendor\laravel\framework\src\Illuminate\Pipeline\Pipeline.php(101): call_user_func(Object(Closure), Object(Illuminate\Http\Request))
#24 G:\PHP\wamp\Apache24\htdocs\testworm\vendor\laravel\framework\src\Illuminate\Routing\ControllerDispatcher.php(108): Illuminate\Pipeline\Pipeline->then(Object(Closure))
#25 G:\PHP\wamp\Apache24\htdocs\testworm\vendor\laravel\framework\src\Illuminate\Routing\ControllerDispatcher.php(67): Illuminate\Routing\ControllerDispatcher->callWithinStack(Object(App\Http\Controllers\Auth\AuthController), Object(Illuminate\Routing\Route), Object(Illuminate\Http\Request), 'postLogin')
#26 G:\PHP\wamp\Apache24\htdocs\testworm\vendor\laravel\framework\src\Illuminate\Routing\Route.php(198): Illuminate\Routing\ControllerDispatcher->dispatch(Object(Illuminate\Routing\Route), Object(Illuminate\Http\Request), 'App\\Http\\Contro...', 'postLogin')
#27 G:\PHP\wamp\Apache24\htdocs\testworm\vendor\laravel\framework\src\Illuminate\Routing\Route.php(131): Illuminate\Routing\Route->runWithCustomDispatcher(Object(Illuminate\Http\Request))
#28 G:\PHP\wamp\Apache24\htdocs\testworm\vendor\laravel\framework\src\Illuminate\Routing\Router.php(691): Illuminate\Routing\Route->run(Object(Illuminate\Http\Request))
#29 [internal function]: Illuminate\Routing\Router->Illuminate\Routing\{closure}(Object(Illuminate\Http\Request))
#30 G:\PHP\wamp\Apache24\htdocs\testworm\vendor\laravel\framework\src\Illuminate\Pipeline\Pipeline.php(141): call_user_func(Object(Closure), Object(Illuminate\Http\Request))
#31 [internal function]: Illuminate\Pipeline\Pipeline->Illuminate\Pipeline\{closure}(Object(Illuminate\Http\Request))
#32 G:\PHP\wamp\Apache24\htdocs\testworm\vendor\laravel\framework\src\Illuminate\Pipeline\Pipeline.php(101): call_user_func(Object(Closure), Object(Illuminate\Http\Request))
#33 G:\PHP\wamp\Apache24\htdocs\testworm\vendor\laravel\framework\src\Illuminate\Routing\Router.php(693): Illuminate\Pipeline\Pipeline->then(Object(Closure))
#34 G:\PHP\wamp\Apache24\htdocs\testworm\vendor\laravel\framework\src\Illuminate\Routing\Router.php(660): Illuminate\Routing\Router->runRouteWithinStack(Object(Illuminate\Routing\Route), Object(Illuminate\Http\Request))
#35 G:\PHP\wamp\Apache24\htdocs\testworm\vendor\laravel\framework\src\Illuminate\Routing\Router.php(618): Illuminate\Routing\Router->dispatchToRoute(Object(Illuminate\Http\Request))
#36 G:\PHP\wamp\Apache24\htdocs\testworm\vendor\laravel\framework\src\Illuminate\Foundation\Http\Kernel.php(210): Illuminate\Routing\Router->dispatch(Object(Illuminate\Http\Request))
#37 [internal function]: Illuminate\Foundation\Http\Kernel->Illuminate\Foundation\Http\{closure}(Object(Illuminate\Http\Request))
#38 G:\PHP\wamp\Apache24\htdocs\testworm\vendor\laravel\framework\src\Illuminate\Pipeline\Pipeline.php(141): call_user_func(Object(Closure), Object(Illuminate\Http\Request))
#39 G:\PHP\wamp\Apache24\htdocs\testworm\app\Http\Middleware\SysLogger.php(24): Illuminate\Pipeline\Pipeline->Illuminate\Pipeline\{closure}(Object(Illuminate\Http\Request))
#40 G:\PHP\wamp\Apache24\htdocs\testworm\vendor\laravel\framework\src\Illuminate\Pipeline\Pipeline.php(125): App\Http\Middleware\SysLogger->handle(Object(Illuminate\Http\Request), Object(Closure))
#41 G:\PHP\wamp\Apache24\htdocs\testworm\vendor\laravel\framework\src\Illuminate\Foundation\Http\Middleware\VerifyCsrfToken.php(43): Illuminate\Pipeline\Pipeline->Illuminate\Pipeline\{closure}(Object(Illuminate\Http\Request))
#42 G:\PHP\wamp\Apache24\htdocs\testworm\app\Http\Middleware\VerifyCsrfToken.php(24): Illuminate\Foundation\Http\Middleware\VerifyCsrfToken->handle(Object(Illuminate\Http\Request), Object(Closure))
#43 G:\PHP\wamp\Apache24\htdocs\testworm\vendor\laravel\framework\src\Illuminate\Pipeline\Pipeline.php(125): App\Http\Middleware\VerifyCsrfToken->handle(Object(Illuminate\Http\Request), Object(Closure))
#44 G:\PHP\wamp\Apache24\htdocs\testworm\vendor\laravel\framework\src\Illuminate\View\Middleware\ShareErrorsFromSession.php(55): Illuminate\Pipeline\Pipeline->Illuminate\Pipeline\{closure}(Object(Illuminate\Http\Request))
#45 G:\PHP\wamp\Apache24\htdocs\testworm\vendor\laravel\framework\src\Illuminate\Pipeline\Pipeline.php(125): Illuminate\View\Middleware\ShareErrorsFromSession->handle(Object(Illuminate\Http\Request), Object(Closure))
#46 G:\PHP\wamp\Apache24\htdocs\testworm\vendor\laravel\framework\src\Illuminate\Session\Middleware\StartSession.php(61): Illuminate\Pipeline\Pipeline->Illuminate\Pipeline\{closure}(Object(Illuminate\Http\Request))
#47 G:\PHP\wamp\Apache24\htdocs\testworm\vendor\laravel\framework\src\Illuminate\Pipeline\Pipeline.php(125): Illuminate\Session\Middleware\StartSession->handle(Object(Illuminate\Http\Request), Object(Closure))
#48 G:\PHP\wamp\Apache24\htdocs\testworm\vendor\laravel\framework\src\Illuminate\Cookie\Middleware\AddQueuedCookiesToResponse.php(36): Illuminate\Pipeline\Pipeline->Illuminate\Pipeline\{closure}(Object(Illuminate\Http\Request))
#49 G:\PHP\wamp\Apache24\htdocs\testworm\vendor\laravel\framework\src\Illuminate\Pipeline\Pipeline.php(125): Illuminate\Cookie\Middleware\AddQueuedCookiesToResponse->handle(Object(Illuminate\Http\Request), Object(Closure))
#50 G:\PHP\wamp\Apache24\htdocs\testworm\vendor\laravel\framework\src\Illuminate\Cookie\Middleware\EncryptCookies.php(40): Illuminate\Pipeline\Pipeline->Illuminate\Pipeline\{closure}(Object(Illuminate\Http\Request))
#51 G:\PHP\wamp\Apache24\htdocs\testworm\vendor\laravel\framework\src\Illuminate\Pipeline\Pipeline.php(125): Illuminate\Cookie\Middleware\EncryptCookies->handle(Object(Illuminate\Http\Request), Object(Closure))
#52 G:\PHP\wamp\Apache24\htdocs\testworm\vendor\laravel\framework\src\Illuminate\Foundation\Http\Middleware\CheckForMaintenanceMode.php(42): Illuminate\Pipeline\Pipeline->Illuminate\Pipeline\{closure}(Object(Illuminate\Http\Request))
#53 G:\PHP\wamp\Apache24\htdocs\testworm\vendor\laravel\framework\src\Illuminate\Pipeline\Pipeline.php(125): Illuminate\Foundation\Http\Middleware\CheckForMaintenanceMode->handle(Object(Illuminate\Http\Request), Object(Closure))
#54 [internal function]: Illuminate\Pipeline\Pipeline->Illuminate\Pipeline\{closure}(Object(Illuminate\Http\Request))
#55 G:\PHP\wamp\Apache24\htdocs\testworm\vendor\laravel\framework\src\Illuminate\Pipeline\Pipeline.php(101): call_user_func(Object(Closure), Object(Illuminate\Http\Request))
#56 G:\PHP\wamp\Apache24\htdocs\testworm\vendor\laravel\framework\src\Illuminate\Foundation\Http\Kernel.php(111): Illuminate\Pipeline\Pipeline->then(Object(Closure))
#57 G:\PHP\wamp\Apache24\htdocs\testworm\vendor\laravel\framework\src\Illuminate\Foundation\Http\Kernel.php(84): Illuminate\Foundation\Http\Kernel->sendRequestThroughRouter(Object(Illuminate\Http\Request))
#58 G:\PHP\wamp\Apache24\htdocs\testworm\public\index.php(53): Illuminate\Foundation\Http\Kernel->handle(Object(Illuminate\Http\Request))
#59 {main}  
[2017-02-16 09:05:43] local.INFO: G:\PHP\wamp\Apache24\htdocs\testworm\public\fonts\MSYHBD.TTF  
[2017-02-16 09:13:19] local.INFO: G:\PHP\wamp\Apache24\htdocs\testworm\public\fonts\MSYHBD.TTF  
[2017-02-16 09:13:23] local.ERROR: exception 'PDOException' with message 'SQLSTATE[HY000] [1045] Access denied for user 'root'@'localhost' (using password: YES)' in G:\PHP\wamp\Apache24\htdocs\testworm\vendor\laravel\framework\src\Illuminate\Database\Connectors\Connector.php:47
Stack trace:
#0 G:\PHP\wamp\Apache24\htdocs\testworm\vendor\laravel\framework\src\Illuminate\Database\Connectors\Connector.php(47): PDO->__construct('mysql:host=loca...', 'root', 'wormtest*999', Array)
#1 G:\PHP\wamp\Apache24\htdocs\testworm\vendor\laravel\framework\src\Illuminate\Database\Connectors\MySqlConnector.php(20): Illuminate\Database\Connectors\Connector->createConnection('mysql:host=loca...', Array, Array)
#2 G:\PHP\wamp\Apache24\htdocs\testworm\vendor\laravel\framework\src\Illuminate\Database\Connectors\ConnectionFactory.php(58): Illuminate\Database\Connectors\MySqlConnector->connect(Array)
#3 G:\PHP\wamp\Apache24\htdocs\testworm\vendor\laravel\framework\src\Illuminate\Database\Connectors\ConnectionFactory.php(47): Illuminate\Database\Connectors\ConnectionFactory->createSingleConnection(Array)
#4 G:\PHP\wamp\Apache24\htdocs\testworm\vendor\laravel\framework\src\Illuminate\Database\DatabaseManager.php(177): Illuminate\Database\Connectors\ConnectionFactory->make(Array, 'mysql')
#5 G:\PHP\wamp\Apache24\htdocs\testworm\vendor\laravel\framework\src\Illuminate\Database\DatabaseManager.php(65): Illuminate\Database\DatabaseManager->makeConnection('mysql')
#6 G:\PHP\wamp\Apache24\htdocs\testworm\vendor\laravel\framework\src\Illuminate\Database\Eloquent\Model.php(3134): Illuminate\Database\DatabaseManager->connection(NULL)
#7 G:\PHP\wamp\Apache24\htdocs\testworm\vendor\laravel\framework\src\Illuminate\Database\Eloquent\Model.php(3100): Illuminate\Database\Eloquent\Model::resolveConnection(NULL)
#8 G:\PHP\wamp\Apache24\htdocs\testworm\vendor\laravel\framework\src\Illuminate\Database\Eloquent\Model.php(1895): Illuminate\Database\Eloquent\Model->getConnection()
#9 G:\PHP\wamp\Apache24\htdocs\testworm\vendor\laravel\framework\src\Illuminate\Database\Eloquent\Model.php(1836): Illuminate\Database\Eloquent\Model->newBaseQueryBuilder()
#10 G:\PHP\wamp\Apache24\htdocs\testworm\vendor\laravel\framework\src\Illuminate\Database\Eloquent\Model.php(1810): Illuminate\Database\Eloquent\Model->newQueryWithoutScopes()
#11 G:\PHP\wamp\Apache24\htdocs\testworm\vendor\laravel\framework\src\Illuminate\Auth\EloquentUserProvider.php(89): Illuminate\Database\Eloquent\Model->newQuery()
#12 G:\PHP\wamp\Apache24\htdocs\testworm\vendor\laravel\framework\src\Illuminate\Auth\Guard.php(359): Illuminate\Auth\EloquentUserProvider->retrieveByCredentials(Array)
#13 G:\PHP\wamp\Apache24\htdocs\testworm\app\Http\Controllers\Auth\AuthController.php(152): Illuminate\Auth\Guard->attempt(Array, false)
#14 [internal function]: App\Http\Controllers\Auth\AuthController->postLogin(Object(Illuminate\Http\Request))
#15 G:\PHP\wamp\Apache24\htdocs\testworm\vendor\laravel\framework\src\Illuminate\Routing\Controller.php(246): call_user_func_array(Array, Array)
#16 G:\PHP\wamp\Apache24\htdocs\testworm\vendor\laravel\framework\src\Illuminate\Routing\ControllerDispatcher.php(162): Illuminate\Routing\Controller->callAction('postLogin', Array)
#17 G:\PHP\wamp\Apache24\htdocs\testworm\vendor\laravel\framework\src\Illuminate\Routing\ControllerDispatcher.php(107): Illuminate\Routing\ControllerDispatcher->call(Object(App\Http\Controllers\Auth\AuthController), Object(Illuminate\Routing\Route), 'postLogin')
#18 [internal function]: Illuminate\Routing\ControllerDispatcher->Illuminate\Routing\{closure}(Object(Illuminate\Http\Request))
#19 G:\PHP\wamp\Apache24\htdocs\testworm\vendor\laravel\framework\src\Illuminate\Pipeline\Pipeline.php(141): call_user_func(Object(Closure), Object(Illuminate\Http\Request))
#20 G:\PHP\wamp\Apache24\htdocs\testworm\app\Http\Middleware\RedirectIfAuthenticated.php(41): Illuminate\Pipeline\Pipeline->Illuminate\Pipeline\{closure}(Object(Illuminate\Http\Request))
#21 G:\PHP\wamp\Apache24\htdocs\testworm\vendor\laravel\framework\src\Illuminate\Pipeline\Pipeline.php(125): App\Http\Middleware\RedirectIfAuthenticated->handle(Object(Illuminate\Http\Request), Object(Closure))
#22 [internal function]: Illuminate\Pipeline\Pipeline->Illuminate\Pipeline\{closure}(Object(Illuminate\Http\Request))
#23 G:\PHP\wamp\Apache24\htdocs\testworm\vendor\laravel\framework\src\Illuminate\Pipeline\Pipeline.php(101): call_user_func(Object(Closure), Object(Illuminate\Http\Request))
#24 G:\PHP\wamp\Apache24\htdocs\testworm\vendor\laravel\framework\src\Illuminate\Routing\ControllerDispatcher.php(108): Illuminate\Pipeline\Pipeline->then(Object(Closure))
#25 G:\PHP\wamp\Apache24\htdocs\testworm\vendor\laravel\framework\src\Illuminate\Routing\ControllerDispatcher.php(67): Illuminate\Routing\ControllerDispatcher->callWithinStack(Object(App\Http\Controllers\Auth\AuthController), Object(Illuminate\Routing\Route), Object(Illuminate\Http\Request), 'postLogin')
#26 G:\PHP\wamp\Apache24\htdocs\testworm\vendor\laravel\framework\src\Illuminate\Routing\Route.php(198): Illuminate\Routing\ControllerDispatcher->dispatch(Object(Illuminate\Routing\Route), Object(Illuminate\Http\Request), 'App\\Http\\Contro...', 'postLogin')
#27 G:\PHP\wamp\Apache24\htdocs\testworm\vendor\laravel\framework\src\Illuminate\Routing\Route.php(131): Illuminate\Routing\Route->runWithCustomDispatcher(Object(Illuminate\Http\Request))
#28 G:\PHP\wamp\Apache24\htdocs\testworm\vendor\laravel\framework\src\Illuminate\Routing\Router.php(691): Illuminate\Routing\Route->run(Object(Illuminate\Http\Request))
#29 [internal function]: Illuminate\Routing\Router->Illuminate\Routing\{closure}(Object(Illuminate\Http\Request))
#30 G:\PHP\wamp\Apache24\htdocs\testworm\vendor\laravel\framework\src\Illuminate\Pipeline\Pipeline.php(141): call_user_func(Object(Closure), Object(Illuminate\Http\Request))
#31 [internal function]: Illuminate\Pipeline\Pipeline->Illuminate\Pipeline\{closure}(Object(Illuminate\Http\Request))
#32 G:\PHP\wamp\Apache24\htdocs\testworm\vendor\laravel\framework\src\Illuminate\Pipeline\Pipeline.php(101): call_user_func(Object(Closure), Object(Illuminate\Http\Request))
#33 G:\PHP\wamp\Apache24\htdocs\testworm\vendor\laravel\framework\src\Illuminate\Routing\Router.php(693): Illuminate\Pipeline\Pipeline->then(Object(Closure))
#34 G:\PHP\wamp\Apache24\htdocs\testworm\vendor\laravel\framework\src\Illuminate\Routing\Router.php(660): Illuminate\Routing\Router->runRouteWithinStack(Object(Illuminate\Routing\Route), Object(Illuminate\Http\Request))
#35 G:\PHP\wamp\Apache24\htdocs\testworm\vendor\laravel\framework\src\Illuminate\Routing\Router.php(618): Illuminate\Routing\Router->dispatchToRoute(Object(Illuminate\Http\Request))
#36 G:\PHP\wamp\Apache24\htdocs\testworm\vendor\laravel\framework\src\Illuminate\Foundation\Http\Kernel.php(210): Illuminate\Routing\Router->dispatch(Object(Illuminate\Http\Request))
#37 [internal function]: Illuminate\Foundation\Http\Kernel->Illuminate\Foundation\Http\{closure}(Object(Illuminate\Http\Request))
#38 G:\PHP\wamp\Apache24\htdocs\testworm\vendor\laravel\framework\src\Illuminate\Pipeline\Pipeline.php(141): call_user_func(Object(Closure), Object(Illuminate\Http\Request))
#39 G:\PHP\wamp\Apache24\htdocs\testworm\app\Http\Middleware\SysLogger.php(24): Illuminate\Pipeline\Pipeline->Illuminate\Pipeline\{closure}(Object(Illuminate\Http\Request))
#40 G:\PHP\wamp\Apache24\htdocs\testworm\vendor\laravel\framework\src\Illuminate\Pipeline\Pipeline.php(125): App\Http\Middleware\SysLogger->handle(Object(Illuminate\Http\Request), Object(Closure))
#41 G:\PHP\wamp\Apache24\htdocs\testworm\vendor\laravel\framework\src\Illuminate\Foundation\Http\Middleware\VerifyCsrfToken.php(43): Illuminate\Pipeline\Pipeline->Illuminate\Pipeline\{closure}(Object(Illuminate\Http\Request))
#42 G:\PHP\wamp\Apache24\htdocs\testworm\app\Http\Middleware\VerifyCsrfToken.php(24): Illuminate\Foundation\Http\Middleware\VerifyCsrfToken->handle(Object(Illuminate\Http\Request), Object(Closure))
#43 G:\PHP\wamp\Apache24\htdocs\testworm\vendor\laravel\framework\src\Illuminate\Pipeline\Pipeline.php(125): App\Http\Middleware\VerifyCsrfToken->handle(Object(Illuminate\Http\Request), Object(Closure))
#44 G:\PHP\wamp\Apache24\htdocs\testworm\vendor\laravel\framework\src\Illuminate\View\Middleware\ShareErrorsFromSession.php(55): Illuminate\Pipeline\Pipeline->Illuminate\Pipeline\{closure}(Object(Illuminate\Http\Request))
#45 G:\PHP\wamp\Apache24\htdocs\testworm\vendor\laravel\framework\src\Illuminate\Pipeline\Pipeline.php(125): Illuminate\View\Middleware\ShareErrorsFromSession->handle(Object(Illuminate\Http\Request), Object(Closure))
#46 G:\PHP\wamp\Apache24\htdocs\testworm\vendor\laravel\framework\src\Illuminate\Session\Middleware\StartSession.php(61): Illuminate\Pipeline\Pipeline->Illuminate\Pipeline\{closure}(Object(Illuminate\Http\Request))
#47 G:\PHP\wamp\Apache24\htdocs\testworm\vendor\laravel\framework\src\Illuminate\Pipeline\Pipeline.php(125): Illuminate\Session\Middleware\StartSession->handle(Object(Illuminate\Http\Request), Object(Closure))
#48 G:\PHP\wamp\Apache24\htdocs\testworm\vendor\laravel\framework\src\Illuminate\Cookie\Middleware\AddQueuedCookiesToResponse.php(36): Illuminate\Pipeline\Pipeline->Illuminate\Pipeline\{closure}(Object(Illuminate\Http\Request))
#49 G:\PHP\wamp\Apache24\htdocs\testworm\vendor\laravel\framework\src\Illuminate\Pipeline\Pipeline.php(125): Illuminate\Cookie\Middleware\AddQueuedCookiesToResponse->handle(Object(Illuminate\Http\Request), Object(Closure))
#50 G:\PHP\wamp\Apache24\htdocs\testworm\vendor\laravel\framework\src\Illuminate\Cookie\Middleware\EncryptCookies.php(40): Illuminate\Pipeline\Pipeline->Illuminate\Pipeline\{closure}(Object(Illuminate\Http\Request))
#51 G:\PHP\wamp\Apache24\htdocs\testworm\vendor\laravel\framework\src\Illuminate\Pipeline\Pipeline.php(125): Illuminate\Cookie\Middleware\EncryptCookies->handle(Object(Illuminate\Http\Request), Object(Closure))
#52 G:\PHP\wamp\Apache24\htdocs\testworm\vendor\laravel\framework\src\Illuminate\Foundation\Http\Middleware\CheckForMaintenanceMode.php(42): Illuminate\Pipeline\Pipeline->Illuminate\Pipeline\{closure}(Object(Illuminate\Http\Request))
#53 G:\PHP\wamp\Apache24\htdocs\testworm\vendor\laravel\framework\src\Illuminate\Pipeline\Pipeline.php(125): Illuminate\Foundation\Http\Middleware\CheckForMaintenanceMode->handle(Object(Illuminate\Http\Request), Object(Closure))
#54 [internal function]: Illuminate\Pipeline\Pipeline->Illuminate\Pipeline\{closure}(Object(Illuminate\Http\Request))
#55 G:\PHP\wamp\Apache24\htdocs\testworm\vendor\laravel\framework\src\Illuminate\Pipeline\Pipeline.php(101): call_user_func(Object(Closure), Object(Illuminate\Http\Request))
#56 G:\PHP\wamp\Apache24\htdocs\testworm\vendor\laravel\framework\src\Illuminate\Foundation\Http\Kernel.php(111): Illuminate\Pipeline\Pipeline->then(Object(Closure))
#57 G:\PHP\wamp\Apache24\htdocs\testworm\vendor\laravel\framework\src\Illuminate\Foundation\Http\Kernel.php(84): Illuminate\Foundation\Http\Kernel->sendRequestThroughRouter(Object(Illuminate\Http\Request))
#58 G:\PHP\wamp\Apache24\htdocs\testworm\public\index.php(53): Illuminate\Foundation\Http\Kernel->handle(Object(Illuminate\Http\Request))
#59 {main}  
[2017-02-16 09:13:23] local.INFO: G:\PHP\wamp\Apache24\htdocs\testworm\public\fonts\MSYHBD.TTF  
[2017-02-16 09:13:27] local.INFO: G:\PHP\wamp\Apache24\htdocs\testworm\public\fonts\MSYHBD.TTF  
[2017-02-16 18:32:42] local.ERROR: exception 'PDOException' with message 'SQLSTATE[42000]: Syntax error or access violation: 1067 Invalid default value for 'created_at'' in G:\PHP\wamp\Apache24\htdocs\testworm\vendor\laravel\framework\src\Illuminate\Database\Connection.php:358
Stack trace:
#0 G:\PHP\wamp\Apache24\htdocs\testworm\vendor\laravel\framework\src\Illuminate\Database\Connection.php(358): PDOStatement->execute(Array)
#1 G:\PHP\wamp\Apache24\htdocs\testworm\vendor\laravel\framework\src\Illuminate\Database\Connection.php(612): Illuminate\Database\Connection->Illuminate\Database\{closure}(Object(Illuminate\Database\MySqlConnection), 'create table `u...', Array)
#2 G:\PHP\wamp\Apache24\htdocs\testworm\vendor\laravel\framework\src\Illuminate\Database\Connection.php(576): Illuminate\Database\Connection->runQueryCallback('create table `u...', Array, Object(Closure))
#3 G:\PHP\wamp\Apache24\htdocs\testworm\vendor\laravel\framework\src\Illuminate\Database\Connection.php(359): Illuminate\Database\Connection->run('create table `u...', Array, Object(Closure))
#4 G:\PHP\wamp\Apache24\htdocs\testworm\vendor\laravel\framework\src\Illuminate\Database\Schema\Blueprint.php(63): Illuminate\Database\Connection->statement('create table `u...')
#5 G:\PHP\wamp\Apache24\htdocs\testworm\vendor\laravel\framework\src\Illuminate\Database\Schema\Builder.php(169): Illuminate\Database\Schema\Blueprint->build(Object(Illuminate\Database\MySqlConnection), Object(Illuminate\Database\Schema\Grammars\MySqlGrammar))
#6 G:\PHP\wamp\Apache24\htdocs\testworm\vendor\laravel\framework\src\Illuminate\Database\Schema\Builder.php(112): Illuminate\Database\Schema\Builder->build(Object(Illuminate\Database\Schema\Blueprint))
#7 G:\PHP\wamp\Apache24\htdocs\testworm\vendor\laravel\framework\src\Illuminate\Support\Facades\Facade.php(213): Illuminate\Database\Schema\Builder->create('users', Object(Closure))
#8 G:\PHP\wamp\Apache24\htdocs\testworm\database\migrations\2014_10_12_000000_create_users_table.php(16): Illuminate\Support\Facades\Facade::__callStatic('create', Array)
#9 G:\PHP\wamp\Apache24\htdocs\testworm\database\migrations\2014_10_12_000000_create_users_table.php(16): Illuminate\Support\Facades\Schema::create('users', Object(Closure))
#10 G:\PHP\wamp\Apache24\htdocs\testworm\vendor\laravel\framework\src\Illuminate\Database\Migrations\Migrator.php(135): CreateUsersTable->up()
#11 G:\PHP\wamp\Apache24\htdocs\testworm\vendor\laravel\framework\src\Illuminate\Database\Migrations\Migrator.php(111): Illuminate\Database\Migrations\Migrator->runUp('2014_10_12_0000...', 1, false)
#12 G:\PHP\wamp\Apache24\htdocs\testworm\vendor\laravel\framework\src\Illuminate\Database\Migrations\Migrator.php(82): Illuminate\Database\Migrations\Migrator->runMigrationList(Array, false)
#13 G:\PHP\wamp\Apache24\htdocs\testworm\vendor\laravel\framework\src\Illuminate\Database\Console\Migrations\MigrateCommand.php(73): Illuminate\Database\Migrations\Migrator->run('G:\\PHP\\wamp\\Apa...', false)
#14 [internal function]: Illuminate\Database\Console\Migrations\MigrateCommand->fire()
#15 G:\PHP\wamp\Apache24\htdocs\testworm\vendor\laravel\framework\src\Illuminate\Container\Container.php(523): call_user_func_array(Array, Array)
#16 G:\PHP\wamp\Apache24\htdocs\testworm\vendor\laravel\framework\src\Illuminate\Console\Command.php(115): Illuminate\Container\Container->call(Array)
#17 G:\PHP\wamp\Apache24\htdocs\testworm\vendor\symfony\console\Symfony\Component\Console\Command\Command.php(253): Illuminate\Console\Command->execute(Object(Symfony\Component\Console\Input\ArgvInput), Object(Symfony\Component\Console\Output\ConsoleOutput))
#18 G:\PHP\wamp\Apache24\htdocs\testworm\vendor\laravel\framework\src\Illuminate\Console\Command.php(101): Symfony\Component\Console\Command\Command->run(Object(Symfony\Component\Console\Input\ArgvInput), Object(Symfony\Component\Console\Output\ConsoleOutput))
#19 G:\PHP\wamp\Apache24\htdocs\testworm\vendor\symfony\console\Symfony\Component\Console\Application.php(874): Illuminate\Console\Command->run(Object(Symfony\Component\Console\Input\ArgvInput), Object(Symfony\Component\Console\Output\ConsoleOutput))
#20 G:\PHP\wamp\Apache24\htdocs\testworm\vendor\symfony\console\Symfony\Component\Console\Application.php(195): Symfony\Component\Console\Application->doRunCommand(Object(Illuminate\Database\Console\Migrations\MigrateCommand), Object(Symfony\Component\Console\Input\ArgvInput), Object(Symfony\Component\Console\Output\ConsoleOutput))
#21 G:\PHP\wamp\Apache24\htdocs\testworm\vendor\symfony\console\Symfony\Component\Console\Application.php(126): Symfony\Component\Console\Application->doRun(Object(Symfony\Component\Console\Input\ArgvInput), Object(Symfony\Component\Console\Output\ConsoleOutput))
#22 G:\PHP\wamp\Apache24\htdocs\testworm\vendor\laravel\framework\src\Illuminate\Foundation\Console\Kernel.php(90): Symfony\Component\Console\Application->run(Object(Symfony\Component\Console\Input\ArgvInput), Object(Symfony\Component\Console\Output\ConsoleOutput))
#23 G:\PHP\wamp\Apache24\htdocs\testworm\artisan(36): Illuminate\Foundation\Console\Kernel->handle(Object(Symfony\Component\Console\Input\ArgvInput), Object(Symfony\Component\Console\Output\ConsoleOutput))
#24 {main}

Next exception 'Illuminate\Database\QueryException' with message 'SQLSTATE[42000]: Syntax error or access violation: 1067 Invalid default value for 'created_at' (SQL: create table `users` (`id` int unsigned not null auto_increment primary key, `remember_token` varchar(100) null, `created_at` timestamp default 0 not null, `updated_at` timestamp default 0 not null) default character set utf8 collate utf8_general_ci)' in G:\PHP\wamp\Apache24\htdocs\testworm\vendor\laravel\framework\src\Illuminate\Database\Connection.php:620
Stack trace:
#0 G:\PHP\wamp\Apache24\htdocs\testworm\vendor\laravel\framework\src\Illuminate\Database\Connection.php(576): Illuminate\Database\Connection->runQueryCallback('create table `u...', Array, Object(Closure))
#1 G:\PHP\wamp\Apache24\htdocs\testworm\vendor\laravel\framework\src\Illuminate\Database\Connection.php(359): Illuminate\Database\Connection->run('create table `u...', Array, Object(Closure))
#2 G:\PHP\wamp\Apache24\htdocs\testworm\vendor\laravel\framework\src\Illuminate\Database\Schema\Blueprint.php(63): Illuminate\Database\Connection->statement('create table `u...')
#3 G:\PHP\wamp\Apache24\htdocs\testworm\vendor\laravel\framework\src\Illuminate\Database\Schema\Builder.php(169): Illuminate\Database\Schema\Blueprint->build(Object(Illuminate\Database\MySqlConnection), Object(Illuminate\Database\Schema\Grammars\MySqlGrammar))
#4 G:\PHP\wamp\Apache24\htdocs\testworm\vendor\laravel\framework\src\Illuminate\Database\Schema\Builder.php(112): Illuminate\Database\Schema\Builder->build(Object(Illuminate\Database\Schema\Blueprint))
#5 G:\PHP\wamp\Apache24\htdocs\testworm\vendor\laravel\framework\src\Illuminate\Support\Facades\Facade.php(213): Illuminate\Database\Schema\Builder->create('users', Object(Closure))
#6 G:\PHP\wamp\Apache24\htdocs\testworm\database\migrations\2014_10_12_000000_create_users_table.php(16): Illuminate\Support\Facades\Facade::__callStatic('create', Array)
#7 G:\PHP\wamp\Apache24\htdocs\testworm\database\migrations\2014_10_12_000000_create_users_table.php(16): Illuminate\Support\Facades\Schema::create('users', Object(Closure))
#8 G:\PHP\wamp\Apache24\htdocs\testworm\vendor\laravel\framework\src\Illuminate\Database\Migrations\Migrator.php(135): CreateUsersTable->up()
#9 G:\PHP\wamp\Apache24\htdocs\testworm\vendor\laravel\framework\src\Illuminate\Database\Migrations\Migrator.php(111): Illuminate\Database\Migrations\Migrator->runUp('2014_10_12_0000...', 1, false)
#10 G:\PHP\wamp\Apache24\htdocs\testworm\vendor\laravel\framework\src\Illuminate\Database\Migrations\Migrator.php(82): Illuminate\Database\Migrations\Migrator->runMigrationList(Array, false)
#11 G:\PHP\wamp\Apache24\htdocs\testworm\vendor\laravel\framework\src\Illuminate\Database\Console\Migrations\MigrateCommand.php(73): Illuminate\Database\Migrations\Migrator->run('G:\\PHP\\wamp\\Apa...', false)
#12 [internal function]: Illuminate\Database\Console\Migrations\MigrateCommand->fire()
#13 G:\PHP\wamp\Apache24\htdocs\testworm\vendor\laravel\framework\src\Illuminate\Container\Container.php(523): call_user_func_array(Array, Array)
#14 G:\PHP\wamp\Apache24\htdocs\testworm\vendor\laravel\framework\src\Illuminate\Console\Command.php(115): Illuminate\Container\Container->call(Array)
#15 G:\PHP\wamp\Apache24\htdocs\testworm\vendor\symfony\console\Symfony\Component\Console\Command\Command.php(253): Illuminate\Console\Command->execute(Object(Symfony\Component\Console\Input\ArgvInput), Object(Symfony\Component\Console\Output\ConsoleOutput))
#16 G:\PHP\wamp\Apache24\htdocs\testworm\vendor\laravel\framework\src\Illuminate\Console\Command.php(101): Symfony\Component\Console\Command\Command->run(Object(Symfony\Component\Console\Input\ArgvInput), Object(Symfony\Component\Console\Output\ConsoleOutput))
#17 G:\PHP\wamp\Apache24\htdocs\testworm\vendor\symfony\console\Symfony\Component\Console\Application.php(874): Illuminate\Console\Command->run(Object(Symfony\Component\Console\Input\ArgvInput), Object(Symfony\Component\Console\Output\ConsoleOutput))
#18 G:\PHP\wamp\Apache24\htdocs\testworm\vendor\symfony\console\Symfony\Component\Console\Application.php(195): Symfony\Component\Console\Application->doRunCommand(Object(Illuminate\Database\Console\Migrations\MigrateCommand), Object(Symfony\Component\Console\Input\ArgvInput), Object(Symfony\Component\Console\Output\ConsoleOutput))
#19 G:\PHP\wamp\Apache24\htdocs\testworm\vendor\symfony\console\Symfony\Component\Console\Application.php(126): Symfony\Component\Console\Application->doRun(Object(Symfony\Component\Console\Input\ArgvInput), Object(Symfony\Component\Console\Output\ConsoleOutput))
#20 G:\PHP\wamp\Apache24\htdocs\testworm\vendor\laravel\framework\src\Illuminate\Foundation\Console\Kernel.php(90): Symfony\Component\Console\Application->run(Object(Symfony\Component\Console\Input\ArgvInput), Object(Symfony\Component\Console\Output\ConsoleOutput))
#21 G:\PHP\wamp\Apache24\htdocs\testworm\artisan(36): Illuminate\Foundation\Console\Kernel->handle(Object(Symfony\Component\Console\Input\ArgvInput), Object(Symfony\Component\Console\Output\ConsoleOutput))
#22 {main}  
