[2017-02-24 14:19:43] local.INFO: G:\PHP\wamp\Apache24\htdocs\testworm\public\fonts\MSYHBD.TTF  
[2017-02-24 14:20:06] local.INFO: G:\PHP\wamp\Apache24\htdocs\testworm\public\fonts\MSYHBD.TTF  
[2017-02-24 14:20:32] local.INFO: G:\PHP\wamp\Apache24\htdocs\testworm\public\fonts\MSYHBD.TTF  
[2017-02-24 14:20:47] local.INFO: G:\PHP\wamp\Apache24\htdocs\testworm\public\fonts\MSYHBD.TTF  
[2017-02-24 14:24:21] local.INFO: G:\PHP\wamp\Apache24\htdocs\testworm\public\fonts\MSYHBD.TTF  
[2017-02-24 14:24:29] local.INFO: G:\PHP\wamp\Apache24\htdocs\testworm\public\fonts\MSYHBD.TTF  
[2017-02-24 14:25:34] local.INFO: G:\PHP\wamp\Apache24\htdocs\testworm\public\fonts\MSYHBD.TTF  
[2017-02-24 14:27:26] local.INFO: G:\PHP\wamp\Apache24\htdocs\testworm\public\fonts\MSYHBD.TTF  
[2017-02-24 14:27:32] local.ERROR: exception 'ErrorException' with message 'Creating default object from empty value' in G:\PHP\wamp\Apache24\htdocs\testworm\app\Http\Controllers\Auth\AuthController.php:200
Stack trace:
#0 G:\PHP\wamp\Apache24\htdocs\testworm\app\Http\Controllers\Auth\AuthController.php(200): Illuminate\Foundation\Bootstrap\HandleExceptions->handleError(2, 'Creating defaul...', 'G:\\PHP\\wamp\\Apa...', 200, Array)
#1 G:\PHP\wamp\Apache24\htdocs\testworm\app\Http\Controllers\Auth\AuthController.php(153): App\Http\Controllers\Auth\AuthController->setUserAuthSession()
#2 [internal function]: App\Http\Controllers\Auth\AuthController->postLogin(Object(Illuminate\Http\Request))
#3 G:\PHP\wamp\Apache24\htdocs\testworm\vendor\laravel\framework\src\Illuminate\Routing\Controller.php(246): call_user_func_array(Array, Array)
#4 G:\PHP\wamp\Apache24\htdocs\testworm\vendor\laravel\framework\src\Illuminate\Routing\ControllerDispatcher.php(162): Illuminate\Routing\Controller->callAction('postLogin', Array)
#5 G:\PHP\wamp\Apache24\htdocs\testworm\vendor\laravel\framework\src\Illuminate\Routing\ControllerDispatcher.php(107): Illuminate\Routing\ControllerDispatcher->call(Object(App\Http\Controllers\Auth\AuthController), Object(Illuminate\Routing\Route), 'postLogin')
#6 [internal function]: Illuminate\Routing\ControllerDispatcher->Illuminate\Routing\{closure}(Object(Illuminate\Http\Request))
#7 G:\PHP\wamp\Apache24\htdocs\testworm\vendor\laravel\framework\src\Illuminate\Pipeline\Pipeline.php(141): call_user_func(Object(Closure), Object(Illuminate\Http\Request))
#8 G:\PHP\wamp\Apache24\htdocs\testworm\app\Http\Middleware\RedirectIfAuthenticated.php(41): Illuminate\Pipeline\Pipeline->Illuminate\Pipeline\{closure}(Object(Illuminate\Http\Request))
#9 G:\PHP\wamp\Apache24\htdocs\testworm\vendor\laravel\framework\src\Illuminate\Pipeline\Pipeline.php(125): App\Http\Middleware\RedirectIfAuthenticated->handle(Object(Illuminate\Http\Request), Object(Closure))
#10 [internal function]: Illuminate\Pipeline\Pipeline->Illuminate\Pipeline\{closure}(Object(Illuminate\Http\Request))
#11 G:\PHP\wamp\Apache24\htdocs\testworm\vendor\laravel\framework\src\Illuminate\Pipeline\Pipeline.php(101): call_user_func(Object(Closure), Object(Illuminate\Http\Request))
#12 G:\PHP\wamp\Apache24\htdocs\testworm\vendor\laravel\framework\src\Illuminate\Routing\ControllerDispatcher.php(108): Illuminate\Pipeline\Pipeline->then(Object(Closure))
#13 G:\PHP\wamp\Apache24\htdocs\testworm\vendor\laravel\framework\src\Illuminate\Routing\ControllerDispatcher.php(67): Illuminate\Routing\ControllerDispatcher->callWithinStack(Object(App\Http\Controllers\Auth\AuthController), Object(Illuminate\Routing\Route), Object(Illuminate\Http\Request), 'postLogin')
#14 G:\PHP\wamp\Apache24\htdocs\testworm\vendor\laravel\framework\src\Illuminate\Routing\Route.php(198): Illuminate\Routing\ControllerDispatcher->dispatch(Object(Illuminate\Routing\Route), Object(Illuminate\Http\Request), 'App\\Http\\Contro...', 'postLogin')
#15 G:\PHP\wamp\Apache24\htdocs\testworm\vendor\laravel\framework\src\Illuminate\Routing\Route.php(131): Illuminate\Routing\Route->runWithCustomDispatcher(Object(Illuminate\Http\Request))
#16 G:\PHP\wamp\Apache24\htdocs\testworm\vendor\laravel\framework\src\Illuminate\Routing\Router.php(691): Illuminate\Routing\Route->run(Object(Illuminate\Http\Request))
#17 [internal function]: Illuminate\Routing\Router->Illuminate\Routing\{closure}(Object(Illuminate\Http\Request))
#18 G:\PHP\wamp\Apache24\htdocs\testworm\vendor\laravel\framework\src\Illuminate\Pipeline\Pipeline.php(141): call_user_func(Object(Closure), Object(Illuminate\Http\Request))
#19 [internal function]: Illuminate\Pipeline\Pipeline->Illuminate\Pipeline\{closure}(Object(Illuminate\Http\Request))
#20 G:\PHP\wamp\Apache24\htdocs\testworm\vendor\laravel\framework\src\Illuminate\Pipeline\Pipeline.php(101): call_user_func(Object(Closure), Object(Illuminate\Http\Request))
#21 G:\PHP\wamp\Apache24\htdocs\testworm\vendor\laravel\framework\src\Illuminate\Routing\Router.php(693): Illuminate\Pipeline\Pipeline->then(Object(Closure))
#22 G:\PHP\wamp\Apache24\htdocs\testworm\vendor\laravel\framework\src\Illuminate\Routing\Router.php(660): Illuminate\Routing\Router->runRouteWithinStack(Object(Illuminate\Routing\Route), Object(Illuminate\Http\Request))
#23 G:\PHP\wamp\Apache24\htdocs\testworm\vendor\laravel\framework\src\Illuminate\Routing\Router.php(618): Illuminate\Routing\Router->dispatchToRoute(Object(Illuminate\Http\Request))
#24 G:\PHP\wamp\Apache24\htdocs\testworm\vendor\laravel\framework\src\Illuminate\Foundation\Http\Kernel.php(210): Illuminate\Routing\Router->dispatch(Object(Illuminate\Http\Request))
#25 [internal function]: Illuminate\Foundation\Http\Kernel->Illuminate\Foundation\Http\{closure}(Object(Illuminate\Http\Request))
#26 G:\PHP\wamp\Apache24\htdocs\testworm\vendor\laravel\framework\src\Illuminate\Pipeline\Pipeline.php(141): call_user_func(Object(Closure), Object(Illuminate\Http\Request))
#27 G:\PHP\wamp\Apache24\htdocs\testworm\app\Http\Middleware\SysLogger.php(24): Illuminate\Pipeline\Pipeline->Illuminate\Pipeline\{closure}(Object(Illuminate\Http\Request))
#28 G:\PHP\wamp\Apache24\htdocs\testworm\vendor\laravel\framework\src\Illuminate\Pipeline\Pipeline.php(125): App\Http\Middleware\SysLogger->handle(Object(Illuminate\Http\Request), Object(Closure))
#29 G:\PHP\wamp\Apache24\htdocs\testworm\vendor\laravel\framework\src\Illuminate\Foundation\Http\Middleware\VerifyCsrfToken.php(43): Illuminate\Pipeline\Pipeline->Illuminate\Pipeline\{closure}(Object(Illuminate\Http\Request))
#30 G:\PHP\wamp\Apache24\htdocs\testworm\app\Http\Middleware\VerifyCsrfToken.php(24): Illuminate\Foundation\Http\Middleware\VerifyCsrfToken->handle(Object(Illuminate\Http\Request), Object(Closure))
#31 G:\PHP\wamp\Apache24\htdocs\testworm\vendor\laravel\framework\src\Illuminate\Pipeline\Pipeline.php(125): App\Http\Middleware\VerifyCsrfToken->handle(Object(Illuminate\Http\Request), Object(Closure))
#32 G:\PHP\wamp\Apache24\htdocs\testworm\vendor\laravel\framework\src\Illuminate\View\Middleware\ShareErrorsFromSession.php(55): Illuminate\Pipeline\Pipeline->Illuminate\Pipeline\{closure}(Object(Illuminate\Http\Request))
#33 G:\PHP\wamp\Apache24\htdocs\testworm\vendor\laravel\framework\src\Illuminate\Pipeline\Pipeline.php(125): Illuminate\View\Middleware\ShareErrorsFromSession->handle(Object(Illuminate\Http\Request), Object(Closure))
#34 G:\PHP\wamp\Apache24\htdocs\testworm\vendor\laravel\framework\src\Illuminate\Session\Middleware\StartSession.php(61): Illuminate\Pipeline\Pipeline->Illuminate\Pipeline\{closure}(Object(Illuminate\Http\Request))
#35 G:\PHP\wamp\Apache24\htdocs\testworm\vendor\laravel\framework\src\Illuminate\Pipeline\Pipeline.php(125): Illuminate\Session\Middleware\StartSession->handle(Object(Illuminate\Http\Request), Object(Closure))
#36 G:\PHP\wamp\Apache24\htdocs\testworm\vendor\laravel\framework\src\Illuminate\Cookie\Middleware\AddQueuedCookiesToResponse.php(36): Illuminate\Pipeline\Pipeline->Illuminate\Pipeline\{closure}(Object(Illuminate\Http\Request))
#37 G:\PHP\wamp\Apache24\htdocs\testworm\vendor\laravel\framework\src\Illuminate\Pipeline\Pipeline.php(125): Illuminate\Cookie\Middleware\AddQueuedCookiesToResponse->handle(Object(Illuminate\Http\Request), Object(Closure))
#38 G:\PHP\wamp\Apache24\htdocs\testworm\vendor\laravel\framework\src\Illuminate\Cookie\Middleware\EncryptCookies.php(40): Illuminate\Pipeline\Pipeline->Illuminate\Pipeline\{closure}(Object(Illuminate\Http\Request))
#39 G:\PHP\wamp\Apache24\htdocs\testworm\vendor\laravel\framework\src\Illuminate\Pipeline\Pipeline.php(125): Illuminate\Cookie\Middleware\EncryptCookies->handle(Object(Illuminate\Http\Request), Object(Closure))
#40 G:\PHP\wamp\Apache24\htdocs\testworm\vendor\laravel\framework\src\Illuminate\Foundation\Http\Middleware\CheckForMaintenanceMode.php(42): Illuminate\Pipeline\Pipeline->Illuminate\Pipeline\{closure}(Object(Illuminate\Http\Request))
#41 G:\PHP\wamp\Apache24\htdocs\testworm\vendor\laravel\framework\src\Illuminate\Pipeline\Pipeline.php(125): Illuminate\Foundation\Http\Middleware\CheckForMaintenanceMode->handle(Object(Illuminate\Http\Request), Object(Closure))
#42 [internal function]: Illuminate\Pipeline\Pipeline->Illuminate\Pipeline\{closure}(Object(Illuminate\Http\Request))
#43 G:\PHP\wamp\Apache24\htdocs\testworm\vendor\laravel\framework\src\Illuminate\Pipeline\Pipeline.php(101): call_user_func(Object(Closure), Object(Illuminate\Http\Request))
#44 G:\PHP\wamp\Apache24\htdocs\testworm\vendor\laravel\framework\src\Illuminate\Foundation\Http\Kernel.php(111): Illuminate\Pipeline\Pipeline->then(Object(Closure))
#45 G:\PHP\wamp\Apache24\htdocs\testworm\vendor\laravel\framework\src\Illuminate\Foundation\Http\Kernel.php(84): Illuminate\Foundation\Http\Kernel->sendRequestThroughRouter(Object(Illuminate\Http\Request))
#46 G:\PHP\wamp\Apache24\htdocs\testworm\public\index.php(53): Illuminate\Foundation\Http\Kernel->handle(Object(Illuminate\Http\Request))
#47 {main}  
[2017-02-24 14:27:32] local.INFO: G:\PHP\wamp\Apache24\htdocs\testworm\public\fonts\MSYHBD.TTF  
[2017-02-24 14:31:08] local.INFO: G:\PHP\wamp\Apache24\htdocs\testworm\public\fonts\MSYHBD.TTF  
[2017-02-24 14:31:18] local.INFO: G:\PHP\wamp\Apache24\htdocs\testworm\public\fonts\MSYHBD.TTF  
[2017-02-24 14:32:09] local.INFO: G:\PHP\wamp\Apache24\htdocs\testworm\public\fonts\MSYHBD.TTF  
[2017-02-24 14:32:18] local.INFO: G:\PHP\wamp\Apache24\htdocs\testworm\public\fonts\MSYHBD.TTF  
[2017-02-24 14:39:26] local.INFO: G:\PHP\wamp\Apache24\htdocs\testworm\public\fonts\MSYHBD.TTF  
[2017-02-24 14:39:34] local.ERROR: exception 'ErrorException' with message 'Argument 1 passed to Illuminate\Auth\Guard::login() must implement interface Illuminate\Contracts\Auth\Authenticatable, null given, called in G:\PHP\wamp\Apache24\htdocs\testworm\vendor\laravel\framework\src\Illuminate\Auth\Guard.php on line 366 and defined' in G:\PHP\wamp\Apache24\htdocs\testworm\vendor\laravel\framework\src\Illuminate\Auth\Guard.php:426
Stack trace:
#0 G:\PHP\wamp\Apache24\htdocs\testworm\vendor\laravel\framework\src\Illuminate\Auth\Guard.php(426): Illuminate\Foundation\Bootstrap\HandleExceptions->handleError(4096, 'Argument 1 pass...', 'G:\\PHP\\wamp\\Apa...', 426, Array)
#1 G:\PHP\wamp\Apache24\htdocs\testworm\vendor\laravel\framework\src\Illuminate\Auth\Guard.php(366): Illuminate\Auth\Guard->login(NULL, false)
#2 G:\PHP\wamp\Apache24\htdocs\testworm\app\Http\Controllers\Auth\AuthController.php(151): Illuminate\Auth\Guard->attempt(Array, false)
#3 [internal function]: App\Http\Controllers\Auth\AuthController->postLogin(Object(Illuminate\Http\Request))
#4 G:\PHP\wamp\Apache24\htdocs\testworm\vendor\laravel\framework\src\Illuminate\Routing\Controller.php(246): call_user_func_array(Array, Array)
#5 G:\PHP\wamp\Apache24\htdocs\testworm\vendor\laravel\framework\src\Illuminate\Routing\ControllerDispatcher.php(162): Illuminate\Routing\Controller->callAction('postLogin', Array)
#6 G:\PHP\wamp\Apache24\htdocs\testworm\vendor\laravel\framework\src\Illuminate\Routing\ControllerDispatcher.php(107): Illuminate\Routing\ControllerDispatcher->call(Object(App\Http\Controllers\Auth\AuthController), Object(Illuminate\Routing\Route), 'postLogin')
#7 [internal function]: Illuminate\Routing\ControllerDispatcher->Illuminate\Routing\{closure}(Object(Illuminate\Http\Request))
#8 G:\PHP\wamp\Apache24\htdocs\testworm\vendor\laravel\framework\src\Illuminate\Pipeline\Pipeline.php(141): call_user_func(Object(Closure), Object(Illuminate\Http\Request))
#9 G:\PHP\wamp\Apache24\htdocs\testworm\app\Http\Middleware\RedirectIfAuthenticated.php(41): Illuminate\Pipeline\Pipeline->Illuminate\Pipeline\{closure}(Object(Illuminate\Http\Request))
#10 G:\PHP\wamp\Apache24\htdocs\testworm\vendor\laravel\framework\src\Illuminate\Pipeline\Pipeline.php(125): App\Http\Middleware\RedirectIfAuthenticated->handle(Object(Illuminate\Http\Request), Object(Closure))
#11 [internal function]: Illuminate\Pipeline\Pipeline->Illuminate\Pipeline\{closure}(Object(Illuminate\Http\Request))
#12 G:\PHP\wamp\Apache24\htdocs\testworm\vendor\laravel\framework\src\Illuminate\Pipeline\Pipeline.php(101): call_user_func(Object(Closure), Object(Illuminate\Http\Request))
#13 G:\PHP\wamp\Apache24\htdocs\testworm\vendor\laravel\framework\src\Illuminate\Routing\ControllerDispatcher.php(108): Illuminate\Pipeline\Pipeline->then(Object(Closure))
#14 G:\PHP\wamp\Apache24\htdocs\testworm\vendor\laravel\framework\src\Illuminate\Routing\ControllerDispatcher.php(67): Illuminate\Routing\ControllerDispatcher->callWithinStack(Object(App\Http\Controllers\Auth\AuthController), Object(Illuminate\Routing\Route), Object(Illuminate\Http\Request), 'postLogin')
#15 G:\PHP\wamp\Apache24\htdocs\testworm\vendor\laravel\framework\src\Illuminate\Routing\Route.php(198): Illuminate\Routing\ControllerDispatcher->dispatch(Object(Illuminate\Routing\Route), Object(Illuminate\Http\Request), 'App\\Http\\Contro...', 'postLogin')
#16 G:\PHP\wamp\Apache24\htdocs\testworm\vendor\laravel\framework\src\Illuminate\Routing\Route.php(131): Illuminate\Routing\Route->runWithCustomDispatcher(Object(Illuminate\Http\Request))
#17 G:\PHP\wamp\Apache24\htdocs\testworm\vendor\laravel\framework\src\Illuminate\Routing\Router.php(691): Illuminate\Routing\Route->run(Object(Illuminate\Http\Request))
#18 [internal function]: Illuminate\Routing\Router->Illuminate\Routing\{closure}(Object(Illuminate\Http\Request))
#19 G:\PHP\wamp\Apache24\htdocs\testworm\vendor\laravel\framework\src\Illuminate\Pipeline\Pipeline.php(141): call_user_func(Object(Closure), Object(Illuminate\Http\Request))
#20 [internal function]: Illuminate\Pipeline\Pipeline->Illuminate\Pipeline\{closure}(Object(Illuminate\Http\Request))
#21 G:\PHP\wamp\Apache24\htdocs\testworm\vendor\laravel\framework\src\Illuminate\Pipeline\Pipeline.php(101): call_user_func(Object(Closure), Object(Illuminate\Http\Request))
#22 G:\PHP\wamp\Apache24\htdocs\testworm\vendor\laravel\framework\src\Illuminate\Routing\Router.php(693): Illuminate\Pipeline\Pipeline->then(Object(Closure))
#23 G:\PHP\wamp\Apache24\htdocs\testworm\vendor\laravel\framework\src\Illuminate\Routing\Router.php(660): Illuminate\Routing\Router->runRouteWithinStack(Object(Illuminate\Routing\Route), Object(Illuminate\Http\Request))
#24 G:\PHP\wamp\Apache24\htdocs\testworm\vendor\laravel\framework\src\Illuminate\Routing\Router.php(618): Illuminate\Routing\Router->dispatchToRoute(Object(Illuminate\Http\Request))
#25 G:\PHP\wamp\Apache24\htdocs\testworm\vendor\laravel\framework\src\Illuminate\Foundation\Http\Kernel.php(210): Illuminate\Routing\Router->dispatch(Object(Illuminate\Http\Request))
#26 [internal function]: Illuminate\Foundation\Http\Kernel->Illuminate\Foundation\Http\{closure}(Object(Illuminate\Http\Request))
#27 G:\PHP\wamp\Apache24\htdocs\testworm\vendor\laravel\framework\src\Illuminate\Pipeline\Pipeline.php(141): call_user_func(Object(Closure), Object(Illuminate\Http\Request))
#28 G:\PHP\wamp\Apache24\htdocs\testworm\app\Http\Middleware\SysLogger.php(24): Illuminate\Pipeline\Pipeline->Illuminate\Pipeline\{closure}(Object(Illuminate\Http\Request))
#29 G:\PHP\wamp\Apache24\htdocs\testworm\vendor\laravel\framework\src\Illuminate\Pipeline\Pipeline.php(125): App\Http\Middleware\SysLogger->handle(Object(Illuminate\Http\Request), Object(Closure))
#30 G:\PHP\wamp\Apache24\htdocs\testworm\vendor\laravel\framework\src\Illuminate\Foundation\Http\Middleware\VerifyCsrfToken.php(43): Illuminate\Pipeline\Pipeline->Illuminate\Pipeline\{closure}(Object(Illuminate\Http\Request))
#31 G:\PHP\wamp\Apache24\htdocs\testworm\app\Http\Middleware\VerifyCsrfToken.php(24): Illuminate\Foundation\Http\Middleware\VerifyCsrfToken->handle(Object(Illuminate\Http\Request), Object(Closure))
#32 G:\PHP\wamp\Apache24\htdocs\testworm\vendor\laravel\framework\src\Illuminate\Pipeline\Pipeline.php(125): App\Http\Middleware\VerifyCsrfToken->handle(Object(Illuminate\Http\Request), Object(Closure))
#33 G:\PHP\wamp\Apache24\htdocs\testworm\vendor\laravel\framework\src\Illuminate\View\Middleware\ShareErrorsFromSession.php(55): Illuminate\Pipeline\Pipeline->Illuminate\Pipeline\{closure}(Object(Illuminate\Http\Request))
#34 G:\PHP\wamp\Apache24\htdocs\testworm\vendor\laravel\framework\src\Illuminate\Pipeline\Pipeline.php(125): Illuminate\View\Middleware\ShareErrorsFromSession->handle(Object(Illuminate\Http\Request), Object(Closure))
#35 G:\PHP\wamp\Apache24\htdocs\testworm\vendor\laravel\framework\src\Illuminate\Session\Middleware\StartSession.php(61): Illuminate\Pipeline\Pipeline->Illuminate\Pipeline\{closure}(Object(Illuminate\Http\Request))
#36 G:\PHP\wamp\Apache24\htdocs\testworm\vendor\laravel\framework\src\Illuminate\Pipeline\Pipeline.php(125): Illuminate\Session\Middleware\StartSession->handle(Object(Illuminate\Http\Request), Object(Closure))
#37 G:\PHP\wamp\Apache24\htdocs\testworm\vendor\laravel\framework\src\Illuminate\Cookie\Middleware\AddQueuedCookiesToResponse.php(36): Illuminate\Pipeline\Pipeline->Illuminate\Pipeline\{closure}(Object(Illuminate\Http\Request))
#38 G:\PHP\wamp\Apache24\htdocs\testworm\vendor\laravel\framework\src\Illuminate\Pipeline\Pipeline.php(125): Illuminate\Cookie\Middleware\AddQueuedCookiesToResponse->handle(Object(Illuminate\Http\Request), Object(Closure))
#39 G:\PHP\wamp\Apache24\htdocs\testworm\vendor\laravel\framework\src\Illuminate\Cookie\Middleware\EncryptCookies.php(40): Illuminate\Pipeline\Pipeline->Illuminate\Pipeline\{closure}(Object(Illuminate\Http\Request))
#40 G:\PHP\wamp\Apache24\htdocs\testworm\vendor\laravel\framework\src\Illuminate\Pipeline\Pipeline.php(125): Illuminate\Cookie\Middleware\EncryptCookies->handle(Object(Illuminate\Http\Request), Object(Closure))
#41 G:\PHP\wamp\Apache24\htdocs\testworm\vendor\laravel\framework\src\Illuminate\Foundation\Http\Middleware\CheckForMaintenanceMode.php(42): Illuminate\Pipeline\Pipeline->Illuminate\Pipeline\{closure}(Object(Illuminate\Http\Request))
#42 G:\PHP\wamp\Apache24\htdocs\testworm\vendor\laravel\framework\src\Illuminate\Pipeline\Pipeline.php(125): Illuminate\Foundation\Http\Middleware\CheckForMaintenanceMode->handle(Object(Illuminate\Http\Request), Object(Closure))
#43 [internal function]: Illuminate\Pipeline\Pipeline->Illuminate\Pipeline\{closure}(Object(Illuminate\Http\Request))
#44 G:\PHP\wamp\Apache24\htdocs\testworm\vendor\laravel\framework\src\Illuminate\Pipeline\Pipeline.php(101): call_user_func(Object(Closure), Object(Illuminate\Http\Request))
#45 G:\PHP\wamp\Apache24\htdocs\testworm\vendor\laravel\framework\src\Illuminate\Foundation\Http\Kernel.php(111): Illuminate\Pipeline\Pipeline->then(Object(Closure))
#46 G:\PHP\wamp\Apache24\htdocs\testworm\vendor\laravel\framework\src\Illuminate\Foundation\Http\Kernel.php(84): Illuminate\Foundation\Http\Kernel->sendRequestThroughRouter(Object(Illuminate\Http\Request))
#47 G:\PHP\wamp\Apache24\htdocs\testworm\public\index.php(53): Illuminate\Foundation\Http\Kernel->handle(Object(Illuminate\Http\Request))
#48 {main}  
[2017-02-24 14:39:34] local.INFO: G:\PHP\wamp\Apache24\htdocs\testworm\public\fonts\MSYHBD.TTF  
[2017-02-24 14:47:36] local.INFO: G:\PHP\wamp\Apache24\htdocs\testworm\public\fonts\MSYHBD.TTF  
[2017-02-24 14:47:56] local.INFO: G:\PHP\wamp\Apache24\htdocs\testworm\public\fonts\MSYHBD.TTF  
[2017-02-24 14:47:59] local.INFO: G:\PHP\wamp\Apache24\htdocs\testworm\public\fonts\MSYHBD.TTF  
[2017-02-24 14:49:24] local.INFO: G:\PHP\wamp\Apache24\htdocs\testworm\public\fonts\MSYHBD.TTF  
