2016-12-21 11:42:53 程序启动.管理端-促销管理.xml
2016-12-21 11:42:54 Start.
2016-12-21 12:10:53 [ERROR-1006]:测试用例运行结果统计模块引发的异常.'WARNING'
2016-12-21 12:15:41 [ERROR-1013]:上传文件不存在引发的异常.E:/tupian/hhhhhh.jpg.
2016-12-21 12:32:36 End.
2016-12-21 12:32:36 程序结束.管理端-促销管理.xml

2016-12-23 14:40:06 程序启动.管理端-促销管理.xml
2016-12-23 14:40:06 Start.
2016-12-23 14:55:59 [ERROR-1013]:上传文件不存在引发的异常.E:/tupian/hhhhhh.jpg.
2016-12-23 15:09:53 [ERROR-1006]:测试用例运行结果统计模块引发的异常.'WARNING'
2016-12-23 15:10:26 End.
2016-12-23 15:10:26 程序结束.管理端-促销管理.xml

2016-12-23 16:15:35 程序启动.管理端-促销管理.xml
2016-12-23 16:15:36 Start.
2016-12-23 16:32:58 [ERROR-1006]:测试用例运行结果统计模块引发的异常.'WARNING'
2016-12-23 16:34:50 End.
2016-12-23 16:34:50 程序结束.管理端-促销管理.xml

2017-01-04 09:51:56 程序启动.管理端-促销管理.xml
2017-01-04 09:51:56 Start.
2017-01-04 10:46:59 End.
2017-01-04 10:46:59 程序结束.管理端-促销管理.xml

2017-01-04 11:22:22 程序启动.管理端-促销管理.xml
2017-01-04 11:22:23 Start.
2017-01-04 11:39:21 End.
2017-01-04 11:39:21 程序结束.管理端-促销管理.xml

