2016-12-22 17:40:46 程序启动.前端2.xml
2016-12-22 17:40:47 Start.
2016-12-22 17:50:23 [ERROR-1006]:测试用例运行结果统计模块引发的异常.'WARNING'
2016-12-22 17:51:17 [ERROR-1006]:测试用例运行结果统计模块引发的异常.'WARNING'
2016-12-22 18:01:20 End.
2016-12-22 18:01:20 程序结束.前端2.xml

2016-12-22 18:01:20 程序启动.前端.xml
2016-12-22 18:01:21 Start.
2016-12-22 18:03:35 [ERROR-1006]:测试用例运行结果统计模块引发的异常.'WARNING'
2016-12-22 18:03:36 [ERROR-1006]:测试用例运行结果统计模块引发的异常.'WARNING'
2016-12-22 18:03:58 [ERROR-1006]:测试用例运行结果统计模块引发的异常.'WARNING'
2016-12-22 18:03:59 [ERROR-1006]:测试用例运行结果统计模块引发的异常.'WARNING'
2016-12-22 18:04:06 [ERROR-1006]:测试用例运行结果统计模块引发的异常.'WARNING'
2016-12-22 18:04:07 [ERROR-1006]:测试用例运行结果统计模块引发的异常.'WARNING'
2016-12-22 18:04:28 [ERROR-1006]:测试用例运行结果统计模块引发的异常.'WARNING'
2016-12-22 18:04:29 [ERROR-1006]:测试用例运行结果统计模块引发的异常.'WARNING'
2016-12-22 18:04:36 [ERROR-1006]:测试用例运行结果统计模块引发的异常.'WARNING'
2016-12-22 18:04:38 [ERROR-1006]:测试用例运行结果统计模块引发的异常.'WARNING'
2016-12-22 18:04:55 [ERROR-1006]:测试用例运行结果统计模块引发的异常.'WARNING'
2016-12-22 18:04:57 [ERROR-1006]:测试用例运行结果统计模块引发的异常.'WARNING'
2016-12-22 18:05:01 [ERROR-1006]:测试用例运行结果统计模块引发的异常.'WARNING'
2016-12-22 18:05:02 [ERROR-1006]:测试用例运行结果统计模块引发的异常.'WARNING'
2016-12-22 18:05:19 [ERROR-1006]:测试用例运行结果统计模块引发的异常.'WARNING'
2016-12-22 18:05:38 [ERROR-1006]:测试用例运行结果统计模块引发的异常.'WARNING'
2016-12-22 18:05:39 [ERROR-1006]:测试用例运行结果统计模块引发的异常.'WARNING'
2016-12-22 18:05:43 [ERROR-1006]:测试用例运行结果统计模块引发的异常.'WARNING'
2016-12-22 18:05:45 [ERROR-1006]:测试用例运行结果统计模块引发的异常.'WARNING'
2016-12-22 18:06:06 [ERROR-1006]:测试用例运行结果统计模块引发的异常.'WARNING'
2016-12-22 18:06:07 [ERROR-1006]:测试用例运行结果统计模块引发的异常.'WARNING'
2016-12-22 18:06:11 [ERROR-1006]:测试用例运行结果统计模块引发的异常.'WARNING'
2016-12-22 18:06:13 [ERROR-1006]:测试用例运行结果统计模块引发的异常.'WARNING'
2016-12-22 18:06:34 [ERROR-1006]:测试用例运行结果统计模块引发的异常.'WARNING'
2016-12-22 18:06:35 [ERROR-1006]:测试用例运行结果统计模块引发的异常.'WARNING'
2016-12-22 18:06:42 [ERROR-1006]:测试用例运行结果统计模块引发的异常.'WARNING'
2016-12-22 18:06:43 [ERROR-1006]:测试用例运行结果统计模块引发的异常.'WARNING'
2016-12-22 18:06:49 [ERROR-1006]:测试用例运行结果统计模块引发的异常.'WARNING'
2016-12-22 18:06:50 [ERROR-1006]:测试用例运行结果统计模块引发的异常.'WARNING'
2016-12-22 18:06:54 [ERROR-1006]:测试用例运行结果统计模块引发的异常.'WARNING'
2016-12-22 18:06:55 [ERROR-1006]:测试用例运行结果统计模块引发的异常.'WARNING'
2016-12-22 18:06:59 [ERROR-1006]:测试用例运行结果统计模块引发的异常.'WARNING'
2016-12-22 18:07:01 [ERROR-1006]:测试用例运行结果统计模块引发的异常.'WARNING'
2016-12-22 18:07:05 [ERROR-1006]:测试用例运行结果统计模块引发的异常.'WARNING'
2016-12-22 18:07:06 [ERROR-1006]:测试用例运行结果统计模块引发的异常.'WARNING'
2016-12-22 18:07:10 [ERROR-1006]:测试用例运行结果统计模块引发的异常.'WARNING'
2016-12-22 18:07:11 [ERROR-1006]:测试用例运行结果统计模块引发的异常.'WARNING'
2016-12-22 18:07:16 [ERROR-1006]:测试用例运行结果统计模块引发的异常.'WARNING'
2016-12-22 18:07:17 [ERROR-1006]:测试用例运行结果统计模块引发的异常.'WARNING'
2016-12-22 18:07:23 End.
2016-12-22 18:07:23 程序结束.前端.xml

2016-12-22 18:07:23 程序启动.退货流程4.xml
2016-12-22 18:07:24 Start.
2016-12-22 18:09:52 [ERROR-1006]:测试用例运行结果统计模块引发的异常.'WARNING'
2016-12-22 18:09:53 [ERROR-1006]:测试用例运行结果统计模块引发的异常.'WARNING'
2016-12-22 18:09:57 [ERROR-1006]:测试用例运行结果统计模块引发的异常.'WARNING'
2016-12-22 18:09:58 [ERROR-1006]:测试用例运行结果统计模块引发的异常.'WARNING'
2016-12-22 18:10:02 [ERROR-1006]:测试用例运行结果统计模块引发的异常.'WARNING'
2016-12-22 18:10:03 [ERROR-1006]:测试用例运行结果统计模块引发的异常.'WARNING'
2016-12-22 18:10:07 [ERROR-1006]:测试用例运行结果统计模块引发的异常.'WARNING'
2016-12-22 18:10:08 [ERROR-1006]:测试用例运行结果统计模块引发的异常.'WARNING'
2016-12-22 18:10:12 [ERROR-1006]:测试用例运行结果统计模块引发的异常.'WARNING'
2016-12-22 18:10:13 [ERROR-1006]:测试用例运行结果统计模块引发的异常.'WARNING'
2016-12-22 18:10:17 [ERROR-1006]:测试用例运行结果统计模块引发的异常.'WARNING'
2016-12-22 18:10:18 [ERROR-1006]:测试用例运行结果统计模块引发的异常.'WARNING'
2016-12-22 18:10:26 End.
2016-12-22 18:10:26 程序结束.退货流程4.xml

2016-12-22 18:10:26 程序启动.退货流程3.xml
2016-12-22 18:10:26 Start.
2016-12-22 18:12:49 [ERROR-1006]:测试用例运行结果统计模块引发的异常.'WARNING'
2016-12-22 18:12:50 [ERROR-1006]:测试用例运行结果统计模块引发的异常.'WARNING'
2016-12-22 18:12:54 [ERROR-1006]:测试用例运行结果统计模块引发的异常.'WARNING'
2016-12-22 18:12:56 [ERROR-1006]:测试用例运行结果统计模块引发的异常.'WARNING'
2016-12-22 18:12:59 [ERROR-1006]:测试用例运行结果统计模块引发的异常.'WARNING'
2016-12-22 18:13:01 [ERROR-1006]:测试用例运行结果统计模块引发的异常.'WARNING'
2016-12-22 18:13:05 [ERROR-1006]:测试用例运行结果统计模块引发的异常.'WARNING'
2016-12-22 18:13:32 [ERROR-1006]:测试用例运行结果统计模块引发的异常.'WARNING'
2016-12-22 18:13:33 [ERROR-1006]:测试用例运行结果统计模块引发的异常.'WARNING'
2016-12-22 18:13:37 [ERROR-1006]:测试用例运行结果统计模块引发的异常.'WARNING'
2016-12-22 18:13:38 [ERROR-1006]:测试用例运行结果统计模块引发的异常.'WARNING'
2016-12-22 18:13:42 [ERROR-1006]:测试用例运行结果统计模块引发的异常.'WARNING'
2016-12-22 18:13:43 [ERROR-1006]:测试用例运行结果统计模块引发的异常.'WARNING'
2016-12-22 18:13:47 [ERROR-1006]:测试用例运行结果统计模块引发的异常.'WARNING'
2016-12-22 18:13:48 [ERROR-1006]:测试用例运行结果统计模块引发的异常.'WARNING'
2016-12-22 18:13:54 [ERROR-1006]:测试用例运行结果统计模块引发的异常.'WARNING'
2016-12-22 18:13:55 [ERROR-1006]:测试用例运行结果统计模块引发的异常.'WARNING'
2016-12-22 18:13:59 [ERROR-1006]:测试用例运行结果统计模块引发的异常.'WARNING'
2016-12-22 18:14:00 [ERROR-1006]:测试用例运行结果统计模块引发的异常.'WARNING'
2016-12-22 18:14:06 [ERROR-1006]:测试用例运行结果统计模块引发的异常.'WARNING'
2016-12-22 18:14:07 [ERROR-1006]:测试用例运行结果统计模块引发的异常.'WARNING'
2016-12-22 18:14:11 [ERROR-1006]:测试用例运行结果统计模块引发的异常.'WARNING'
2016-12-22 18:14:12 [ERROR-1006]:测试用例运行结果统计模块引发的异常.'WARNING'
2016-12-22 18:14:16 [ERROR-1006]:测试用例运行结果统计模块引发的异常.'WARNING'
2016-12-22 18:14:17 [ERROR-1006]:测试用例运行结果统计模块引发的异常.'WARNING'
2016-12-22 18:14:47 [ERROR-1006]:测试用例运行结果统计模块引发的异常.'WARNING'
2016-12-22 18:14:48 [ERROR-1006]:测试用例运行结果统计模块引发的异常.'WARNING'
2016-12-22 18:14:52 [ERROR-1006]:测试用例运行结果统计模块引发的异常.'WARNING'
2016-12-22 18:14:54 [ERROR-1006]:测试用例运行结果统计模块引发的异常.'WARNING'
2016-12-22 18:14:57 [ERROR-1006]:测试用例运行结果统计模块引发的异常.'WARNING'
2016-12-22 18:14:59 [ERROR-1006]:测试用例运行结果统计模块引发的异常.'WARNING'
2016-12-22 18:15:02 [ERROR-1006]:测试用例运行结果统计模块引发的异常.'WARNING'
2016-12-22 18:15:03 [ERROR-1006]:测试用例运行结果统计模块引发的异常.'WARNING'
2016-12-22 18:15:07 [ERROR-1006]:测试用例运行结果统计模块引发的异常.'WARNING'
2016-12-22 18:15:08 [ERROR-1006]:测试用例运行结果统计模块引发的异常.'WARNING'
2016-12-22 18:15:13 [ERROR-1006]:测试用例运行结果统计模块引发的异常.'WARNING'
2016-12-22 18:15:14 [ERROR-1006]:测试用例运行结果统计模块引发的异常.'WARNING'
2016-12-22 18:15:18 [ERROR-1006]:测试用例运行结果统计模块引发的异常.'WARNING'
2016-12-22 18:15:19 [ERROR-1006]:测试用例运行结果统计模块引发的异常.'WARNING'
2016-12-22 18:15:26 End.
2016-12-22 18:15:26 程序结束.退货流程3.xml

2016-12-22 18:15:26 程序启动.退货流程2.xml
2016-12-22 18:15:27 Start.
2016-12-22 18:17:54 [ERROR-1006]:测试用例运行结果统计模块引发的异常.'WARNING'
2016-12-22 18:17:55 [ERROR-1006]:测试用例运行结果统计模块引发的异常.'WARNING'
2016-12-22 18:17:59 [ERROR-1006]:测试用例运行结果统计模块引发的异常.'WARNING'
2016-12-22 18:18:00 [ERROR-1006]:测试用例运行结果统计模块引发的异常.'WARNING'
2016-12-22 18:18:04 [ERROR-1006]:测试用例运行结果统计模块引发的异常.'WARNING'
2016-12-22 18:18:32 [ERROR-1006]:测试用例运行结果统计模块引发的异常.'WARNING'
2016-12-22 18:18:33 [ERROR-1006]:测试用例运行结果统计模块引发的异常.'WARNING'
2016-12-22 18:18:37 [ERROR-1006]:测试用例运行结果统计模块引发的异常.'WARNING'
2016-12-22 18:18:38 [ERROR-1006]:测试用例运行结果统计模块引发的异常.'WARNING'
2016-12-22 18:18:42 [ERROR-1006]:测试用例运行结果统计模块引发的异常.'WARNING'
2016-12-22 18:18:44 [ERROR-1006]:测试用例运行结果统计模块引发的异常.'WARNING'
2016-12-22 18:18:48 [ERROR-1006]:测试用例运行结果统计模块引发的异常.'WARNING'
2016-12-22 18:18:49 [ERROR-1006]:测试用例运行结果统计模块引发的异常.'WARNING'
2016-12-22 18:18:53 [ERROR-1006]:测试用例运行结果统计模块引发的异常.'WARNING'
2016-12-22 18:18:54 [ERROR-1006]:测试用例运行结果统计模块引发的异常.'WARNING'
2016-12-22 18:18:58 [ERROR-1006]:测试用例运行结果统计模块引发的异常.'WARNING'
2016-12-22 18:18:59 [ERROR-1006]:测试用例运行结果统计模块引发的异常.'WARNING'
2016-12-22 18:19:06 [ERROR-1006]:测试用例运行结果统计模块引发的异常.'WARNING'
2016-12-22 18:19:07 [ERROR-1006]:测试用例运行结果统计模块引发的异常.'WARNING'
2016-12-22 18:19:11 [ERROR-1006]:测试用例运行结果统计模块引发的异常.'WARNING'
2016-12-22 18:19:12 [ERROR-1006]:测试用例运行结果统计模块引发的异常.'WARNING'
2016-12-22 18:19:16 [ERROR-1006]:测试用例运行结果统计模块引发的异常.'WARNING'
2016-12-22 18:19:17 [ERROR-1006]:测试用例运行结果统计模块引发的异常.'WARNING'
2016-12-22 18:19:47 [ERROR-1006]:测试用例运行结果统计模块引发的异常.'WARNING'
2016-12-22 18:19:49 [ERROR-1006]:测试用例运行结果统计模块引发的异常.'WARNING'
2016-12-22 18:19:53 [ERROR-1006]:测试用例运行结果统计模块引发的异常.'WARNING'
2016-12-22 18:19:54 [ERROR-1006]:测试用例运行结果统计模块引发的异常.'WARNING'
2016-12-22 18:19:58 [ERROR-1006]:测试用例运行结果统计模块引发的异常.'WARNING'
2016-12-22 18:20:00 [ERROR-1006]:测试用例运行结果统计模块引发的异常.'WARNING'
2016-12-22 18:20:04 [ERROR-1006]:测试用例运行结果统计模块引发的异常.'WARNING'
2016-12-22 18:20:05 [ERROR-1006]:测试用例运行结果统计模块引发的异常.'WARNING'
2016-12-22 18:20:36 [ERROR-1006]:测试用例运行结果统计模块引发的异常.'WARNING'
2016-12-22 18:20:37 [ERROR-1006]:测试用例运行结果统计模块引发的异常.'WARNING'
2016-12-22 18:20:41 [ERROR-1006]:测试用例运行结果统计模块引发的异常.'WARNING'
2016-12-22 18:20:42 [ERROR-1006]:测试用例运行结果统计模块引发的异常.'WARNING'
2016-12-22 18:20:46 [ERROR-1006]:测试用例运行结果统计模块引发的异常.'WARNING'
2016-12-22 18:20:47 [ERROR-1006]:测试用例运行结果统计模块引发的异常.'WARNING'
2016-12-22 18:20:52 [ERROR-1006]:测试用例运行结果统计模块引发的异常.'WARNING'
2016-12-22 18:20:53 [ERROR-1006]:测试用例运行结果统计模块引发的异常.'WARNING'
2016-12-22 18:20:54 [ERROR-1006]:测试用例运行结果统计模块引发的异常.'WARNING'
2016-12-22 18:20:58 [ERROR-1006]:测试用例运行结果统计模块引发的异常.'WARNING'
2016-12-22 18:20:59 [ERROR-1006]:测试用例运行结果统计模块引发的异常.'WARNING'
2016-12-22 18:21:03 [ERROR-1006]:测试用例运行结果统计模块引发的异常.'WARNING'
2016-12-22 18:21:05 [ERROR-1006]:测试用例运行结果统计模块引发的异常.'WARNING'
2016-12-22 18:21:36 [ERROR-1006]:测试用例运行结果统计模块引发的异常.'WARNING'
2016-12-22 18:21:37 [ERROR-1006]:测试用例运行结果统计模块引发的异常.'WARNING'
2016-12-22 18:21:41 [ERROR-1006]:测试用例运行结果统计模块引发的异常.'WARNING'
2016-12-22 18:21:43 [ERROR-1006]:测试用例运行结果统计模块引发的异常.'WARNING'
2016-12-22 18:21:47 [ERROR-1006]:测试用例运行结果统计模块引发的异常.'WARNING'
2016-12-22 18:21:48 [ERROR-1006]:测试用例运行结果统计模块引发的异常.'WARNING'
2016-12-22 18:21:52 [ERROR-1006]:测试用例运行结果统计模块引发的异常.'WARNING'
2016-12-22 18:21:53 [ERROR-1006]:测试用例运行结果统计模块引发的异常.'WARNING'
2016-12-22 18:22:01 End.
2016-12-22 18:22:01 程序结束.退货流程2.xml

2016-12-22 18:22:01 程序启动.退货流程1.xml
2016-12-22 18:22:02 Start.
2016-12-22 18:35:25 End.
2016-12-22 18:35:25 程序结束.退货流程1.xml

2016-12-22 18:35:25 程序启动.前端-订单流程.xml
2016-12-22 18:35:25 Start.
2016-12-22 18:36:11 [ERROR-1006]:测试用例运行结果统计模块引发的异常.'WARNING'
2016-12-22 18:39:22 [ERROR-1006]:测试用例运行结果统计模块引发的异常.'WARNING'
2016-12-22 18:40:56 End.
2016-12-22 18:40:56 程序结束.前端-订单流程.xml

2016-12-23 09:01:23 程序启动.前端2.xml
2016-12-23 09:01:24 Start.
2016-12-23 09:08:57 [ERROR-1006]:测试用例运行结果统计模块引发的异常.'WARNING'
2016-12-23 09:09:53 [ERROR-1006]:测试用例运行结果统计模块引发的异常.'WARNING'
2016-12-23 09:10:59 [ERROR-1006]:测试用例运行结果统计模块引发的异常.'WARNING'
2016-12-23 09:16:28 End.
2016-12-23 09:16:28 程序结束.前端2.xml

2016-12-23 09:16:28 程序启动.前端.xml
2016-12-23 09:16:29 Start.
2016-12-23 09:19:07 [ERROR-1006]:测试用例运行结果统计模块引发的异常.'WARNING'
2016-12-23 09:20:04 [ERROR-1006]:测试用例运行结果统计模块引发的异常.'WARNING'
2016-12-23 09:20:52 [ERROR-1006]:测试用例运行结果统计模块引发的异常.'WARNING'
2016-12-23 09:20:59 [ERROR-1006]:测试用例运行结果统计模块引发的异常.'WARNING'
2016-12-23 09:21:28 [ERROR-1006]:测试用例运行结果统计模块引发的异常.'WARNING'
2016-12-23 09:21:58 [ERROR-1006]:测试用例运行结果统计模块引发的异常.'WARNING'
2016-12-23 09:22:09 [ERROR-1006]:测试用例运行结果统计模块引发的异常.'WARNING'
2016-12-23 09:23:31 [ERROR-1006]:测试用例运行结果统计模块引发的异常.'WARNING'
2016-12-23 09:24:38 End.
2016-12-23 09:24:38 程序结束.前端.xml

2016-12-23 09:24:38 程序启动.退货流程4.xml
2016-12-23 09:24:39 Start.
2016-12-23 09:27:33 End.
2016-12-23 09:27:33 程序结束.退货流程4.xml

2016-12-23 09:27:33 程序启动.退货流程3.xml
2016-12-23 09:27:33 Start.
2016-12-23 09:32:20 End.
2016-12-23 09:32:20 程序结束.退货流程3.xml

2016-12-23 09:32:20 程序启动.退货流程2.xml
2016-12-23 09:32:21 Start.
2016-12-23 09:39:11 End.
2016-12-23 09:39:11 程序结束.退货流程2.xml

2016-12-23 09:39:11 程序启动.退货流程1.xml
2016-12-23 09:39:12 Start.
2016-12-23 09:42:31 End.
2016-12-23 09:42:31 程序结束.退货流程1.xml

2016-12-23 09:42:31 程序启动.前端-订单流程.xml
2016-12-23 09:42:32 Start.
2016-12-23 09:47:19 [ERROR-1006]:测试用例运行结果统计模块引发的异常.'WARNING'
2016-12-23 09:48:50 End.
2016-12-23 09:48:50 程序结束.前端-订单流程.xml

2016-12-23 23:00:01 程序启动.前端2.xml
2016-12-23 23:00:01 Start.
2016-12-23 23:09:17 [ERROR-1006]:测试用例运行结果统计模块引发的异常.'WARNING'
2016-12-23 23:09:49 [ERROR-1006]:测试用例运行结果统计模块引发的异常.'WARNING'
2016-12-23 23:11:02 [ERROR-1006]:测试用例运行结果统计模块引发的异常.'WARNING'
2016-12-23 23:17:37 End.
2016-12-23 23:17:37 程序结束.前端2.xml

2016-12-23 23:17:37 程序启动.前端.xml
2016-12-23 23:17:38 Start.
2016-12-23 23:21:46 [ERROR-1006]:测试用例运行结果统计模块引发的异常.'WARNING'
2016-12-23 23:22:31 [ERROR-1006]:测试用例运行结果统计模块引发的异常.'WARNING'
2016-12-23 23:22:38 [ERROR-1006]:测试用例运行结果统计模块引发的异常.'WARNING'
2016-12-23 23:22:46 [ERROR-1006]:测试用例运行结果统计模块引发的异常.'WARNING'
2016-12-23 23:23:15 [ERROR-1006]:测试用例运行结果统计模块引发的异常.'WARNING'
2016-12-23 23:23:51 [ERROR-1006]:测试用例运行结果统计模块引发的异常.'WARNING'
2016-12-23 23:24:04 [ERROR-1006]:测试用例运行结果统计模块引发的异常.'WARNING'
2016-12-23 23:26:58 End.
2016-12-23 23:26:58 程序结束.前端.xml

2016-12-23 23:26:58 程序启动.退货流程4.xml
2016-12-23 23:26:59 Start.
2016-12-23 23:30:09 End.
2016-12-23 23:30:09 程序结束.退货流程4.xml

2016-12-23 23:30:09 程序启动.退货流程3.xml
2016-12-23 23:30:10 Start.
2016-12-23 23:31:45 [ERROR-1006]:测试用例运行结果统计模块引发的异常.'WARNING'
2016-12-23 23:35:31 End.
2016-12-23 23:35:31 程序结束.退货流程3.xml

2016-12-23 23:35:31 程序启动.退货流程2.xml
2016-12-23 23:35:31 Start.
2016-12-23 23:42:35 End.
2016-12-23 23:42:35 程序结束.退货流程2.xml

2016-12-23 23:42:35 程序启动.退货流程1.xml
2016-12-23 23:42:36 Start.
2016-12-23 23:46:05 End.
2016-12-23 23:46:05 程序结束.退货流程1.xml

2016-12-23 23:46:05 程序启动.前端-订单流程.xml
2016-12-23 23:46:06 Start.
2016-12-23 23:49:05 [ERROR-1006]:测试用例运行结果统计模块引发的异常.'WARNING'
2016-12-23 23:53:23 [ERROR-1006]:测试用例运行结果统计模块引发的异常.'WARNING'
2016-12-23 23:53:26 [ERROR-1006]:测试用例运行结果统计模块引发的异常.'WARNING'
2016-12-23 23:53:31 [ERROR-1006]:测试用例运行结果统计模块引发的异常.'WARNING'
2016-12-23 23:53:32 [ERROR-1006]:测试用例运行结果统计模块引发的异常.'WARNING'
2016-12-23 23:53:40 End.
2016-12-23 23:53:40 程序结束.前端-订单流程.xml

2016-12-27 01:00:01 程序启动.前端2.xml
2016-12-27 01:00:02 Start.
2016-12-27 03:25:06 End.
2016-12-27 03:25:06 程序结束.前端2.xml

2016-12-27 03:25:06 程序启动.前端.xml
2016-12-27 03:25:06 Start.
2016-12-27 03:34:32 [ERROR-1006]:测试用例运行结果统计模块引发的异常.'WARNING'
2016-12-27 03:34:33 [ERROR-1006]:测试用例运行结果统计模块引发的异常.'WARNING'
2016-12-27 03:34:56 [ERROR-1006]:测试用例运行结果统计模块引发的异常.'WARNING'
2016-12-27 03:34:57 [ERROR-1006]:测试用例运行结果统计模块引发的异常.'WARNING'
2016-12-27 03:35:05 [ERROR-1006]:测试用例运行结果统计模块引发的异常.'WARNING'
2016-12-27 03:35:06 [ERROR-1006]:测试用例运行结果统计模块引发的异常.'WARNING'
2016-12-27 03:35:28 [ERROR-1006]:测试用例运行结果统计模块引发的异常.'WARNING'
2016-12-27 03:35:29 [ERROR-1006]:测试用例运行结果统计模块引发的异常.'WARNING'
2016-12-27 03:35:37 [ERROR-1006]:测试用例运行结果统计模块引发的异常.'WARNING'
2016-12-27 03:35:38 [ERROR-1006]:测试用例运行结果统计模块引发的异常.'WARNING'
2016-12-27 03:35:57 [ERROR-1006]:测试用例运行结果统计模块引发的异常.'WARNING'
2016-12-27 03:35:58 [ERROR-1006]:测试用例运行结果统计模块引发的异常.'WARNING'
2016-12-27 03:36:03 [ERROR-1006]:测试用例运行结果统计模块引发的异常.'WARNING'
2016-12-27 03:36:04 [ERROR-1006]:测试用例运行结果统计模块引发的异常.'WARNING'
2016-12-27 03:36:21 [ERROR-1006]:测试用例运行结果统计模块引发的异常.'WARNING'
2016-12-27 03:36:40 [ERROR-1006]:测试用例运行结果统计模块引发的异常.'WARNING'
2016-12-27 03:36:41 [ERROR-1006]:测试用例运行结果统计模块引发的异常.'WARNING'
2016-12-27 03:36:46 [ERROR-1006]:测试用例运行结果统计模块引发的异常.'WARNING'
2016-12-27 03:36:47 [ERROR-1006]:测试用例运行结果统计模块引发的异常.'WARNING'
2016-12-27 03:37:08 [ERROR-1006]:测试用例运行结果统计模块引发的异常.'WARNING'
2016-12-27 03:37:09 [ERROR-1006]:测试用例运行结果统计模块引发的异常.'WARNING'
2016-12-27 03:37:14 [ERROR-1006]:测试用例运行结果统计模块引发的异常.'WARNING'
2016-12-27 03:37:15 [ERROR-1006]:测试用例运行结果统计模块引发的异常.'WARNING'
2016-12-27 03:37:37 [ERROR-1006]:测试用例运行结果统计模块引发的异常.'WARNING'
2016-12-27 03:37:38 [ERROR-1006]:测试用例运行结果统计模块引发的异常.'WARNING'
2016-12-27 03:37:45 [ERROR-1006]:测试用例运行结果统计模块引发的异常.'WARNING'
2016-12-27 03:37:46 [ERROR-1006]:测试用例运行结果统计模块引发的异常.'WARNING'
2016-12-27 03:37:53 [ERROR-1006]:测试用例运行结果统计模块引发的异常.'WARNING'
2016-12-27 03:37:55 [ERROR-1006]:测试用例运行结果统计模块引发的异常.'WARNING'
2016-12-27 03:37:59 [ERROR-1006]:测试用例运行结果统计模块引发的异常.'WARNING'
2016-12-27 03:38:00 [ERROR-1006]:测试用例运行结果统计模块引发的异常.'WARNING'
2016-12-27 03:38:04 [ERROR-1006]:测试用例运行结果统计模块引发的异常.'WARNING'
2016-12-27 03:38:05 [ERROR-1006]:测试用例运行结果统计模块引发的异常.'WARNING'
2016-12-27 03:38:10 [ERROR-1006]:测试用例运行结果统计模块引发的异常.'WARNING'
2016-12-27 03:38:11 [ERROR-1006]:测试用例运行结果统计模块引发的异常.'WARNING'
2016-12-27 03:38:16 [ERROR-1006]:测试用例运行结果统计模块引发的异常.'WARNING'
2016-12-27 03:38:18 [ERROR-1006]:测试用例运行结果统计模块引发的异常.'WARNING'
2016-12-27 03:38:22 [ERROR-1006]:测试用例运行结果统计模块引发的异常.'WARNING'
2016-12-27 03:38:23 [ERROR-1006]:测试用例运行结果统计模块引发的异常.'WARNING'
2016-12-27 03:38:30 End.
2016-12-27 03:38:30 程序结束.前端.xml

2016-12-27 03:38:30 程序启动.退货流程4.xml
2016-12-27 03:38:31 Start.
2016-12-27 03:48:05 [ERROR-1006]:测试用例运行结果统计模块引发的异常.'WARNING'
2016-12-27 03:48:06 [ERROR-1006]:测试用例运行结果统计模块引发的异常.'WARNING'
2016-12-27 03:48:10 [ERROR-1006]:测试用例运行结果统计模块引发的异常.'WARNING'
2016-12-27 03:48:11 [ERROR-1006]:测试用例运行结果统计模块引发的异常.'WARNING'
2016-12-27 03:48:16 [ERROR-1006]:测试用例运行结果统计模块引发的异常.'WARNING'
2016-12-27 03:48:17 [ERROR-1006]:测试用例运行结果统计模块引发的异常.'WARNING'
2016-12-27 03:48:22 [ERROR-1006]:测试用例运行结果统计模块引发的异常.'WARNING'
2016-12-27 03:48:23 [ERROR-1006]:测试用例运行结果统计模块引发的异常.'WARNING'
2016-12-27 03:48:28 [ERROR-1006]:测试用例运行结果统计模块引发的异常.'WARNING'
2016-12-27 03:48:29 [ERROR-1006]:测试用例运行结果统计模块引发的异常.'WARNING'
2016-12-27 03:48:34 [ERROR-1006]:测试用例运行结果统计模块引发的异常.'WARNING'
2016-12-27 03:48:35 [ERROR-1006]:测试用例运行结果统计模块引发的异常.'WARNING'
2016-12-27 03:48:42 End.
2016-12-27 03:48:42 程序结束.退货流程4.xml

2016-12-27 03:48:42 程序启动.退货流程3.xml
2016-12-27 03:48:44 Start.
2016-12-27 03:58:17 [ERROR-1006]:测试用例运行结果统计模块引发的异常.'WARNING'
2016-12-27 03:58:18 [ERROR-1006]:测试用例运行结果统计模块引发的异常.'WARNING'
2016-12-27 03:58:23 [ERROR-1006]:测试用例运行结果统计模块引发的异常.'WARNING'
2016-12-27 03:58:24 [ERROR-1006]:测试用例运行结果统计模块引发的异常.'WARNING'
2016-12-27 03:58:29 [ERROR-1006]:测试用例运行结果统计模块引发的异常.'WARNING'
2016-12-27 03:58:30 [ERROR-1006]:测试用例运行结果统计模块引发的异常.'WARNING'
2016-12-27 03:58:35 [ERROR-1006]:测试用例运行结果统计模块引发的异常.'WARNING'
2016-12-27 03:59:03 [ERROR-1006]:测试用例运行结果统计模块引发的异常.'WARNING'
2016-12-27 03:59:04 [ERROR-1006]:测试用例运行结果统计模块引发的异常.'WARNING'
2016-12-27 03:59:08 [ERROR-1006]:测试用例运行结果统计模块引发的异常.'WARNING'
2016-12-27 03:59:09 [ERROR-1006]:测试用例运行结果统计模块引发的异常.'WARNING'
2016-12-27 03:59:13 [ERROR-1006]:测试用例运行结果统计模块引发的异常.'WARNING'
2016-12-27 03:59:14 [ERROR-1006]:测试用例运行结果统计模块引发的异常.'WARNING'
2016-12-27 03:59:19 [ERROR-1006]:测试用例运行结果统计模块引发的异常.'WARNING'
2016-12-27 03:59:20 [ERROR-1006]:测试用例运行结果统计模块引发的异常.'WARNING'
2016-12-27 03:59:27 [ERROR-1006]:测试用例运行结果统计模块引发的异常.'WARNING'
2016-12-27 03:59:28 [ERROR-1006]:测试用例运行结果统计模块引发的异常.'WARNING'
2016-12-27 03:59:32 [ERROR-1006]:测试用例运行结果统计模块引发的异常.'WARNING'
2016-12-27 03:59:33 [ERROR-1006]:测试用例运行结果统计模块引发的异常.'WARNING'
2016-12-27 03:59:41 [ERROR-1006]:测试用例运行结果统计模块引发的异常.'WARNING'
2016-12-27 03:59:42 [ERROR-1006]:测试用例运行结果统计模块引发的异常.'WARNING'
2016-12-27 03:59:47 [ERROR-1006]:测试用例运行结果统计模块引发的异常.'WARNING'
2016-12-27 03:59:48 [ERROR-1006]:测试用例运行结果统计模块引发的异常.'WARNING'
2016-12-27 03:59:53 [ERROR-1006]:测试用例运行结果统计模块引发的异常.'WARNING'
2016-12-27 03:59:54 [ERROR-1006]:测试用例运行结果统计模块引发的异常.'WARNING'
2016-12-27 04:00:25 [ERROR-1006]:测试用例运行结果统计模块引发的异常.'WARNING'
2016-12-27 04:00:26 [ERROR-1006]:测试用例运行结果统计模块引发的异常.'WARNING'
2016-12-27 04:00:31 [ERROR-1006]:测试用例运行结果统计模块引发的异常.'WARNING'
2016-12-27 04:00:32 [ERROR-1006]:测试用例运行结果统计模块引发的异常.'WARNING'
2016-12-27 04:00:37 [ERROR-1006]:测试用例运行结果统计模块引发的异常.'WARNING'
2016-12-27 04:00:38 [ERROR-1006]:测试用例运行结果统计模块引发的异常.'WARNING'
2016-12-27 04:00:43 [ERROR-1006]:测试用例运行结果统计模块引发的异常.'WARNING'
2016-12-27 04:00:44 [ERROR-1006]:测试用例运行结果统计模块引发的异常.'WARNING'
2016-12-27 04:00:49 [ERROR-1006]:测试用例运行结果统计模块引发的异常.'WARNING'
2016-12-27 04:00:50 [ERROR-1006]:测试用例运行结果统计模块引发的异常.'WARNING'
2016-12-27 04:00:54 [ERROR-1006]:测试用例运行结果统计模块引发的异常.'WARNING'
2016-12-27 04:00:56 [ERROR-1006]:测试用例运行结果统计模块引发的异常.'WARNING'
2016-12-27 04:01:01 [ERROR-1006]:测试用例运行结果统计模块引发的异常.'WARNING'
2016-12-27 04:01:02 [ERROR-1006]:测试用例运行结果统计模块引发的异常.'WARNING'
2016-12-27 04:01:09 End.
2016-12-27 04:01:09 程序结束.退货流程3.xml

2016-12-27 04:01:09 程序启动.退货流程2.xml
2016-12-27 04:01:10 Start.
2016-12-27 04:10:42 [ERROR-1006]:测试用例运行结果统计模块引发的异常.'WARNING'
2016-12-27 04:10:43 [ERROR-1006]:测试用例运行结果统计模块引发的异常.'WARNING'
2016-12-27 04:10:48 [ERROR-1006]:测试用例运行结果统计模块引发的异常.'WARNING'
2016-12-27 04:10:49 [ERROR-1006]:测试用例运行结果统计模块引发的异常.'WARNING'
2016-12-27 04:10:53 [ERROR-1006]:测试用例运行结果统计模块引发的异常.'WARNING'
2016-12-27 04:11:21 [ERROR-1006]:测试用例运行结果统计模块引发的异常.'WARNING'
2016-12-27 04:11:22 [ERROR-1006]:测试用例运行结果统计模块引发的异常.'WARNING'
2016-12-27 04:11:27 [ERROR-1006]:测试用例运行结果统计模块引发的异常.'WARNING'
2016-12-27 04:11:28 [ERROR-1006]:测试用例运行结果统计模块引发的异常.'WARNING'
2016-12-27 04:11:32 [ERROR-1006]:测试用例运行结果统计模块引发的异常.'WARNING'
2016-12-27 04:11:33 [ERROR-1006]:测试用例运行结果统计模块引发的异常.'WARNING'
2016-12-27 04:11:38 [ERROR-1006]:测试用例运行结果统计模块引发的异常.'WARNING'
2016-12-27 04:11:39 [ERROR-1006]:测试用例运行结果统计模块引发的异常.'WARNING'
2016-12-27 04:11:44 [ERROR-1006]:测试用例运行结果统计模块引发的异常.'WARNING'
2016-12-27 04:11:45 [ERROR-1006]:测试用例运行结果统计模块引发的异常.'WARNING'
2016-12-27 04:11:49 [ERROR-1006]:测试用例运行结果统计模块引发的异常.'WARNING'
2016-12-27 04:11:50 [ERROR-1006]:测试用例运行结果统计模块引发的异常.'WARNING'
2016-12-27 04:11:59 [ERROR-1006]:测试用例运行结果统计模块引发的异常.'WARNING'
2016-12-27 04:12:00 [ERROR-1006]:测试用例运行结果统计模块引发的异常.'WARNING'
2016-12-27 04:12:05 [ERROR-1006]:测试用例运行结果统计模块引发的异常.'WARNING'
2016-12-27 04:12:06 [ERROR-1006]:测试用例运行结果统计模块引发的异常.'WARNING'
2016-12-27 04:12:11 [ERROR-1006]:测试用例运行结果统计模块引发的异常.'WARNING'
2016-12-27 04:12:12 [ERROR-1006]:测试用例运行结果统计模块引发的异常.'WARNING'
2016-12-27 04:12:42 [ERROR-1006]:测试用例运行结果统计模块引发的异常.'WARNING'
2016-12-27 04:12:43 [ERROR-1006]:测试用例运行结果统计模块引发的异常.'WARNING'
2016-12-27 04:12:48 [ERROR-1006]:测试用例运行结果统计模块引发的异常.'WARNING'
2016-12-27 04:12:49 [ERROR-1006]:测试用例运行结果统计模块引发的异常.'WARNING'
2016-12-27 04:12:53 [ERROR-1006]:测试用例运行结果统计模块引发的异常.'WARNING'
2016-12-27 04:12:54 [ERROR-1006]:测试用例运行结果统计模块引发的异常.'WARNING'
2016-12-27 04:12:59 [ERROR-1006]:测试用例运行结果统计模块引发的异常.'WARNING'
2016-12-27 04:13:00 [ERROR-1006]:测试用例运行结果统计模块引发的异常.'WARNING'
2016-12-27 04:13:30 [ERROR-1006]:测试用例运行结果统计模块引发的异常.'WARNING'
2016-12-27 04:13:31 [ERROR-1006]:测试用例运行结果统计模块引发的异常.'WARNING'
2016-12-27 04:13:36 [ERROR-1006]:测试用例运行结果统计模块引发的异常.'WARNING'
2016-12-27 04:13:37 [ERROR-1006]:测试用例运行结果统计模块引发的异常.'WARNING'
2016-12-27 04:13:42 [ERROR-1006]:测试用例运行结果统计模块引发的异常.'WARNING'
2016-12-27 04:13:43 [ERROR-1006]:测试用例运行结果统计模块引发的异常.'WARNING'
2016-12-27 04:13:48 [ERROR-1006]:测试用例运行结果统计模块引发的异常.'WARNING'
2016-12-27 04:13:49 [ERROR-1006]:测试用例运行结果统计模块引发的异常.'WARNING'
2016-12-27 04:13:50 [ERROR-1006]:测试用例运行结果统计模块引发的异常.'WARNING'
2016-12-27 04:13:54 [ERROR-1006]:测试用例运行结果统计模块引发的异常.'WARNING'
2016-12-27 04:13:55 [ERROR-1006]:测试用例运行结果统计模块引发的异常.'WARNING'
2016-12-27 04:14:00 [ERROR-1006]:测试用例运行结果统计模块引发的异常.'WARNING'
2016-12-27 04:14:01 [ERROR-1006]:测试用例运行结果统计模块引发的异常.'WARNING'
2016-12-27 04:14:32 [ERROR-1006]:测试用例运行结果统计模块引发的异常.'WARNING'
2016-12-27 04:14:33 [ERROR-1006]:测试用例运行结果统计模块引发的异常.'WARNING'
2016-12-27 04:14:37 [ERROR-1006]:测试用例运行结果统计模块引发的异常.'WARNING'
2016-12-27 04:14:38 [ERROR-1006]:测试用例运行结果统计模块引发的异常.'WARNING'
2016-12-27 04:14:43 [ERROR-1006]:测试用例运行结果统计模块引发的异常.'WARNING'
2016-12-27 04:14:44 [ERROR-1006]:测试用例运行结果统计模块引发的异常.'WARNING'
2016-12-27 04:14:48 [ERROR-1006]:测试用例运行结果统计模块引发的异常.'WARNING'
2016-12-27 04:14:49 [ERROR-1006]:测试用例运行结果统计模块引发的异常.'WARNING'
2016-12-27 04:14:56 End.
2016-12-27 04:14:56 程序结束.退货流程2.xml

2016-12-27 04:14:56 程序启动.退货流程1.xml
2016-12-27 04:14:57 Start.
2016-12-27 04:24:29 [ERROR-1006]:测试用例运行结果统计模块引发的异常.'WARNING'
2016-12-27 04:24:30 [ERROR-1006]:测试用例运行结果统计模块引发的异常.'WARNING'
2016-12-27 04:24:34 [ERROR-1006]:测试用例运行结果统计模块引发的异常.'WARNING'
2016-12-27 04:24:35 [ERROR-1006]:测试用例运行结果统计模块引发的异常.'WARNING'
2016-12-27 04:24:40 [ERROR-1006]:测试用例运行结果统计模块引发的异常.'WARNING'
2016-12-27 04:24:41 [ERROR-1006]:测试用例运行结果统计模块引发的异常.'WARNING'
2016-12-27 04:24:46 [ERROR-1006]:测试用例运行结果统计模块引发的异常.'WARNING'
2016-12-27 04:24:47 [ERROR-1006]:测试用例运行结果统计模块引发的异常.'WARNING'
2016-12-27 04:24:51 [ERROR-1006]:测试用例运行结果统计模块引发的异常.'WARNING'
2016-12-27 04:24:53 [ERROR-1006]:测试用例运行结果统计模块引发的异常.'WARNING'
2016-12-27 04:24:57 [ERROR-1006]:测试用例运行结果统计模块引发的异常.'WARNING'
2016-12-27 04:24:58 [ERROR-1006]:测试用例运行结果统计模块引发的异常.'WARNING'
2016-12-27 04:25:02 [ERROR-1006]:测试用例运行结果统计模块引发的异常.'WARNING'
2016-12-27 04:25:03 [ERROR-1006]:测试用例运行结果统计模块引发的异常.'WARNING'
2016-12-27 04:25:10 End.
2016-12-27 04:25:10 程序结束.退货流程1.xml

2016-12-27 04:25:10 程序启动.前端-订单流程.xml
2016-12-27 04:25:11 Start.
2016-12-27 04:34:44 [ERROR-1006]:测试用例运行结果统计模块引发的异常.'WARNING'
2016-12-27 04:34:45 [ERROR-1006]:测试用例运行结果统计模块引发的异常.'WARNING'
2016-12-27 04:34:50 [ERROR-1006]:测试用例运行结果统计模块引发的异常.'WARNING'
2016-12-27 04:35:18 [ERROR-1006]:测试用例运行结果统计模块引发的异常.'WARNING'
2016-12-27 04:35:19 [ERROR-1006]:测试用例运行结果统计模块引发的异常.'WARNING'
2016-12-27 04:35:23 [ERROR-1006]:测试用例运行结果统计模块引发的异常.'WARNING'
2016-12-27 04:35:24 [ERROR-1006]:测试用例运行结果统计模块引发的异常.'WARNING'
2016-12-27 04:35:29 [ERROR-1006]:测试用例运行结果统计模块引发的异常.'WARNING'
2016-12-27 04:35:30 [ERROR-1006]:测试用例运行结果统计模块引发的异常.'WARNING'
2016-12-27 04:35:34 [ERROR-1006]:测试用例运行结果统计模块引发的异常.'WARNING'
2016-12-27 04:35:35 [ERROR-1006]:测试用例运行结果统计模块引发的异常.'WARNING'
2016-12-27 04:35:40 [ERROR-1006]:测试用例运行结果统计模块引发的异常.'WARNING'
2016-12-27 04:35:41 [ERROR-1006]:测试用例运行结果统计模块引发的异常.'WARNING'
2016-12-27 04:35:50 [ERROR-1006]:测试用例运行结果统计模块引发的异常.'WARNING'
2016-12-27 04:35:52 [ERROR-1006]:测试用例运行结果统计模块引发的异常.'WARNING'
2016-12-27 04:35:56 [ERROR-1006]:测试用例运行结果统计模块引发的异常.'WARNING'
2016-12-27 04:35:57 [ERROR-1006]:测试用例运行结果统计模块引发的异常.'WARNING'
2016-12-27 04:36:19 [ERROR-1006]:测试用例运行结果统计模块引发的异常.'WARNING'
2016-12-27 04:36:20 [ERROR-1006]:测试用例运行结果统计模块引发的异常.'WARNING'
2016-12-27 04:36:24 [ERROR-1006]:测试用例运行结果统计模块引发的异常.'WARNING'
2016-12-27 04:36:26 [ERROR-1006]:测试用例运行结果统计模块引发的异常.'WARNING'
2016-12-27 04:36:32 End.
2016-12-27 04:36:32 程序结束.前端-订单流程.xml

2016-12-27 11:34:09 程序启动.前端2.xml
2016-12-27 11:34:10 Start.
2016-12-27 13:58:17 End.
2016-12-27 13:58:17 程序结束.前端2.xml

2016-12-27 13:58:17 程序启动.前端.xml
2016-12-27 13:58:18 Start.
2016-12-27 14:07:27 [ERROR-1006]:测试用例运行结果统计模块引发的异常.'WARNING'
2016-12-27 14:07:29 [ERROR-1006]:测试用例运行结果统计模块引发的异常.'WARNING'
2016-12-27 14:07:39 [ERROR-1006]:测试用例运行结果统计模块引发的异常.'WARNING'
2016-12-27 14:07:40 [ERROR-1006]:测试用例运行结果统计模块引发的异常.'WARNING'
2016-12-27 14:07:47 [ERROR-1006]:测试用例运行结果统计模块引发的异常.'WARNING'
2016-12-27 14:07:48 [ERROR-1006]:测试用例运行结果统计模块引发的异常.'WARNING'
2016-12-27 14:07:57 [ERROR-1006]:测试用例运行结果统计模块引发的异常.'WARNING'
2016-12-27 14:07:58 [ERROR-1006]:测试用例运行结果统计模块引发的异常.'WARNING'
2016-12-27 14:08:05 [ERROR-1006]:测试用例运行结果统计模块引发的异常.'WARNING'
2016-12-27 14:08:06 [ERROR-1006]:测试用例运行结果统计模块引发的异常.'WARNING'
2016-12-27 14:08:13 [ERROR-1006]:测试用例运行结果统计模块引发的异常.'WARNING'
2016-12-27 14:08:14 [ERROR-1006]:测试用例运行结果统计模块引发的异常.'WARNING'
2016-12-27 14:08:18 [ERROR-1006]:测试用例运行结果统计模块引发的异常.'WARNING'
2016-12-27 14:08:19 [ERROR-1006]:测试用例运行结果统计模块引发的异常.'WARNING'
2016-12-27 14:08:24 [ERROR-1006]:测试用例运行结果统计模块引发的异常.'WARNING'
2016-12-27 14:08:31 [ERROR-1006]:测试用例运行结果统计模块引发的异常.'WARNING'
2016-12-27 14:08:32 [ERROR-1006]:测试用例运行结果统计模块引发的异常.'WARNING'
2016-12-27 14:08:36 [ERROR-1006]:测试用例运行结果统计模块引发的异常.'WARNING'
2016-12-27 14:08:37 [ERROR-1006]:测试用例运行结果统计模块引发的异常.'WARNING'
2016-12-27 14:08:47 [ERROR-1006]:测试用例运行结果统计模块引发的异常.'WARNING'
2016-12-27 14:08:48 [ERROR-1006]:测试用例运行结果统计模块引发的异常.'WARNING'
2016-12-27 14:08:52 [ERROR-1006]:测试用例运行结果统计模块引发的异常.'WARNING'
2016-12-27 14:08:53 [ERROR-1006]:测试用例运行结果统计模块引发的异常.'WARNING'
2016-12-27 14:09:03 [ERROR-1006]:测试用例运行结果统计模块引发的异常.'WARNING'
2016-12-27 14:09:04 [ERROR-1006]:测试用例运行结果统计模块引发的异常.'WARNING'
2016-12-27 14:09:11 [ERROR-1006]:测试用例运行结果统计模块引发的异常.'WARNING'
2016-12-27 14:09:12 [ERROR-1006]:测试用例运行结果统计模块引发的异常.'WARNING'
2016-12-27 14:09:18 [ERROR-1006]:测试用例运行结果统计模块引发的异常.'WARNING'
2016-12-27 14:09:19 [ERROR-1006]:测试用例运行结果统计模块引发的异常.'WARNING'
2016-12-27 14:09:24 [ERROR-1006]:测试用例运行结果统计模块引发的异常.'WARNING'
2016-12-27 14:09:25 [ERROR-1006]:测试用例运行结果统计模块引发的异常.'WARNING'
2016-12-27 14:09:29 [ERROR-1006]:测试用例运行结果统计模块引发的异常.'WARNING'
2016-12-27 14:09:31 [ERROR-1006]:测试用例运行结果统计模块引发的异常.'WARNING'
2016-12-27 14:09:35 [ERROR-1006]:测试用例运行结果统计模块引发的异常.'WARNING'
2016-12-27 14:09:36 [ERROR-1006]:测试用例运行结果统计模块引发的异常.'WARNING'
2016-12-27 14:09:40 [ERROR-1006]:测试用例运行结果统计模块引发的异常.'WARNING'
2016-12-27 14:09:41 [ERROR-1006]:测试用例运行结果统计模块引发的异常.'WARNING'
2016-12-27 14:09:45 [ERROR-1006]:测试用例运行结果统计模块引发的异常.'WARNING'
2016-12-27 14:09:46 [ERROR-1006]:测试用例运行结果统计模块引发的异常.'WARNING'
2016-12-27 14:09:55 End.
2016-12-27 14:09:55 程序结束.前端.xml

2016-12-27 14:09:55 程序启动.退货流程4.xml
2016-12-27 14:09:55 Start.
2016-12-27 14:19:01 [ERROR-1006]:测试用例运行结果统计模块引发的异常.'WARNING'
2016-12-27 14:19:02 [ERROR-1006]:测试用例运行结果统计模块引发的异常.'WARNING'
2016-12-27 14:19:06 [ERROR-1006]:测试用例运行结果统计模块引发的异常.'WARNING'
2016-12-27 14:19:07 [ERROR-1006]:测试用例运行结果统计模块引发的异常.'WARNING'
2016-12-27 14:19:11 [ERROR-1006]:测试用例运行结果统计模块引发的异常.'WARNING'
2016-12-27 14:19:12 [ERROR-1006]:测试用例运行结果统计模块引发的异常.'WARNING'
2016-12-27 14:19:16 [ERROR-1006]:测试用例运行结果统计模块引发的异常.'WARNING'
2016-12-27 14:19:17 [ERROR-1006]:测试用例运行结果统计模块引发的异常.'WARNING'
2016-12-27 14:19:21 [ERROR-1006]:测试用例运行结果统计模块引发的异常.'WARNING'
2016-12-27 14:19:23 [ERROR-1006]:测试用例运行结果统计模块引发的异常.'WARNING'
2016-12-27 14:19:27 [ERROR-1006]:测试用例运行结果统计模块引发的异常.'WARNING'
2016-12-27 14:19:28 [ERROR-1006]:测试用例运行结果统计模块引发的异常.'WARNING'
2016-12-27 14:19:35 End.
2016-12-27 14:19:35 程序结束.退货流程4.xml

2016-12-27 14:19:35 程序启动.退货流程3.xml
2016-12-27 14:19:36 Start.
2016-12-27 14:28:42 [ERROR-1006]:测试用例运行结果统计模块引发的异常.'WARNING'
2016-12-27 14:28:43 [ERROR-1006]:测试用例运行结果统计模块引发的异常.'WARNING'
2016-12-27 14:28:47 [ERROR-1006]:测试用例运行结果统计模块引发的异常.'WARNING'
2016-12-27 14:28:48 [ERROR-1006]:测试用例运行结果统计模块引发的异常.'WARNING'
2016-12-27 14:28:52 [ERROR-1006]:测试用例运行结果统计模块引发的异常.'WARNING'
2016-12-27 14:28:53 [ERROR-1006]:测试用例运行结果统计模块引发的异常.'WARNING'
2016-12-27 14:28:57 [ERROR-1006]:测试用例运行结果统计模块引发的异常.'WARNING'
2016-12-27 14:29:02 [ERROR-1006]:测试用例运行结果统计模块引发的异常.'WARNING'
2016-12-27 14:29:03 [ERROR-1006]:测试用例运行结果统计模块引发的异常.'WARNING'
2016-12-27 14:29:07 [ERROR-1006]:测试用例运行结果统计模块引发的异常.'WARNING'
2016-12-27 14:29:08 [ERROR-1006]:测试用例运行结果统计模块引发的异常.'WARNING'
2016-12-27 14:29:12 [ERROR-1006]:测试用例运行结果统计模块引发的异常.'WARNING'
2016-12-27 14:29:13 [ERROR-1006]:测试用例运行结果统计模块引发的异常.'WARNING'
2016-12-27 14:29:17 [ERROR-1006]:测试用例运行结果统计模块引发的异常.'WARNING'
2016-12-27 14:29:18 [ERROR-1006]:测试用例运行结果统计模块引发的异常.'WARNING'
2016-12-27 14:29:24 [ERROR-1006]:测试用例运行结果统计模块引发的异常.'WARNING'
2016-12-27 14:29:25 [ERROR-1006]:测试用例运行结果统计模块引发的异常.'WARNING'
2016-12-27 14:29:29 [ERROR-1006]:测试用例运行结果统计模块引发的异常.'WARNING'
2016-12-27 14:29:30 [ERROR-1006]:测试用例运行结果统计模块引发的异常.'WARNING'
2016-12-27 14:29:37 [ERROR-1006]:测试用例运行结果统计模块引发的异常.'WARNING'
2016-12-27 14:29:38 [ERROR-1006]:测试用例运行结果统计模块引发的异常.'WARNING'
2016-12-27 14:29:42 [ERROR-1006]:测试用例运行结果统计模块引发的异常.'WARNING'
2016-12-27 14:29:44 [ERROR-1006]:测试用例运行结果统计模块引发的异常.'WARNING'
2016-12-27 14:29:48 [ERROR-1006]:测试用例运行结果统计模块引发的异常.'WARNING'
2016-12-27 14:29:49 [ERROR-1006]:测试用例运行结果统计模块引发的异常.'WARNING'
2016-12-27 14:29:56 [ERROR-1006]:测试用例运行结果统计模块引发的异常.'WARNING'
2016-12-27 14:29:57 [ERROR-1006]:测试用例运行结果统计模块引发的异常.'WARNING'
2016-12-27 14:30:01 [ERROR-1006]:测试用例运行结果统计模块引发的异常.'WARNING'
2016-12-27 14:30:02 [ERROR-1006]:测试用例运行结果统计模块引发的异常.'WARNING'
2016-12-27 14:30:06 [ERROR-1006]:测试用例运行结果统计模块引发的异常.'WARNING'
2016-12-27 14:30:09 [ERROR-1006]:测试用例运行结果统计模块引发的异常.'WARNING'
2016-12-27 14:30:13 [ERROR-1006]:测试用例运行结果统计模块引发的异常.'WARNING'
2016-12-27 14:30:14 [ERROR-1006]:测试用例运行结果统计模块引发的异常.'WARNING'
2016-12-27 14:30:18 [ERROR-1006]:测试用例运行结果统计模块引发的异常.'WARNING'
2016-12-27 14:30:19 [ERROR-1006]:测试用例运行结果统计模块引发的异常.'WARNING'
2016-12-27 14:30:23 [ERROR-1006]:测试用例运行结果统计模块引发的异常.'WARNING'
2016-12-27 14:30:24 [ERROR-1006]:测试用例运行结果统计模块引发的异常.'WARNING'
2016-12-27 14:30:29 [ERROR-1006]:测试用例运行结果统计模块引发的异常.'WARNING'
2016-12-27 14:30:30 [ERROR-1006]:测试用例运行结果统计模块引发的异常.'WARNING'
2016-12-27 14:30:37 End.
2016-12-27 14:30:37 程序结束.退货流程3.xml

2016-12-27 14:30:37 程序启动.退货流程2.xml
2016-12-27 14:30:38 Start.
2016-12-27 14:39:41 [ERROR-1006]:测试用例运行结果统计模块引发的异常.'WARNING'
2016-12-27 14:39:43 [ERROR-1006]:测试用例运行结果统计模块引发的异常.'WARNING'
2016-12-27 14:39:46 [ERROR-1006]:测试用例运行结果统计模块引发的异常.'WARNING'
2016-12-27 14:39:48 [ERROR-1006]:测试用例运行结果统计模块引发的异常.'WARNING'
2016-12-27 14:39:51 [ERROR-1006]:测试用例运行结果统计模块引发的异常.'WARNING'
2016-12-27 14:39:55 [ERROR-1006]:测试用例运行结果统计模块引发的异常.'WARNING'
2016-12-27 14:39:57 [ERROR-1006]:测试用例运行结果统计模块引发的异常.'WARNING'
2016-12-27 14:40:00 [ERROR-1006]:测试用例运行结果统计模块引发的异常.'WARNING'
2016-12-27 14:40:02 [ERROR-1006]:测试用例运行结果统计模块引发的异常.'WARNING'
2016-12-27 14:40:06 [ERROR-1006]:测试用例运行结果统计模块引发的异常.'WARNING'
2016-12-27 14:40:07 [ERROR-1006]:测试用例运行结果统计模块引发的异常.'WARNING'
2016-12-27 14:40:11 [ERROR-1006]:测试用例运行结果统计模块引发的异常.'WARNING'
2016-12-27 14:40:12 [ERROR-1006]:测试用例运行结果统计模块引发的异常.'WARNING'
2016-12-27 14:40:17 [ERROR-1006]:测试用例运行结果统计模块引发的异常.'WARNING'
2016-12-27 14:40:18 [ERROR-1006]:测试用例运行结果统计模块引发的异常.'WARNING'
2016-12-27 14:40:22 [ERROR-1006]:测试用例运行结果统计模块引发的异常.'WARNING'
2016-12-27 14:40:23 [ERROR-1006]:测试用例运行结果统计模块引发的异常.'WARNING'
2016-12-27 14:40:30 [ERROR-1006]:测试用例运行结果统计模块引发的异常.'WARNING'
2016-12-27 14:40:31 [ERROR-1006]:测试用例运行结果统计模块引发的异常.'WARNING'
2016-12-27 14:40:35 [ERROR-1006]:测试用例运行结果统计模块引发的异常.'WARNING'
2016-12-27 14:40:36 [ERROR-1006]:测试用例运行结果统计模块引发的异常.'WARNING'
2016-12-27 14:40:40 [ERROR-1006]:测试用例运行结果统计模块引发的异常.'WARNING'
2016-12-27 14:40:41 [ERROR-1006]:测试用例运行结果统计模块引发的异常.'WARNING'
2016-12-27 14:40:50 [ERROR-1006]:测试用例运行结果统计模块引发的异常.'WARNING'
2016-12-27 14:40:51 [ERROR-1006]:测试用例运行结果统计模块引发的异常.'WARNING'
2016-12-27 14:40:56 [ERROR-1006]:测试用例运行结果统计模块引发的异常.'WARNING'
2016-12-27 14:40:57 [ERROR-1006]:测试用例运行结果统计模块引发的异常.'WARNING'
2016-12-27 14:41:01 [ERROR-1006]:测试用例运行结果统计模块引发的异常.'WARNING'
2016-12-27 14:41:02 [ERROR-1006]:测试用例运行结果统计模块引发的异常.'WARNING'
2016-12-27 14:41:06 [ERROR-1006]:测试用例运行结果统计模块引发的异常.'WARNING'
2016-12-27 14:41:07 [ERROR-1006]:测试用例运行结果统计模块引发的异常.'WARNING'
2016-12-27 14:41:15 [ERROR-1006]:测试用例运行结果统计模块引发的异常.'WARNING'
2016-12-27 14:41:16 [ERROR-1006]:测试用例运行结果统计模块引发的异常.'WARNING'
2016-12-27 14:41:20 [ERROR-1006]:测试用例运行结果统计模块引发的异常.'WARNING'
2016-12-27 14:41:21 [ERROR-1006]:测试用例运行结果统计模块引发的异常.'WARNING'
2016-12-27 14:41:26 [ERROR-1006]:测试用例运行结果统计模块引发的异常.'WARNING'
2016-12-27 14:41:27 [ERROR-1006]:测试用例运行结果统计模块引发的异常.'WARNING'
2016-12-27 14:41:31 [ERROR-1006]:测试用例运行结果统计模块引发的异常.'WARNING'
2016-12-27 14:41:33 [ERROR-1006]:测试用例运行结果统计模块引发的异常.'WARNING'
2016-12-27 14:41:34 [ERROR-1006]:测试用例运行结果统计模块引发的异常.'WARNING'
2016-12-27 14:41:39 [ERROR-1006]:测试用例运行结果统计模块引发的异常.'WARNING'
2016-12-27 14:41:40 [ERROR-1006]:测试用例运行结果统计模块引发的异常.'WARNING'
2016-12-27 14:41:44 [ERROR-1006]:测试用例运行结果统计模块引发的异常.'WARNING'
2016-12-27 14:41:45 [ERROR-1006]:测试用例运行结果统计模块引发的异常.'WARNING'
2016-12-27 14:41:52 [ERROR-1006]:测试用例运行结果统计模块引发的异常.'WARNING'
2016-12-27 14:41:53 [ERROR-1006]:测试用例运行结果统计模块引发的异常.'WARNING'
2016-12-27 14:41:57 [ERROR-1006]:测试用例运行结果统计模块引发的异常.'WARNING'
2016-12-27 14:41:58 [ERROR-1006]:测试用例运行结果统计模块引发的异常.'WARNING'
2016-12-27 14:42:02 [ERROR-1006]:测试用例运行结果统计模块引发的异常.'WARNING'
2016-12-27 14:42:03 [ERROR-1006]:测试用例运行结果统计模块引发的异常.'WARNING'
2016-12-27 14:42:07 [ERROR-1006]:测试用例运行结果统计模块引发的异常.'WARNING'
2016-12-27 14:42:09 [ERROR-1006]:测试用例运行结果统计模块引发的异常.'WARNING'
2016-12-27 14:42:17 End.
2016-12-27 14:42:17 程序结束.退货流程2.xml

2016-12-27 14:42:17 程序启动.退货流程1.xml
2016-12-27 14:42:17 Start.
2016-12-27 14:51:24 [ERROR-1006]:测试用例运行结果统计模块引发的异常.'WARNING'
2016-12-27 14:51:26 [ERROR-1006]:测试用例运行结果统计模块引发的异常.'WARNING'
2016-12-27 14:51:29 [ERROR-1006]:测试用例运行结果统计模块引发的异常.'WARNING'
2016-12-27 14:51:31 [ERROR-1006]:测试用例运行结果统计模块引发的异常.'WARNING'
2016-12-27 14:51:35 [ERROR-1006]:测试用例运行结果统计模块引发的异常.'WARNING'
2016-12-27 14:51:36 [ERROR-1006]:测试用例运行结果统计模块引发的异常.'WARNING'
2016-12-27 14:51:40 [ERROR-1006]:测试用例运行结果统计模块引发的异常.'WARNING'
2016-12-27 14:51:41 [ERROR-1006]:测试用例运行结果统计模块引发的异常.'WARNING'
2016-12-27 14:51:45 [ERROR-1006]:测试用例运行结果统计模块引发的异常.'WARNING'
2016-12-27 14:51:46 [ERROR-1006]:测试用例运行结果统计模块引发的异常.'WARNING'
2016-12-27 14:51:50 [ERROR-1006]:测试用例运行结果统计模块引发的异常.'WARNING'
2016-12-27 14:51:51 [ERROR-1006]:测试用例运行结果统计模块引发的异常.'WARNING'
2016-12-27 14:51:55 [ERROR-1006]:测试用例运行结果统计模块引发的异常.'WARNING'
2016-12-27 14:51:56 [ERROR-1006]:测试用例运行结果统计模块引发的异常.'WARNING'
2016-12-27 14:52:03 End.
2016-12-27 14:52:03 程序结束.退货流程1.xml

2016-12-27 14:52:03 程序启动.前端-订单流程.xml
2016-12-27 14:52:04 Start.
2016-12-27 14:54:01 [ERROR-1006]:测试用例运行结果统计模块引发的异常.'WARNING'
2016-12-27 14:54:02 [ERROR-1006]:测试用例运行结果统计模块引发的异常.'WARNING'
2016-12-27 14:54:06 [ERROR-1006]:测试用例运行结果统计模块引发的异常.'WARNING'
2016-12-27 14:54:10 [ERROR-1006]:测试用例运行结果统计模块引发的异常.'WARNING'
2016-12-27 14:54:11 [ERROR-1006]:测试用例运行结果统计模块引发的异常.'WARNING'
2016-12-27 14:54:15 [ERROR-1006]:测试用例运行结果统计模块引发的异常.'WARNING'
2016-12-27 14:54:17 [ERROR-1006]:测试用例运行结果统计模块引发的异常.'WARNING'
2016-12-27 14:54:21 [ERROR-1006]:测试用例运行结果统计模块引发的异常.'WARNING'
2016-12-27 14:54:22 [ERROR-1006]:测试用例运行结果统计模块引发的异常.'WARNING'
2016-12-27 14:54:26 [ERROR-1006]:测试用例运行结果统计模块引发的异常.'WARNING'
2016-12-27 14:54:27 [ERROR-1006]:测试用例运行结果统计模块引发的异常.'WARNING'
2016-12-27 14:54:31 [ERROR-1006]:测试用例运行结果统计模块引发的异常.'WARNING'
2016-12-27 14:54:32 [ERROR-1006]:测试用例运行结果统计模块引发的异常.'WARNING'
2016-12-27 14:54:41 [ERROR-1006]:测试用例运行结果统计模块引发的异常.'WARNING'
2016-12-27 14:54:44 [ERROR-1006]:测试用例运行结果统计模块引发的异常.'WARNING'
2016-12-27 14:54:48 [ERROR-1006]:测试用例运行结果统计模块引发的异常.'WARNING'
2016-12-27 14:54:49 [ERROR-1006]:测试用例运行结果统计模块引发的异常.'WARNING'
2016-12-27 14:54:58 [ERROR-1006]:测试用例运行结果统计模块引发的异常.'WARNING'
2016-12-27 14:54:59 [ERROR-1006]:测试用例运行结果统计模块引发的异常.'WARNING'
2016-12-27 14:55:03 [ERROR-1006]:测试用例运行结果统计模块引发的异常.'WARNING'
2016-12-27 14:55:04 [ERROR-1006]:测试用例运行结果统计模块引发的异常.'WARNING'
2016-12-27 14:55:11 End.
2016-12-27 14:55:11 程序结束.前端-订单流程.xml

2016-12-29 00:00:01 程序启动.前端2.xml
2016-12-29 00:00:02 Start.
2016-12-29 00:07:41 [ERROR-1006]:测试用例运行结果统计模块引发的异常.'WARNING'
2016-12-29 00:08:46 [ERROR-1006]:测试用例运行结果统计模块引发的异常.'WARNING'
2016-12-29 00:09:51 [ERROR-1006]:测试用例运行结果统计模块引发的异常.'WARNING'
2016-12-29 00:15:39 End.
2016-12-29 00:15:39 程序结束.前端2.xml

2016-12-29 00:15:39 程序启动.前端.xml
2016-12-29 00:15:40 Start.
2016-12-29 00:18:14 [ERROR-1006]:测试用例运行结果统计模块引发的异常.'WARNING'
2016-12-29 00:19:19 [ERROR-1006]:测试用例运行结果统计模块引发的异常.'WARNING'
2016-12-29 00:19:56 [ERROR-1006]:测试用例运行结果统计模块引发的异常.'WARNING'
2016-12-29 00:20:03 [ERROR-1006]:测试用例运行结果统计模块引发的异常.'WARNING'
2016-12-29 00:20:58 [ERROR-1006]:测试用例运行结果统计模块引发的异常.'WARNING'
2016-12-29 00:21:09 [ERROR-1006]:测试用例运行结果统计模块引发的异常.'WARNING'
2016-12-29 00:21:22 [ERROR-1006]:测试用例运行结果统计模块引发的异常.'WARNING'
2016-12-29 00:22:30 [ERROR-1006]:测试用例运行结果统计模块引发的异常.'WARNING'
2016-12-29 00:27:27 [ERROR-1006]:测试用例运行结果统计模块引发的异常.'WARNING'
2016-12-29 00:27:57 End.
2016-12-29 00:27:57 程序结束.前端.xml

2016-12-29 00:27:57 程序启动.退货流程4.xml
2016-12-29 00:27:58 Start.
2016-12-29 00:32:41 [ERROR-1006]:测试用例运行结果统计模块引发的异常.'WARNING'
2016-12-29 00:32:42 [ERROR-1006]:测试用例运行结果统计模块引发的异常.'WARNING'
2016-12-29 00:33:35 [ERROR-1006]:测试用例运行结果统计模块引发的异常.'WARNING'
2016-12-29 00:33:36 [ERROR-1006]:测试用例运行结果统计模块引发的异常.'WARNING'
2016-12-29 00:34:28 [ERROR-1006]:测试用例运行结果统计模块引发的异常.'WARNING'
2016-12-29 00:34:29 [ERROR-1006]:测试用例运行结果统计模块引发的异常.'WARNING'
2016-12-29 00:35:24 [ERROR-1006]:测试用例运行结果统计模块引发的异常.'WARNING'
2016-12-29 00:35:25 [ERROR-1006]:测试用例运行结果统计模块引发的异常.'WARNING'
2016-12-29 00:36:17 [ERROR-1006]:测试用例运行结果统计模块引发的异常.'WARNING'
2016-12-29 00:36:18 [ERROR-1006]:测试用例运行结果统计模块引发的异常.'WARNING'
2016-12-29 00:37:10 [ERROR-1006]:测试用例运行结果统计模块引发的异常.'WARNING'
2016-12-29 00:37:11 [ERROR-1006]:测试用例运行结果统计模块引发的异常.'WARNING'
2016-12-29 00:38:03 [ERROR-1006]:测试用例运行结果统计模块引发的异常.'WARNING'
2016-12-29 00:38:04 [ERROR-1006]:测试用例运行结果统计模块引发的异常.'WARNING'
2016-12-29 00:38:59 [ERROR-1006]:测试用例运行结果统计模块引发的异常.'WARNING'
2016-12-29 00:39:00 [ERROR-1006]:测试用例运行结果统计模块引发的异常.'WARNING'
2016-12-29 00:39:52 [ERROR-1006]:测试用例运行结果统计模块引发的异常.'WARNING'
2016-12-29 00:39:53 [ERROR-1006]:测试用例运行结果统计模块引发的异常.'WARNING'
2016-12-29 00:40:45 [ERROR-1006]:测试用例运行结果统计模块引发的异常.'WARNING'
2016-12-29 00:40:47 [ERROR-1006]:测试用例运行结果统计模块引发的异常.'WARNING'
2016-12-29 00:41:39 [ERROR-1006]:测试用例运行结果统计模块引发的异常.'WARNING'
2016-12-29 00:41:40 [ERROR-1006]:测试用例运行结果统计模块引发的异常.'WARNING'
2016-12-29 00:46:02 End.
2016-12-29 00:46:02 程序结束.退货流程4.xml

2016-12-29 00:46:02 程序启动.退货流程3.xml
2016-12-29 00:46:03 Start.
2016-12-29 00:50:34 End.
2016-12-29 00:50:34 程序结束.退货流程3.xml

2016-12-29 00:50:34 程序启动.退货流程2.xml
2016-12-29 00:50:35 Start.
2016-12-29 00:56:47 End.
2016-12-29 00:56:47 程序结束.退货流程2.xml

2016-12-29 00:56:47 程序启动.退货流程1.xml
2016-12-29 00:56:48 Start.
2016-12-29 01:00:50 End.
2016-12-29 01:00:50 程序结束.退货流程1.xml

2016-12-29 01:00:50 程序启动.前端-订单流程.xml
2016-12-29 01:00:50 Start.
2016-12-29 01:04:30 [ERROR-1006]:测试用例运行结果统计模块引发的异常.'WARNING'
2016-12-29 01:05:58 End.
2016-12-29 01:05:58 程序结束.前端-订单流程.xml

2016-12-30 00:00:01 程序启动.前端2.xml
2016-12-30 00:00:02 Start.
2016-12-30 00:10:03 [ERROR-1006]:测试用例运行结果统计模块引发的异常.'WARNING'
2016-12-30 00:11:10 [ERROR-1006]:测试用例运行结果统计模块引发的异常.'WARNING'
2016-12-30 00:29:17 End.
2016-12-30 00:29:17 程序结束.前端2.xml

2016-12-30 00:29:17 程序启动.前端.xml
2016-12-30 00:29:19 Start.
2016-12-30 00:31:50 [ERROR-1006]:测试用例运行结果统计模块引发的异常.'WARNING'
2016-12-30 00:32:45 [ERROR-1006]:测试用例运行结果统计模块引发的异常.'WARNING'
2016-12-30 00:32:54 [ERROR-1006]:测试用例运行结果统计模块引发的异常.'WARNING'
2016-12-30 00:33:25 [ERROR-1006]:测试用例运行结果统计模块引发的异常.'WARNING'
2016-12-30 00:33:32 [ERROR-1006]:测试用例运行结果统计模块引发的异常.'WARNING'
2016-12-30 00:33:40 [ERROR-1006]:测试用例运行结果统计模块引发的异常.'WARNING'
2016-12-30 00:34:35 [ERROR-1006]:测试用例运行结果统计模块引发的异常.'WARNING'
2016-12-30 00:34:46 [ERROR-1006]:测试用例运行结果统计模块引发的异常.'WARNING'
2016-12-30 00:35:00 [ERROR-1006]:测试用例运行结果统计模块引发的异常.'WARNING'
2016-12-30 00:38:04 [ERROR-1006]:测试用例运行结果统计模块引发的异常.'WARNING'
2016-12-30 00:42:51 [ERROR-1006]:测试用例运行结果统计模块引发的异常.'WARNING'
2016-12-30 00:43:20 End.
2016-12-30 00:43:20 程序结束.前端.xml

2016-12-30 00:43:20 程序启动.退货流程4.xml
2016-12-30 00:43:21 Start.
2016-12-30 00:52:38 [ERROR-1006]:测试用例运行结果统计模块引发的异常.'WARNING'
2016-12-30 00:52:39 [ERROR-1006]:测试用例运行结果统计模块引发的异常.'WARNING'
2016-12-30 00:52:43 [ERROR-1006]:测试用例运行结果统计模块引发的异常.'WARNING'
2016-12-30 00:52:44 [ERROR-1006]:测试用例运行结果统计模块引发的异常.'WARNING'
2016-12-30 00:52:48 [ERROR-1006]:测试用例运行结果统计模块引发的异常.'WARNING'
2016-12-30 00:52:49 [ERROR-1006]:测试用例运行结果统计模块引发的异常.'WARNING'
2016-12-30 00:52:53 [ERROR-1006]:测试用例运行结果统计模块引发的异常.'WARNING'
2016-12-30 00:52:54 [ERROR-1006]:测试用例运行结果统计模块引发的异常.'WARNING'
2016-12-30 00:52:58 [ERROR-1006]:测试用例运行结果统计模块引发的异常.'WARNING'
2016-12-30 00:52:59 [ERROR-1006]:测试用例运行结果统计模块引发的异常.'WARNING'
2016-12-30 00:53:03 [ERROR-1006]:测试用例运行结果统计模块引发的异常.'WARNING'
2016-12-30 00:53:04 [ERROR-1006]:测试用例运行结果统计模块引发的异常.'WARNING'
2016-12-30 00:53:11 End.
2016-12-30 00:53:11 程序结束.退货流程4.xml

2016-12-30 00:53:11 程序启动.退货流程3.xml
2016-12-30 00:53:12 Start.
2016-12-30 01:14:43 End.
2016-12-30 01:14:43 程序结束.退货流程3.xml

2016-12-30 01:14:43 程序启动.退货流程2.xml
2016-12-30 01:14:43 Start.
2016-12-30 01:25:50 [ERROR-1006]:测试用例运行结果统计模块引发的异常.'WARNING'
2016-12-30 01:25:51 [ERROR-1006]:测试用例运行结果统计模块引发的异常.'WARNING'
2016-12-30 01:25:55 [ERROR-1006]:测试用例运行结果统计模块引发的异常.'WARNING'
2016-12-30 01:25:56 [ERROR-1006]:测试用例运行结果统计模块引发的异常.'WARNING'
2016-12-30 01:26:00 [ERROR-1006]:测试用例运行结果统计模块引发的异常.'WARNING'
2016-12-30 01:26:04 [ERROR-1006]:测试用例运行结果统计模块引发的异常.'WARNING'
2016-12-30 01:26:06 [ERROR-1006]:测试用例运行结果统计模块引发的异常.'WARNING'
2016-12-30 01:26:10 [ERROR-1006]:测试用例运行结果统计模块引发的异常.'WARNING'
2016-12-30 01:26:11 [ERROR-1006]:测试用例运行结果统计模块引发的异常.'WARNING'
2016-12-30 01:26:15 [ERROR-1006]:测试用例运行结果统计模块引发的异常.'WARNING'
2016-12-30 01:26:16 [ERROR-1006]:测试用例运行结果统计模块引发的异常.'WARNING'
2016-12-30 01:26:20 [ERROR-1006]:测试用例运行结果统计模块引发的异常.'WARNING'
2016-12-30 01:26:21 [ERROR-1006]:测试用例运行结果统计模块引发的异常.'WARNING'
2016-12-30 01:26:25 [ERROR-1006]:测试用例运行结果统计模块引发的异常.'WARNING'
2016-12-30 01:26:26 [ERROR-1006]:测试用例运行结果统计模块引发的异常.'WARNING'
2016-12-30 01:26:30 [ERROR-1006]:测试用例运行结果统计模块引发的异常.'WARNING'
2016-12-30 01:26:31 [ERROR-1006]:测试用例运行结果统计模块引发的异常.'WARNING'
2016-12-30 01:26:38 [ERROR-1006]:测试用例运行结果统计模块引发的异常.'WARNING'
2016-12-30 01:26:39 [ERROR-1006]:测试用例运行结果统计模块引发的异常.'WARNING'
2016-12-30 01:26:43 [ERROR-1006]:测试用例运行结果统计模块引发的异常.'WARNING'
2016-12-30 01:26:44 [ERROR-1006]:测试用例运行结果统计模块引发的异常.'WARNING'
2016-12-30 01:26:48 [ERROR-1006]:测试用例运行结果统计模块引发的异常.'WARNING'
2016-12-30 01:26:49 [ERROR-1006]:测试用例运行结果统计模块引发的异常.'WARNING'
2016-12-30 01:26:57 [ERROR-1006]:测试用例运行结果统计模块引发的异常.'WARNING'
2016-12-30 01:26:58 [ERROR-1006]:测试用例运行结果统计模块引发的异常.'WARNING'
2016-12-30 01:27:03 [ERROR-1006]:测试用例运行结果统计模块引发的异常.'WARNING'
2016-12-30 01:27:04 [ERROR-1006]:测试用例运行结果统计模块引发的异常.'WARNING'
2016-12-30 01:27:08 [ERROR-1006]:测试用例运行结果统计模块引发的异常.'WARNING'
2016-12-30 01:27:09 [ERROR-1006]:测试用例运行结果统计模块引发的异常.'WARNING'
2016-12-30 01:27:14 [ERROR-1006]:测试用例运行结果统计模块引发的异常.'WARNING'
2016-12-30 01:27:15 [ERROR-1006]:测试用例运行结果统计模块引发的异常.'WARNING'
2016-12-30 01:27:22 [ERROR-1006]:测试用例运行结果统计模块引发的异常.'WARNING'
2016-12-30 01:27:23 [ERROR-1006]:测试用例运行结果统计模块引发的异常.'WARNING'
2016-12-30 01:27:27 [ERROR-1006]:测试用例运行结果统计模块引发的异常.'WARNING'
2016-12-30 01:27:29 [ERROR-1006]:测试用例运行结果统计模块引发的异常.'WARNING'
2016-12-30 01:27:33 [ERROR-1006]:测试用例运行结果统计模块引发的异常.'WARNING'
2016-12-30 01:27:34 [ERROR-1006]:测试用例运行结果统计模块引发的异常.'WARNING'
2016-12-30 01:27:38 [ERROR-1006]:测试用例运行结果统计模块引发的异常.'WARNING'
2016-12-30 01:27:40 [ERROR-1006]:测试用例运行结果统计模块引发的异常.'WARNING'
2016-12-30 01:27:41 [ERROR-1006]:测试用例运行结果统计模块引发的异常.'WARNING'
2016-12-30 01:27:45 [ERROR-1006]:测试用例运行结果统计模块引发的异常.'WARNING'
2016-12-30 01:27:46 [ERROR-1006]:测试用例运行结果统计模块引发的异常.'WARNING'
2016-12-30 01:27:50 [ERROR-1006]:测试用例运行结果统计模块引发的异常.'WARNING'
2016-12-30 01:27:52 [ERROR-1006]:测试用例运行结果统计模块引发的异常.'WARNING'
2016-12-30 01:28:00 [ERROR-1006]:测试用例运行结果统计模块引发的异常.'WARNING'
2016-12-30 01:28:01 [ERROR-1006]:测试用例运行结果统计模块引发的异常.'WARNING'
2016-12-30 01:28:05 [ERROR-1006]:测试用例运行结果统计模块引发的异常.'WARNING'
2016-12-30 01:28:06 [ERROR-1006]:测试用例运行结果统计模块引发的异常.'WARNING'
2016-12-30 01:28:10 [ERROR-1006]:测试用例运行结果统计模块引发的异常.'WARNING'
2016-12-30 01:28:11 [ERROR-1006]:测试用例运行结果统计模块引发的异常.'WARNING'
2016-12-30 01:28:14 [ERROR-1006]:测试用例运行结果统计模块引发的异常.'WARNING'
2016-12-30 01:28:15 [ERROR-1006]:测试用例运行结果统计模块引发的异常.'WARNING'
2016-12-30 01:28:22 End.
2016-12-30 01:28:22 程序结束.退货流程2.xml

2016-12-30 01:28:22 程序启动.退货流程1.xml
2016-12-30 01:28:24 Start.
2016-12-30 01:44:12 End.
2016-12-30 01:44:12 程序结束.退货流程1.xml

2016-12-30 01:44:12 程序启动.前端-订单流程.xml
2016-12-30 01:44:13 Start.
2016-12-30 01:53:09 [ERROR-1006]:测试用例运行结果统计模块引发的异常.'WARNING'
2016-12-30 02:02:16 End.
2016-12-30 02:02:16 程序结束.前端-订单流程.xml

2017-01-03 23:00:03 程序启动.前端2.xml
2017-01-03 23:00:04 Start.
2017-01-03 23:12:58 [ERROR-1006]:测试用例运行结果统计模块引发的异常.'WARNING'
2017-01-03 23:14:05 [ERROR-1006]:测试用例运行结果统计模块引发的异常.'WARNING'
2017-01-03 23:20:02 End.
2017-01-03 23:20:02 程序结束.前端2.xml

2017-01-03 23:20:02 程序启动.前端.xml
2017-01-03 23:20:03 Start.
2017-01-03 23:23:36 [ERROR-1006]:测试用例运行结果统计模块引发的异常.'WARNING'
2017-01-03 23:23:45 [ERROR-1006]:测试用例运行结果统计模块引发的异常.'WARNING'
2017-01-03 23:24:15 [ERROR-1006]:测试用例运行结果统计模块引发的异常.'WARNING'
2017-01-03 23:24:22 [ERROR-1006]:测试用例运行结果统计模块引发的异常.'WARNING'
2017-01-03 23:25:14 [ERROR-1006]:测试用例运行结果统计模块引发的异常.'WARNING'
2017-01-03 23:25:26 [ERROR-1006]:测试用例运行结果统计模块引发的异常.'WARNING'
2017-01-03 23:25:37 [ERROR-1006]:测试用例运行结果统计模块引发的异常.'WARNING'
2017-01-03 23:26:09 [ERROR-1006]:测试用例运行结果统计模块引发的异常.'WARNING'
2017-01-03 23:28:00 [ERROR-1006]:测试用例运行结果统计模块引发的异常.'WARNING'
2017-01-03 23:32:56 [ERROR-1006]:测试用例运行结果统计模块引发的异常.'WARNING'
2017-01-03 23:33:29 End.
2017-01-03 23:33:29 程序结束.前端.xml

2017-01-03 23:33:29 程序启动.退货流程4.xml
2017-01-03 23:33:30 Start.
2017-01-03 23:36:16 End.
2017-01-03 23:36:16 程序结束.退货流程4.xml

2017-01-03 23:36:16 程序启动.退货流程3.xml
2017-01-03 23:36:16 Start.
2017-01-03 23:40:50 End.
2017-01-03 23:40:50 程序结束.退货流程3.xml

2017-01-03 23:40:50 程序启动.退货流程2.xml
2017-01-03 23:40:50 Start.
2017-01-03 23:48:00 End.
2017-01-03 23:48:00 程序结束.退货流程2.xml

2017-01-03 23:48:00 程序启动.退货流程1.xml
2017-01-03 23:48:01 Start.
2017-01-03 23:51:06 End.
2017-01-03 23:51:06 程序结束.退货流程1.xml

2017-01-03 23:51:06 程序启动.前端-订单流程.xml
2017-01-03 23:51:07 Start.
2017-01-03 23:54:55 [ERROR-1006]:测试用例运行结果统计模块引发的异常.'WARNING'
2017-01-03 23:56:26 End.
2017-01-03 23:56:26 程序结束.前端-订单流程.xml

