2016-12-20 15:12:22 程序启动.退货流程2.xml
2016-12-20 15:12:22 Start.
2016-12-20 15:16:07 [ERROR-1006]:测试用例运行结果统计模块引发的异常.'WARNING'
2016-12-20 15:16:09 [ERROR-1006]:测试用例运行结果统计模块引发的异常.'WARNING'
2016-12-20 15:16:12 [ERROR-1006]:测试用例运行结果统计模块引发的异常.'WARNING'
2016-12-20 15:16:14 [ERROR-1006]:测试用例运行结果统计模块引发的异常.'WARNING'
2016-12-20 15:16:17 [ERROR-1006]:测试用例运行结果统计模块引发的异常.'WARNING'
2016-12-20 15:16:18 [ERROR-1006]:测试用例运行结果统计模块引发的异常.'WARNING'
2016-12-20 15:16:22 [ERROR-1006]:测试用例运行结果统计模块引发的异常.'WARNING'
2016-12-20 15:16:23 [ERROR-1006]:测试用例运行结果统计模块引发的异常.'WARNING'
2016-12-20 15:16:53 [ERROR-1006]:测试用例运行结果统计模块引发的异常.'WARNING'
2016-12-20 15:16:54 [ERROR-1006]:测试用例运行结果统计模块引发的异常.'WARNING'
2016-12-20 15:16:57 [ERROR-1006]:测试用例运行结果统计模块引发的异常.'WARNING'
2016-12-20 15:16:59 [ERROR-1006]:测试用例运行结果统计模块引发的异常.'WARNING'
2016-12-20 15:17:02 [ERROR-1006]:测试用例运行结果统计模块引发的异常.'WARNING'
2016-12-20 15:17:03 [ERROR-1006]:测试用例运行结果统计模块引发的异常.'WARNING'
2016-12-20 15:17:07 [ERROR-1006]:测试用例运行结果统计模块引发的异常.'WARNING'
2016-12-20 15:17:08 [ERROR-1006]:测试用例运行结果统计模块引发的异常.'WARNING'
2016-12-20 15:17:10 [ERROR-1006]:测试用例运行结果统计模块引发的异常.'WARNING'
2016-12-20 15:17:13 [ERROR-1006]:测试用例运行结果统计模块引发的异常.'WARNING'
2016-12-20 15:17:15 [ERROR-1006]:测试用例运行结果统计模块引发的异常.'WARNING'
2016-12-20 15:17:18 [ERROR-1006]:测试用例运行结果统计模块引发的异常.'WARNING'
2016-12-20 15:17:20 [ERROR-1006]:测试用例运行结果统计模块引发的异常.'WARNING'
2016-12-20 15:17:50 [ERROR-1006]:测试用例运行结果统计模块引发的异常.'WARNING'
2016-12-20 15:17:51 [ERROR-1006]:测试用例运行结果统计模块引发的异常.'WARNING'
2016-12-20 15:17:55 [ERROR-1006]:测试用例运行结果统计模块引发的异常.'WARNING'
2016-12-20 15:17:56 [ERROR-1006]:测试用例运行结果统计模块引发的异常.'WARNING'
2016-12-20 15:18:00 [ERROR-1006]:测试用例运行结果统计模块引发的异常.'WARNING'
2016-12-20 15:18:01 [ERROR-1006]:测试用例运行结果统计模块引发的异常.'WARNING'
2016-12-20 15:18:05 [ERROR-1006]:测试用例运行结果统计模块引发的异常.'WARNING'
2016-12-20 15:18:06 [ERROR-1006]:测试用例运行结果统计模块引发的异常.'WARNING'
2016-12-20 15:18:13 End.
2016-12-20 15:18:13 程序结束.退货流程2.xml

2016-12-20 15:20:14 程序启动.退货流程2.xml
2016-12-20 15:20:14 Start.
2016-12-20 15:26:40 End.
2016-12-20 15:26:40 程序结束.退货流程2.xml

