2016-12-20 16:03:01 程序启动.前端.xml
2016-12-20 16:03:01 Start.
2016-12-20 16:03:02 [ERROR-1004]:引入测试方案模块失败引发的异常.U商城项目/U商城前端/会员中心/会员中心/会员中心.No module named 'PyQt5'
2016-12-20 16:11:57 [ERROR-1006]:测试用例运行结果统计模块引发的异常.'WARNING'
2016-12-20 16:12:21 [ERROR-1006]:测试用例运行结果统计模块引发的异常.'WARNING'
2016-12-20 16:12:52 [ERROR-1006]:测试用例运行结果统计模块引发的异常.'WARNING'
2016-12-20 16:13:03 [ERROR-1006]:测试用例运行结果统计模块引发的异常.'WARNING'
2016-12-20 16:14:28 [ERROR-1006]:测试用例运行结果统计模块引发的异常.'WARNING'
2016-12-20 16:19:55 End.
2016-12-20 16:19:55 程序结束.前端.xml

2016-12-20 16:51:59 程序启动.前端.xml
2016-12-20 16:52:00 Start.
2016-12-20 16:54:16 [ERROR-1006]:测试用例运行结果统计模块引发的异常.'WARNING'
2016-12-20 16:54:17 [ERROR-1006]:测试用例运行结果统计模块引发的异常.'WARNING'
2016-12-20 16:54:39 [ERROR-1006]:测试用例运行结果统计模块引发的异常.'WARNING'
2016-12-20 16:54:40 [ERROR-1006]:测试用例运行结果统计模块引发的异常.'WARNING'
2016-12-20 16:54:47 [ERROR-1006]:测试用例运行结果统计模块引发的异常.'WARNING'
2016-12-20 16:54:48 [ERROR-1006]:测试用例运行结果统计模块引发的异常.'WARNING'
2016-12-20 16:55:10 [ERROR-1006]:测试用例运行结果统计模块引发的异常.'WARNING'
2016-12-20 16:55:11 [ERROR-1006]:测试用例运行结果统计模块引发的异常.'WARNING'
2016-12-20 16:55:19 [ERROR-1006]:测试用例运行结果统计模块引发的异常.'WARNING'
2016-12-20 16:55:21 [ERROR-1006]:测试用例运行结果统计模块引发的异常.'WARNING'
2016-12-20 16:55:38 [ERROR-1006]:测试用例运行结果统计模块引发的异常.'WARNING'
2016-12-20 16:55:40 [ERROR-1006]:测试用例运行结果统计模块引发的异常.'WARNING'
2016-12-20 16:55:43 [ERROR-1006]:测试用例运行结果统计模块引发的异常.'WARNING'
2016-12-20 16:55:45 [ERROR-1006]:测试用例运行结果统计模块引发的异常.'WARNING'
2016-12-20 16:56:01 [ERROR-1006]:测试用例运行结果统计模块引发的异常.'WARNING'
2016-12-20 16:56:19 [ERROR-1006]:测试用例运行结果统计模块引发的异常.'WARNING'
2016-12-20 16:56:20 [ERROR-1006]:测试用例运行结果统计模块引发的异常.'WARNING'
2016-12-20 16:56:24 [ERROR-1006]:测试用例运行结果统计模块引发的异常.'WARNING'
2016-12-20 16:56:25 [ERROR-1006]:测试用例运行结果统计模块引发的异常.'WARNING'
2016-12-20 16:56:47 [ERROR-1006]:测试用例运行结果统计模块引发的异常.'WARNING'
2016-12-20 16:56:48 [ERROR-1006]:测试用例运行结果统计模块引发的异常.'WARNING'
2016-12-20 16:56:52 [ERROR-1006]:测试用例运行结果统计模块引发的异常.'WARNING'
2016-12-20 16:56:53 [ERROR-1006]:测试用例运行结果统计模块引发的异常.'WARNING'
2016-12-20 16:57:16 [ERROR-1006]:测试用例运行结果统计模块引发的异常.'WARNING'
2016-12-20 16:57:17 [ERROR-1006]:测试用例运行结果统计模块引发的异常.'WARNING'
2016-12-20 16:57:20 [ERROR-1006]:测试用例运行结果统计模块引发的异常.'WARNING'
2016-12-20 16:57:22 [ERROR-1006]:测试用例运行结果统计模块引发的异常.'WARNING'
2016-12-20 16:57:27 [ERROR-1006]:测试用例运行结果统计模块引发的异常.'WARNING'
2016-12-20 16:57:29 [ERROR-1006]:测试用例运行结果统计模块引发的异常.'WARNING'
2016-12-20 16:57:33 [ERROR-1006]:测试用例运行结果统计模块引发的异常.'WARNING'
2016-12-20 16:57:34 [ERROR-1006]:测试用例运行结果统计模块引发的异常.'WARNING'
2016-12-20 16:57:38 [ERROR-1006]:测试用例运行结果统计模块引发的异常.'WARNING'
2016-12-20 16:57:39 [ERROR-1006]:测试用例运行结果统计模块引发的异常.'WARNING'
2016-12-20 16:57:43 [ERROR-1006]:测试用例运行结果统计模块引发的异常.'WARNING'
2016-12-20 16:57:44 [ERROR-1006]:测试用例运行结果统计模块引发的异常.'WARNING'
2016-12-20 16:57:48 [ERROR-1006]:测试用例运行结果统计模块引发的异常.'WARNING'
2016-12-20 16:57:49 [ERROR-1006]:测试用例运行结果统计模块引发的异常.'WARNING'
2016-12-20 16:57:53 [ERROR-1006]:测试用例运行结果统计模块引发的异常.'WARNING'
2016-12-20 16:57:54 [ERROR-1006]:测试用例运行结果统计模块引发的异常.'WARNING'
2016-12-20 16:58:01 End.
2016-12-20 16:58:01 程序结束.前端.xml

2016-12-20 17:03:42 程序启动.前端.xml
2016-12-20 17:03:43 Start.
2016-12-20 17:06:24 [ERROR-1006]:测试用例运行结果统计模块引发的异常.'WARNING'
2016-12-20 17:08:06 [ERROR-1006]:测试用例运行结果统计模块引发的异常.'WARNING'
2016-12-20 17:09:23 [ERROR-1006]:测试用例运行结果统计模块引发的异常.'WARNING'
2016-12-20 17:09:35 [ERROR-1006]:测试用例运行结果统计模块引发的异常.'WARNING'
2016-12-20 17:17:39 End.
2016-12-20 17:17:39 程序结束.前端.xml

2016-12-21 09:00:09 程序启动.前端.xml
2016-12-21 09:00:10 Start.
2016-12-21 09:03:37 [ERROR-1006]:测试用例运行结果统计模块引发的异常.'WARNING'
2016-12-21 09:04:35 [ERROR-1006]:测试用例运行结果统计模块引发的异常.'WARNING'
2016-12-21 09:04:46 [ERROR-1006]:测试用例运行结果统计模块引发的异常.'WARNING'
2016-12-21 09:05:17 [ERROR-1006]:测试用例运行结果统计模块引发的异常.'WARNING'
2016-12-21 09:05:24 [ERROR-1006]:测试用例运行结果统计模块引发的异常.'WARNING'
2016-12-21 09:05:31 [ERROR-1006]:测试用例运行结果统计模块引发的异常.'WARNING'
2016-12-21 09:06:32 [ERROR-1006]:测试用例运行结果统计模块引发的异常.'WARNING'
2016-12-21 09:06:43 [ERROR-1006]:测试用例运行结果统计模块引发的异常.'WARNING'
2016-12-21 09:08:08 [ERROR-1006]:测试用例运行结果统计模块引发的异常.'WARNING'
2016-12-21 09:13:33 End.
2016-12-21 09:13:33 程序结束.前端.xml

2016-12-21 11:44:03 程序启动.前端.xml
2016-12-21 11:44:04 Start.
2016-12-21 11:46:51 [ERROR-1006]:测试用例运行结果统计模块引发的异常.'WARNING'
2016-12-21 11:48:02 [ERROR-1006]:测试用例运行结果统计模块引发的异常.'WARNING'
2016-12-21 11:48:32 [ERROR-1006]:测试用例运行结果统计模块引发的异常.'WARNING'
2016-12-21 11:48:39 [ERROR-1006]:测试用例运行结果统计模块引发的异常.'WARNING'
2016-12-21 11:48:47 [ERROR-1006]:测试用例运行结果统计模块引发的异常.'WARNING'
2016-12-21 11:49:48 [ERROR-1006]:测试用例运行结果统计模块引发的异常.'WARNING'
2016-12-21 11:49:59 [ERROR-1006]:测试用例运行结果统计模块引发的异常.'WARNING'
2016-12-21 11:50:33 [ERROR-1006]:测试用例运行结果统计模块引发的异常.'WARNING'
2016-12-21 11:51:24 [ERROR-1006]:测试用例运行结果统计模块引发的异常.'WARNING'
2016-12-21 11:56:52 End.
2016-12-21 11:56:52 程序结束.前端.xml

2016-12-21 14:32:20 程序启动.前端.xml
2016-12-21 14:32:21 Start.
2016-12-21 14:35:49 [ERROR-1006]:测试用例运行结果统计模块引发的异常.'WARNING'
2016-12-21 14:36:00 [ERROR-1006]:测试用例运行结果统计模块引发的异常.'WARNING'
2016-12-21 14:36:29 [ERROR-1006]:测试用例运行结果统计模块引发的异常.'WARNING'
2016-12-21 14:36:36 [ERROR-1006]:测试用例运行结果统计模块引发的异常.'WARNING'
2016-12-21 14:37:12 [ERROR-1006]:测试用例运行结果统计模块引发的异常.'WARNING'
2016-12-21 14:37:43 [ERROR-1006]:测试用例运行结果统计模块引发的异常.'WARNING'
2016-12-21 14:37:55 [ERROR-1006]:测试用例运行结果统计模块引发的异常.'WARNING'
2016-12-21 14:39:17 [ERROR-1006]:测试用例运行结果统计模块引发的异常.'WARNING'
2016-12-21 14:44:11 [ERROR-1006]:测试用例运行结果统计模块引发的异常.'WARNING'
2016-12-21 14:44:41 End.
2016-12-21 14:44:41 程序结束.前端.xml

2016-12-22 09:27:27 程序启动.前端.xml
2016-12-22 09:27:27 Start.
2016-12-22 09:27:46 [ERROR-1006]:测试用例运行结果统计模块引发的异常.'WARNING'
2016-12-22 09:28:02 [ERROR-1006]:测试用例运行结果统计模块引发的异常.'WARNING'
2016-12-22 09:28:54 [ERROR-1006]:测试用例运行结果统计模块引发的异常.'WARNING'
2016-12-22 09:28:55 [ERROR-1006]:测试用例运行结果统计模块引发的异常.'WARNING'
2016-12-22 09:29:47 [ERROR-1006]:测试用例运行结果统计模块引发的异常.'WARNING'
2016-12-22 09:29:49 [ERROR-1006]:测试用例运行结果统计模块引发的异常.'WARNING'
2016-12-22 09:30:41 [ERROR-1006]:测试用例运行结果统计模块引发的异常.'WARNING'
2016-12-22 09:30:42 [ERROR-1006]:测试用例运行结果统计模块引发的异常.'WARNING'
2016-12-22 09:31:34 [ERROR-1006]:测试用例运行结果统计模块引发的异常.'WARNING'
2016-12-22 09:31:36 [ERROR-1006]:测试用例运行结果统计模块引发的异常.'WARNING'
2016-12-22 09:32:28 [ERROR-1006]:测试用例运行结果统计模块引发的异常.'WARNING'
2016-12-22 09:32:29 [ERROR-1006]:测试用例运行结果统计模块引发的异常.'WARNING'
2016-12-22 09:33:21 [ERROR-1006]:测试用例运行结果统计模块引发的异常.'WARNING'
2016-12-22 09:33:23 [ERROR-1006]:测试用例运行结果统计模块引发的异常.'WARNING'
2016-12-22 09:34:15 [ERROR-1006]:测试用例运行结果统计模块引发的异常.'WARNING'
2016-12-22 09:34:16 [ERROR-1006]:测试用例运行结果统计模块引发的异常.'WARNING'
2016-12-22 09:34:32 [ERROR-1006]:测试用例运行结果统计模块引发的异常.'WARNING'
2016-12-22 09:34:48 [ERROR-1006]:测试用例运行结果统计模块引发的异常.'WARNING'
2016-12-22 09:35:40 [ERROR-1006]:测试用例运行结果统计模块引发的异常.'WARNING'
2016-12-22 09:35:41 [ERROR-1006]:测试用例运行结果统计模块引发的异常.'WARNING'
2016-12-22 09:36:05 [ERROR-1006]:测试用例运行结果统计模块引发的异常.'WARNING'
2016-12-22 09:36:06 [ERROR-1006]:测试用例运行结果统计模块引发的异常.'WARNING'
2016-12-22 09:36:29 [ERROR-1006]:测试用例运行结果统计模块引发的异常.'WARNING'
2016-12-22 09:36:30 [ERROR-1006]:测试用例运行结果统计模块引发的异常.'WARNING'
2016-12-22 09:36:38 [ERROR-1006]:测试用例运行结果统计模块引发的异常.'WARNING'
2016-12-22 09:36:40 [ERROR-1006]:测试用例运行结果统计模块引发的异常.'WARNING'
2016-12-22 09:37:02 [ERROR-1006]:测试用例运行结果统计模块引发的异常.'WARNING'
2016-12-22 09:37:03 [ERROR-1006]:测试用例运行结果统计模块引发的异常.'WARNING'
2016-12-22 09:37:11 [ERROR-1006]:测试用例运行结果统计模块引发的异常.'WARNING'
2016-12-22 09:37:12 [ERROR-1006]:测试用例运行结果统计模块引发的异常.'WARNING'
2016-12-22 09:37:32 [ERROR-1006]:测试用例运行结果统计模块引发的异常.'WARNING'
2016-12-22 09:37:33 [ERROR-1006]:测试用例运行结果统计模块引发的异常.'WARNING'
2016-12-22 09:37:37 [ERROR-1006]:测试用例运行结果统计模块引发的异常.'WARNING'
2016-12-22 09:37:39 [ERROR-1006]:测试用例运行结果统计模块引发的异常.'WARNING'
2016-12-22 09:37:56 [ERROR-1006]:测试用例运行结果统计模块引发的异常.'WARNING'
2016-12-22 09:38:16 [ERROR-1006]:测试用例运行结果统计模块引发的异常.'WARNING'
2016-12-22 09:38:17 [ERROR-1006]:测试用例运行结果统计模块引发的异常.'WARNING'
2016-12-22 09:38:22 [ERROR-1006]:测试用例运行结果统计模块引发的异常.'WARNING'
2016-12-22 09:38:23 [ERROR-1006]:测试用例运行结果统计模块引发的异常.'WARNING'
2016-12-22 09:38:46 [ERROR-1006]:测试用例运行结果统计模块引发的异常.'WARNING'
2016-12-22 09:38:47 [ERROR-1006]:测试用例运行结果统计模块引发的异常.'WARNING'
2016-12-22 09:38:51 [ERROR-1006]:测试用例运行结果统计模块引发的异常.'WARNING'
2016-12-22 09:38:53 [ERROR-1006]:测试用例运行结果统计模块引发的异常.'WARNING'
2016-12-22 09:39:14 [ERROR-1006]:测试用例运行结果统计模块引发的异常.'WARNING'
2016-12-22 09:39:15 [ERROR-1006]:测试用例运行结果统计模块引发的异常.'WARNING'
2016-12-22 09:39:21 [ERROR-1006]:测试用例运行结果统计模块引发的异常.'WARNING'
2016-12-22 09:39:22 [ERROR-1006]:测试用例运行结果统计模块引发的异常.'WARNING'
2016-12-22 09:39:28 [ERROR-1006]:测试用例运行结果统计模块引发的异常.'WARNING'
2016-12-22 09:39:29 [ERROR-1006]:测试用例运行结果统计模块引发的异常.'WARNING'
2016-12-22 09:39:34 [ERROR-1006]:测试用例运行结果统计模块引发的异常.'WARNING'
2016-12-22 09:39:35 [ERROR-1006]:测试用例运行结果统计模块引发的异常.'WARNING'
2016-12-22 09:39:39 [ERROR-1006]:测试用例运行结果统计模块引发的异常.'WARNING'
2016-12-22 09:39:40 [ERROR-1006]:测试用例运行结果统计模块引发的异常.'WARNING'
2016-12-22 09:39:45 [ERROR-1006]:测试用例运行结果统计模块引发的异常.'WARNING'
2016-12-22 09:39:46 [ERROR-1006]:测试用例运行结果统计模块引发的异常.'WARNING'
2016-12-22 09:39:51 [ERROR-1006]:测试用例运行结果统计模块引发的异常.'WARNING'
2016-12-22 09:39:52 [ERROR-1006]:测试用例运行结果统计模块引发的异常.'WARNING'
2016-12-22 09:39:57 [ERROR-1006]:测试用例运行结果统计模块引发的异常.'WARNING'
2016-12-22 09:39:58 [ERROR-1006]:测试用例运行结果统计模块引发的异常.'WARNING'
2016-12-22 09:40:05 End.
2016-12-22 09:40:05 程序结束.前端.xml

2016-12-22 10:31:08 程序启动.前端.xml
2016-12-22 10:31:08 Start.
2016-12-22 10:37:07 [ERROR-1006]:测试用例运行结果统计模块引发的异常.'WARNING'
2016-12-22 10:37:14 [ERROR-1006]:测试用例运行结果统计模块引发的异常.'WARNING'
2016-12-22 10:37:22 [ERROR-1006]:测试用例运行结果统计模块引发的异常.'WARNING'
2016-12-22 10:37:54 [ERROR-1006]:测试用例运行结果统计模块引发的异常.'WARNING'
2016-12-22 10:39:00 [ERROR-1006]:测试用例运行结果统计模块引发的异常.'WARNING'
2016-12-22 10:41:36 End.
2016-12-22 10:41:36 程序结束.前端.xml

