2016-12-14 19:38:58 程序启动.线索.xml
2016-12-14 19:38:59 Start.
2016-12-14 19:40:28 End.
2016-12-14 19:40:28 程序结束.线索.xml

2016-12-14 19:40:28 程序启动.系统日志.xml
2016-12-14 19:40:28 Start.
2016-12-14 19:42:36 [ERROR-1006]:测试用例运行结果统计模块引发的异常.'WARNING'
2016-12-14 19:43:00 End.
2016-12-14 19:43:00 程序结束.系统日志.xml

2016-12-14 19:43:00 程序启动.联系人.xml
2016-12-14 19:43:01 Start.
2016-12-14 19:45:54 End.
2016-12-14 19:45:54 程序结束.联系人.xml

2016-12-14 19:45:54 程序启动.客户汇总表.xml
2016-12-14 19:45:55 Start.
2016-12-14 19:47:54 End.
2016-12-14 19:47:54 程序结束.客户汇总表.xml

2016-12-14 19:47:54 程序启动.客户自定义字段.xml
2016-12-14 19:47:55 Start.
2016-12-14 19:51:42 End.
2016-12-14 19:51:42 程序结束.客户自定义字段.xml

2016-12-14 19:51:42 程序启动.客户列表.xml
2016-12-14 19:51:43 Start.
2016-12-14 19:57:03 End.
2016-12-14 19:57:03 程序结束.客户列表.xml

2016-12-14 19:57:03 程序启动.客户统计表.xml
2016-12-14 19:57:04 Start.
2016-12-14 19:59:02 End.
2016-12-14 19:59:02 程序结束.客户统计表.xml

2016-12-14 19:59:02 程序启动.客户明细表.xml
2016-12-14 19:59:03 Start.
2016-12-14 20:01:58 End.
2016-12-14 20:01:58 程序结束.客户明细表.xml

2016-12-14 20:01:58 程序启动.考勤.xml
2016-12-14 20:01:59 Start.
2016-12-14 20:03:44 [ERROR-1006]:测试用例运行结果统计模块引发的异常.'WARNING'
2016-12-14 20:31:55 End.
2016-12-14 20:31:55 程序结束.考勤.xml

2016-12-15 00:00:02 程序启动.线索.xml
2016-12-15 00:00:03 Start.
2016-12-15 00:01:34 End.
2016-12-15 00:01:34 程序结束.线索.xml

2016-12-15 00:01:34 程序启动.系统日志.xml
2016-12-15 00:01:35 Start.
2016-12-15 00:03:39 [ERROR-1006]:测试用例运行结果统计模块引发的异常.'WARNING'
2016-12-15 00:04:02 End.
2016-12-15 00:04:02 程序结束.系统日志.xml

2016-12-15 00:04:02 程序启动.联系人.xml
2016-12-15 00:04:02 Start.
2016-12-15 00:06:49 End.
2016-12-15 00:06:49 程序结束.联系人.xml

2016-12-15 00:06:49 程序启动.客户汇总表.xml
2016-12-15 00:06:50 Start.
2016-12-15 00:08:42 End.
2016-12-15 00:08:42 程序结束.客户汇总表.xml

2016-12-15 00:08:42 程序启动.客户自定义字段.xml
2016-12-15 00:08:43 Start.
2016-12-15 00:12:20 End.
2016-12-15 00:12:20 程序结束.客户自定义字段.xml

2016-12-15 00:12:20 程序启动.客户列表.xml
2016-12-15 00:12:21 Start.
2016-12-15 00:17:27 End.
2016-12-15 00:17:27 程序结束.客户列表.xml

2016-12-15 00:17:27 程序启动.客户统计表.xml
2016-12-15 00:17:27 Start.
2016-12-15 00:19:25 End.
2016-12-15 00:19:25 程序结束.客户统计表.xml

2016-12-15 00:19:25 程序启动.客户明细表.xml
2016-12-15 00:19:25 Start.
2016-12-15 00:22:12 End.
2016-12-15 00:22:12 程序结束.客户明细表.xml

2016-12-15 00:22:12 程序启动.考勤.xml
2016-12-15 00:22:13 Start.
2016-12-15 00:23:57 [ERROR-1006]:测试用例运行结果统计模块引发的异常.'WARNING'
2016-12-15 00:52:07 End.
2016-12-15 00:52:07 程序结束.考勤.xml

2016-12-15 10:01:04 程序启动.线索.xml
2016-12-15 10:01:05 Start.
2016-12-15 10:02:34 End.
2016-12-15 10:02:34 程序结束.线索.xml

2016-12-15 10:02:34 程序启动.系统日志.xml
2016-12-15 10:02:35 Start.
2016-12-15 10:04:43 [ERROR-1006]:测试用例运行结果统计模块引发的异常.'WARNING'
2016-12-15 10:05:07 End.
2016-12-15 10:05:07 程序结束.系统日志.xml

2016-12-15 10:05:07 程序启动.联系人.xml
2016-12-15 10:05:08 Start.
2016-12-15 10:08:03 End.
2016-12-15 10:08:03 程序结束.联系人.xml

2016-12-15 10:08:03 程序启动.客户汇总表.xml
2016-12-15 10:08:04 Start.
2016-12-15 10:10:50 End.
2016-12-15 10:10:50 程序结束.客户汇总表.xml

2016-12-15 10:10:50 程序启动.客户自定义字段.xml
2016-12-15 10:10:51 Start.
2016-12-15 10:14:58 End.
2016-12-15 10:14:58 程序结束.客户自定义字段.xml

2016-12-15 10:14:58 程序启动.客户列表.xml
2016-12-15 10:14:59 Start.
2016-12-15 10:21:00 End.
2016-12-15 10:21:00 程序结束.客户列表.xml

2016-12-15 10:21:00 程序启动.客户统计表.xml
2016-12-15 10:21:01 Start.
2016-12-15 10:23:05 End.
2016-12-15 10:23:05 程序结束.客户统计表.xml

2016-12-15 10:23:05 程序启动.客户明细表.xml
2016-12-15 10:23:07 Start.
2016-12-15 10:26:59 End.
2016-12-15 10:26:59 程序结束.客户明细表.xml

2016-12-15 10:26:59 程序启动.考勤.xml
2016-12-15 10:27:00 Start.
2016-12-15 10:29:40 [ERROR-1006]:测试用例运行结果统计模块引发的异常.'WARNING'
2016-12-15 10:32:03 End.
2016-12-15 10:32:03 程序结束.考勤.xml

2016-12-16 16:10:27 程序启动.线索.xml
2016-12-16 16:10:28 Start.
2016-12-16 16:10:36 [ERROR-1006]:测试用例运行结果统计模块引发的异常.'WARNING'
2016-12-16 16:10:50 [ERROR-1006]:测试用例运行结果统计模块引发的异常.'WARNING'
2016-12-16 16:11:42 [ERROR-1006]:测试用例运行结果统计模块引发的异常.'WARNING'
2016-12-16 16:11:44 [ERROR-1006]:测试用例运行结果统计模块引发的异常.'WARNING'
2016-12-16 16:12:36 [ERROR-1006]:测试用例运行结果统计模块引发的异常.'WARNING'
2016-12-16 16:12:38 [ERROR-1006]:测试用例运行结果统计模块引发的异常.'WARNING'
2016-12-16 16:13:30 [ERROR-1006]:测试用例运行结果统计模块引发的异常.'WARNING'
2016-12-16 16:13:31 [ERROR-1006]:测试用例运行结果统计模块引发的异常.'WARNING'
2016-12-16 16:14:23 [ERROR-1006]:测试用例运行结果统计模块引发的异常.'WARNING'
2016-12-16 16:14:25 [ERROR-1006]:测试用例运行结果统计模块引发的异常.'WARNING'
2016-12-16 16:15:17 [ERROR-1006]:测试用例运行结果统计模块引发的异常.'WARNING'
2016-12-16 16:15:18 [ERROR-1006]:测试用例运行结果统计模块引发的异常.'WARNING'
2016-12-16 16:16:11 [ERROR-1006]:测试用例运行结果统计模块引发的异常.'WARNING'
2016-12-16 16:16:12 [ERROR-1006]:测试用例运行结果统计模块引发的异常.'WARNING'
2016-12-16 16:17:04 [ERROR-1006]:测试用例运行结果统计模块引发的异常.'WARNING'
2016-12-16 16:17:05 [ERROR-1006]:测试用例运行结果统计模块引发的异常.'WARNING'
2016-12-16 16:17:58 [ERROR-1006]:测试用例运行结果统计模块引发的异常.'WARNING'
2016-12-16 16:18:00 [ERROR-1006]:测试用例运行结果统计模块引发的异常.'WARNING'
2016-12-16 16:18:55 [ERROR-1006]:测试用例运行结果统计模块引发的异常.'WARNING'
2016-12-16 16:18:56 [ERROR-1006]:测试用例运行结果统计模块引发的异常.'WARNING'
2016-12-16 16:19:48 [ERROR-1006]:测试用例运行结果统计模块引发的异常.'WARNING'
2016-12-16 16:19:49 [ERROR-1006]:测试用例运行结果统计模块引发的异常.'WARNING'
2016-12-16 16:20:41 [ERROR-1006]:测试用例运行结果统计模块引发的异常.'WARNING'
2016-12-16 16:20:43 [ERROR-1006]:测试用例运行结果统计模块引发的异常.'WARNING'
2016-12-16 16:21:35 [ERROR-1006]:测试用例运行结果统计模块引发的异常.'WARNING'
2016-12-16 16:21:36 [ERROR-1006]:测试用例运行结果统计模块引发的异常.'WARNING'
2016-12-16 16:22:28 [ERROR-1006]:测试用例运行结果统计模块引发的异常.'WARNING'
2016-12-16 16:22:29 [ERROR-1006]:测试用例运行结果统计模块引发的异常.'WARNING'
2016-12-16 16:23:21 [ERROR-1006]:测试用例运行结果统计模块引发的异常.'WARNING'
2016-12-16 16:23:23 [ERROR-1006]:测试用例运行结果统计模块引发的异常.'WARNING'
2016-12-16 16:24:16 [ERROR-1006]:测试用例运行结果统计模块引发的异常.'WARNING'
2016-12-16 16:24:17 [ERROR-1006]:测试用例运行结果统计模块引发的异常.'WARNING'
2016-12-16 16:25:09 [ERROR-1006]:测试用例运行结果统计模块引发的异常.'WARNING'
2016-12-16 16:25:10 [ERROR-1006]:测试用例运行结果统计模块引发的异常.'WARNING'
2016-12-16 16:26:04 [ERROR-1006]:测试用例运行结果统计模块引发的异常.'WARNING'
2016-12-16 16:26:05 [ERROR-1006]:测试用例运行结果统计模块引发的异常.'WARNING'
2016-12-16 16:26:57 [ERROR-1006]:测试用例运行结果统计模块引发的异常.'WARNING'
2016-12-16 16:26:58 [ERROR-1006]:测试用例运行结果统计模块引发的异常.'WARNING'
2016-12-16 16:27:05 End.
2016-12-16 16:27:05 程序结束.线索.xml

2016-12-16 16:27:05 程序启动.系统日志.xml
2016-12-16 16:27:07 Start.
2016-12-16 16:28:29 [ERROR-1006]:测试用例运行结果统计模块引发的异常.'WARNING'
2016-12-16 16:29:15 [ERROR-1006]:测试用例运行结果统计模块引发的异常.'WARNING'
2016-12-16 16:29:38 End.
2016-12-16 16:29:38 程序结束.系统日志.xml

2016-12-16 16:29:38 程序启动.联系人.xml
2016-12-16 16:29:39 Start.
2016-12-16 16:32:32 End.
2016-12-16 16:32:32 程序结束.联系人.xml

2016-12-16 16:32:32 程序启动.客户汇总表.xml
2016-12-16 16:32:33 Start.
2016-12-16 16:34:28 End.
2016-12-16 16:34:28 程序结束.客户汇总表.xml

2016-12-16 16:34:28 程序启动.客户自定义字段.xml
2016-12-16 16:34:28 Start.
2016-12-16 16:38:21 End.
2016-12-16 16:38:21 程序结束.客户自定义字段.xml

2016-12-16 16:38:21 程序启动.客户列表.xml
2016-12-16 16:38:21 Start.
2016-12-16 16:43:43 End.
2016-12-16 16:43:43 程序结束.客户列表.xml

2016-12-16 16:43:43 程序启动.客户统计表.xml
2016-12-16 16:43:44 Start.
2016-12-16 16:45:45 End.
2016-12-16 16:45:45 程序结束.客户统计表.xml

2016-12-16 16:45:45 程序启动.客户明细表.xml
2016-12-16 16:45:46 Start.
2016-12-16 16:48:37 End.
2016-12-16 16:48:37 程序结束.客户明细表.xml

2016-12-16 16:48:37 程序启动.考勤.xml
2016-12-16 16:48:38 Start.
2016-12-16 16:50:28 [ERROR-1006]:测试用例运行结果统计模块引发的异常.'WARNING'
2016-12-16 16:52:52 End.
2016-12-16 16:52:52 程序结束.考勤.xml

2016-12-16 17:05:02 程序启动.线索.xml
2016-12-16 17:05:03 Start.
2016-12-16 17:06:32 End.
2016-12-16 17:06:32 程序结束.线索.xml

2016-12-16 17:06:32 程序启动.系统日志.xml
2016-12-16 17:06:33 Start.
2016-12-16 17:07:54 [ERROR-1006]:测试用例运行结果统计模块引发的异常.'WARNING'
2016-12-16 17:08:40 [ERROR-1006]:测试用例运行结果统计模块引发的异常.'WARNING'
2016-12-16 17:09:04 End.
2016-12-16 17:09:04 程序结束.系统日志.xml

2016-12-16 17:09:04 程序启动.联系人.xml
2016-12-16 17:09:05 Start.
2016-12-16 17:12:01 End.
2016-12-16 17:12:01 程序结束.联系人.xml

2016-12-16 17:12:01 程序启动.客户汇总表.xml
2016-12-16 17:12:02 Start.
2016-12-16 17:13:54 End.
2016-12-16 17:13:54 程序结束.客户汇总表.xml

2016-12-16 17:13:54 程序启动.客户自定义字段.xml
2016-12-16 17:13:55 Start.
2016-12-16 17:17:39 End.
2016-12-16 17:17:39 程序结束.客户自定义字段.xml

2016-12-16 17:17:39 程序启动.客户列表.xml
2016-12-16 17:17:39 Start.
2016-12-16 17:22:58 End.
2016-12-16 17:22:58 程序结束.客户列表.xml

2016-12-16 17:22:58 程序启动.客户统计表.xml
2016-12-16 17:22:59 Start.
2016-12-16 17:24:56 End.
2016-12-16 17:24:56 程序结束.客户统计表.xml

2016-12-16 17:24:56 程序启动.客户明细表.xml
2016-12-16 17:24:57 Start.
2016-12-16 17:27:50 End.
2016-12-16 17:27:50 程序结束.客户明细表.xml

2016-12-16 17:27:50 程序启动.考勤.xml
2016-12-16 17:27:51 Start.
2016-12-16 17:29:39 [ERROR-1006]:测试用例运行结果统计模块引发的异常.'WARNING'
2016-12-16 17:31:55 End.
2016-12-16 17:31:55 程序结束.考勤.xml

2016-12-17 04:00:01 程序启动.线索.xml
2016-12-17 04:00:02 Start.
2016-12-17 04:01:31 End.
2016-12-17 04:01:31 程序结束.线索.xml

2016-12-17 04:01:31 程序启动.系统日志.xml
2016-12-17 04:01:31 Start.
2016-12-17 04:02:53 [ERROR-1006]:测试用例运行结果统计模块引发的异常.'WARNING'
2016-12-17 04:03:39 [ERROR-1006]:测试用例运行结果统计模块引发的异常.'WARNING'
2016-12-17 04:04:02 End.
2016-12-17 04:04:02 程序结束.系统日志.xml

2016-12-17 04:04:02 程序启动.联系人.xml
2016-12-17 04:04:02 Start.
2016-12-17 04:06:52 End.
2016-12-17 04:06:52 程序结束.联系人.xml

2016-12-17 04:06:52 程序启动.客户汇总表.xml
2016-12-17 04:06:53 Start.
2016-12-17 04:08:46 End.
2016-12-17 04:08:46 程序结束.客户汇总表.xml

2016-12-17 04:08:46 程序启动.客户自定义字段.xml
2016-12-17 04:08:47 Start.
2016-12-17 04:12:29 End.
2016-12-17 04:12:29 程序结束.客户自定义字段.xml

2016-12-17 04:12:29 程序启动.客户列表.xml
2016-12-17 04:12:30 Start.
2016-12-17 04:17:42 End.
2016-12-17 04:17:42 程序结束.客户列表.xml

2016-12-17 04:17:42 程序启动.客户统计表.xml
2016-12-17 04:17:43 Start.
2016-12-17 04:19:39 End.
2016-12-17 04:19:39 程序结束.客户统计表.xml

2016-12-17 04:19:39 程序启动.客户明细表.xml
2016-12-17 04:19:40 Start.
2016-12-17 04:22:30 End.
2016-12-17 04:22:30 程序结束.客户明细表.xml

2016-12-17 04:22:30 程序启动.考勤.xml
2016-12-17 04:22:31 Start.
2016-12-17 04:26:33 End.
2016-12-17 04:26:33 程序结束.考勤.xml

2016-12-20 03:00:03 程序启动.线索.xml
2016-12-20 03:00:03 Start.
2016-12-20 03:01:33 End.
2016-12-20 03:01:33 程序结束.线索.xml

2016-12-20 03:01:33 程序启动.系统日志.xml
2016-12-20 03:01:34 Start.
2016-12-20 03:02:57 [ERROR-1006]:测试用例运行结果统计模块引发的异常.'WARNING'
2016-12-20 03:03:43 [ERROR-1006]:测试用例运行结果统计模块引发的异常.'WARNING'
2016-12-20 03:04:06 End.
2016-12-20 03:04:06 程序结束.系统日志.xml

2016-12-20 03:04:06 程序启动.联系人.xml
2016-12-20 03:04:07 Start.
2016-12-20 03:06:57 End.
2016-12-20 03:06:57 程序结束.联系人.xml

2016-12-20 03:06:57 程序启动.客户汇总表.xml
2016-12-20 03:06:58 Start.
2016-12-20 03:08:52 End.
2016-12-20 03:08:52 程序结束.客户汇总表.xml

2016-12-20 03:08:52 程序启动.客户自定义字段.xml
2016-12-20 03:08:54 Start.
2016-12-20 03:12:36 End.
2016-12-20 03:12:36 程序结束.客户自定义字段.xml

2016-12-20 03:12:36 程序启动.客户列表.xml
2016-12-20 03:12:36 Start.
2016-12-20 03:17:49 End.
2016-12-20 03:17:49 程序结束.客户列表.xml

2016-12-20 03:17:49 程序启动.客户统计表.xml
2016-12-20 03:17:50 Start.
2016-12-20 03:19:46 End.
2016-12-20 03:19:46 程序结束.客户统计表.xml

2016-12-20 03:19:46 程序启动.客户明细表.xml
2016-12-20 03:19:47 Start.
2016-12-20 03:22:57 End.
2016-12-20 03:22:57 程序结束.客户明细表.xml

2016-12-20 03:22:57 程序启动.考勤.xml
2016-12-20 03:22:57 Start.
2016-12-20 03:24:46 [ERROR-1006]:测试用例运行结果统计模块引发的异常.'WARNING'
2016-12-20 03:27:03 End.
2016-12-20 03:27:03 程序结束.考勤.xml

2016-12-21 02:00:01 程序启动.线索.xml
2016-12-21 02:00:01 Start.
2016-12-21 02:01:44 End.
2016-12-21 02:01:44 程序结束.线索.xml

2016-12-21 02:01:44 程序启动.系统日志.xml
2016-12-21 02:01:44 Start.
2016-12-21 02:03:18 [ERROR-1006]:测试用例运行结果统计模块引发的异常.'WARNING'
2016-12-21 02:04:34 End.
2016-12-21 02:04:34 程序结束.系统日志.xml

2016-12-21 02:04:34 程序启动.联系人.xml
2016-12-21 02:04:35 Start.
2016-12-21 02:07:50 End.
2016-12-21 02:07:50 程序结束.联系人.xml

2016-12-21 02:07:50 程序启动.客户汇总表.xml
2016-12-21 02:07:50 Start.
2016-12-21 02:09:56 End.
2016-12-21 02:09:56 程序结束.客户汇总表.xml

2016-12-21 02:09:56 程序启动.客户自定义字段.xml
2016-12-21 02:09:57 Start.
2016-12-21 02:14:06 End.
2016-12-21 02:14:06 程序结束.客户自定义字段.xml

2016-12-21 02:14:06 程序启动.客户列表.xml
2016-12-21 02:14:08 Start.
2016-12-21 02:20:05 End.
2016-12-21 02:20:05 程序结束.客户列表.xml

2016-12-21 02:20:05 程序启动.客户统计表.xml
2016-12-21 02:20:05 Start.
2016-12-21 02:22:14 End.
2016-12-21 02:22:14 程序结束.客户统计表.xml

2016-12-21 02:22:14 程序启动.客户明细表.xml
2016-12-21 02:22:15 Start.
2016-12-21 02:25:13 End.
2016-12-21 02:25:13 程序结束.客户明细表.xml

2016-12-21 02:25:13 程序启动.考勤.xml
2016-12-21 02:25:14 Start.
2016-12-21 02:27:19 [ERROR-1006]:测试用例运行结果统计模块引发的异常.'WARNING'
2016-12-21 02:29:52 End.
2016-12-21 02:29:52 程序结束.考勤.xml

2016-12-22 02:00:00 程序启动.线索.xml
2016-12-22 02:00:01 Start.
2016-12-22 02:12:12 End.
2016-12-22 02:12:12 程序结束.线索.xml

2016-12-22 02:12:12 程序启动.系统日志.xml
2016-12-22 02:12:12 Start.
2016-12-22 02:36:08 End.
2016-12-22 02:36:08 程序结束.系统日志.xml

2016-12-22 02:36:08 程序启动.联系人.xml
2016-12-22 02:36:08 Start.
2016-12-22 03:07:03 End.
2016-12-22 03:07:03 程序结束.联系人.xml

2016-12-22 03:07:03 程序启动.客户汇总表.xml
2016-12-22 03:07:04 Start.
2016-12-22 03:14:23 End.
2016-12-22 03:14:23 程序结束.客户汇总表.xml

2016-12-22 03:14:23 程序启动.客户自定义字段.xml
2016-12-22 03:14:25 Start.
2016-12-22 03:57:47 End.
2016-12-22 03:57:47 程序结束.客户自定义字段.xml

2016-12-22 03:57:47 程序启动.客户列表.xml
2016-12-22 03:57:47 Start.
2016-12-22 05:01:57 End.
2016-12-22 05:01:57 程序结束.客户列表.xml

2016-12-22 05:01:57 程序启动.客户统计表.xml
2016-12-22 05:01:58 Start.
2016-12-22 05:09:20 End.
2016-12-22 05:09:20 程序结束.客户统计表.xml

2016-12-22 05:09:20 程序启动.客户明细表.xml
2016-12-22 05:09:22 Start.
2016-12-22 05:20:29 End.
2016-12-22 05:20:29 程序结束.客户明细表.xml

2016-12-22 05:20:29 程序启动.考勤.xml
2016-12-22 05:20:29 Start.
2016-12-22 06:12:37 End.
2016-12-22 06:12:37 程序结束.考勤.xml

2016-12-22 09:25:27 程序启动.线索.xml
2016-12-22 09:25:28 Start.
2016-12-22 09:26:57 End.
2016-12-22 09:26:57 程序结束.线索.xml

2016-12-22 09:26:57 程序启动.系统日志.xml
2016-12-22 09:26:58 Start.
2016-12-22 09:28:20 [ERROR-1006]:测试用例运行结果统计模块引发的异常.'WARNING'
2016-12-22 09:29:29 End.
2016-12-22 09:29:29 程序结束.系统日志.xml

2016-12-22 09:29:29 程序启动.联系人.xml
2016-12-22 09:29:30 Start.
2016-12-22 09:32:21 End.
2016-12-22 09:32:21 程序结束.联系人.xml

2016-12-22 09:32:21 程序启动.客户汇总表.xml
2016-12-22 09:32:21 Start.
2016-12-22 09:34:18 End.
2016-12-22 09:34:18 程序结束.客户汇总表.xml

2016-12-22 09:34:18 程序启动.客户自定义字段.xml
2016-12-22 09:34:19 Start.
2016-12-22 09:38:02 End.
2016-12-22 09:38:02 程序结束.客户自定义字段.xml

2016-12-22 09:38:02 程序启动.客户列表.xml
2016-12-22 09:38:03 Start.
2016-12-22 09:43:21 End.
2016-12-22 09:43:21 程序结束.客户列表.xml

2016-12-22 09:43:21 程序启动.客户统计表.xml
2016-12-22 09:43:21 Start.
2016-12-22 09:45:18 End.
2016-12-22 09:45:18 程序结束.客户统计表.xml

2016-12-22 09:45:18 程序启动.客户明细表.xml
2016-12-22 09:45:19 Start.
2016-12-22 09:48:01 End.
2016-12-22 09:48:01 程序结束.客户明细表.xml

2016-12-22 09:48:01 程序启动.考勤.xml
2016-12-22 09:48:01 Start.
2016-12-22 09:52:02 End.
2016-12-22 09:52:02 程序结束.考勤.xml

2016-12-23 09:03:27 程序启动.线索.xml
2016-12-23 09:03:28 Start.
2016-12-23 09:04:58 End.
2016-12-23 09:04:58 程序结束.线索.xml

2016-12-23 09:04:58 程序启动.系统日志.xml
2016-12-23 09:04:59 Start.
2016-12-23 09:06:21 [ERROR-1006]:测试用例运行结果统计模块引发的异常.'WARNING'
2016-12-23 09:07:07 [ERROR-1006]:测试用例运行结果统计模块引发的异常.'WARNING'
2016-12-23 09:07:30 End.
2016-12-23 09:07:30 程序结束.系统日志.xml

2016-12-23 09:07:30 程序启动.联系人.xml
2016-12-23 09:07:32 Start.
2016-12-23 09:10:27 End.
2016-12-23 09:10:27 程序结束.联系人.xml

2016-12-23 09:10:27 程序启动.客户汇总表.xml
2016-12-23 09:10:28 Start.
2016-12-23 09:12:22 End.
2016-12-23 09:12:22 程序结束.客户汇总表.xml

2016-12-23 09:12:22 程序启动.客户自定义字段.xml
2016-12-23 09:12:23 Start.
2016-12-23 09:12:41 [ERROR-1006]:测试用例运行结果统计模块引发的异常.'WARNING'
2016-12-23 09:12:56 [ERROR-1006]:测试用例运行结果统计模块引发的异常.'WARNING'
2016-12-23 09:13:48 [ERROR-1006]:测试用例运行结果统计模块引发的异常.'WARNING'
2016-12-23 09:13:49 [ERROR-1006]:测试用例运行结果统计模块引发的异常.'WARNING'
2016-12-23 09:14:41 [ERROR-1006]:测试用例运行结果统计模块引发的异常.'WARNING'
2016-12-23 09:14:42 [ERROR-1006]:测试用例运行结果统计模块引发的异常.'WARNING'
2016-12-23 09:15:34 [ERROR-1006]:测试用例运行结果统计模块引发的异常.'WARNING'
2016-12-23 09:15:35 [ERROR-1006]:测试用例运行结果统计模块引发的异常.'WARNING'
2016-12-23 09:16:27 [ERROR-1006]:测试用例运行结果统计模块引发的异常.'WARNING'
2016-12-23 09:16:29 [ERROR-1006]:测试用例运行结果统计模块引发的异常.'WARNING'
2016-12-23 09:17:21 [ERROR-1006]:测试用例运行结果统计模块引发的异常.'WARNING'
2016-12-23 09:17:22 [ERROR-1006]:测试用例运行结果统计模块引发的异常.'WARNING'
2016-12-23 09:18:15 [ERROR-1006]:测试用例运行结果统计模块引发的异常.'WARNING'
2016-12-23 09:18:16 [ERROR-1006]:测试用例运行结果统计模块引发的异常.'WARNING'
2016-12-23 09:19:08 [ERROR-1006]:测试用例运行结果统计模块引发的异常.'WARNING'
2016-12-23 09:19:09 [ERROR-1006]:测试用例运行结果统计模块引发的异常.'WARNING'
2016-12-23 09:20:13 [ERROR-1006]:测试用例运行结果统计模块引发的异常.'WARNING'
2016-12-23 09:20:14 [ERROR-1006]:测试用例运行结果统计模块引发的异常.'WARNING'
2016-12-23 09:21:09 [ERROR-1006]:测试用例运行结果统计模块引发的异常.'WARNING'
2016-12-23 09:21:10 [ERROR-1006]:测试用例运行结果统计模块引发的异常.'WARNING'
2016-12-23 09:22:02 [ERROR-1006]:测试用例运行结果统计模块引发的异常.'WARNING'
2016-12-23 09:22:03 [ERROR-1006]:测试用例运行结果统计模块引发的异常.'WARNING'
2016-12-23 09:22:55 [ERROR-1006]:测试用例运行结果统计模块引发的异常.'WARNING'
2016-12-23 09:22:56 [ERROR-1006]:测试用例运行结果统计模块引发的异常.'WARNING'
2016-12-23 09:23:49 [ERROR-1006]:测试用例运行结果统计模块引发的异常.'WARNING'
2016-12-23 09:23:50 [ERROR-1006]:测试用例运行结果统计模块引发的异常.'WARNING'
2016-12-23 09:24:42 [ERROR-1006]:测试用例运行结果统计模块引发的异常.'WARNING'
2016-12-23 09:24:43 [ERROR-1006]:测试用例运行结果统计模块引发的异常.'WARNING'
2016-12-23 09:25:35 [ERROR-1006]:测试用例运行结果统计模块引发的异常.'WARNING'
2016-12-23 09:25:36 [ERROR-1006]:测试用例运行结果统计模块引发的异常.'WARNING'
2016-12-23 09:26:28 [ERROR-1006]:测试用例运行结果统计模块引发的异常.'WARNING'
2016-12-23 09:26:29 [ERROR-1006]:测试用例运行结果统计模块引发的异常.'WARNING'
2016-12-23 09:27:21 [ERROR-1006]:测试用例运行结果统计模块引发的异常.'WARNING'
2016-12-23 09:27:23 [ERROR-1006]:测试用例运行结果统计模块引发的异常.'WARNING'
2016-12-23 09:28:15 [ERROR-1006]:测试用例运行结果统计模块引发的异常.'WARNING'
2016-12-23 09:28:16 [ERROR-1006]:测试用例运行结果统计模块引发的异常.'WARNING'
2016-12-23 09:29:08 [ERROR-1006]:测试用例运行结果统计模块引发的异常.'WARNING'
2016-12-23 09:29:09 [ERROR-1006]:测试用例运行结果统计模块引发的异常.'WARNING'
2016-12-23 09:30:13 [ERROR-1006]:测试用例运行结果统计模块引发的异常.'WARNING'
2016-12-23 09:30:14 [ERROR-1006]:测试用例运行结果统计模块引发的异常.'WARNING'
2016-12-23 09:31:09 [ERROR-1006]:测试用例运行结果统计模块引发的异常.'WARNING'
2016-12-23 09:31:10 [ERROR-1006]:测试用例运行结果统计模块引发的异常.'WARNING'
2016-12-23 09:32:03 [ERROR-1006]:测试用例运行结果统计模块引发的异常.'WARNING'
2016-12-23 09:32:04 [ERROR-1006]:测试用例运行结果统计模块引发的异常.'WARNING'
2016-12-23 09:32:56 [ERROR-1006]:测试用例运行结果统计模块引发的异常.'WARNING'
2016-12-23 09:32:57 [ERROR-1006]:测试用例运行结果统计模块引发的异常.'WARNING'
2016-12-23 09:33:49 [ERROR-1006]:测试用例运行结果统计模块引发的异常.'WARNING'
2016-12-23 09:33:50 [ERROR-1006]:测试用例运行结果统计模块引发的异常.'WARNING'
2016-12-23 09:34:42 [ERROR-1006]:测试用例运行结果统计模块引发的异常.'WARNING'
2016-12-23 09:34:43 [ERROR-1006]:测试用例运行结果统计模块引发的异常.'WARNING'
2016-12-23 09:35:36 [ERROR-1006]:测试用例运行结果统计模块引发的异常.'WARNING'
2016-12-23 09:35:37 [ERROR-1006]:测试用例运行结果统计模块引发的异常.'WARNING'
2016-12-23 09:36:29 [ERROR-1006]:测试用例运行结果统计模块引发的异常.'WARNING'
2016-12-23 09:36:30 [ERROR-1006]:测试用例运行结果统计模块引发的异常.'WARNING'
2016-12-23 09:37:22 [ERROR-1006]:测试用例运行结果统计模块引发的异常.'WARNING'
2016-12-23 09:37:23 [ERROR-1006]:测试用例运行结果统计模块引发的异常.'WARNING'
2016-12-23 09:38:15 [ERROR-1006]:测试用例运行结果统计模块引发的异常.'WARNING'
2016-12-23 09:38:16 [ERROR-1006]:测试用例运行结果统计模块引发的异常.'WARNING'
2016-12-23 09:39:08 [ERROR-1006]:测试用例运行结果统计模块引发的异常.'WARNING'
2016-12-23 09:39:09 [ERROR-1006]:测试用例运行结果统计模块引发的异常.'WARNING'
2016-12-23 09:40:13 [ERROR-1006]:测试用例运行结果统计模块引发的异常.'WARNING'
2016-12-23 09:40:14 [ERROR-1006]:测试用例运行结果统计模块引发的异常.'WARNING'
2016-12-23 09:41:09 [ERROR-1006]:测试用例运行结果统计模块引发的异常.'WARNING'
2016-12-23 09:41:10 [ERROR-1006]:测试用例运行结果统计模块引发的异常.'WARNING'
2016-12-23 09:42:02 [ERROR-1006]:测试用例运行结果统计模块引发的异常.'WARNING'
2016-12-23 09:42:03 [ERROR-1006]:测试用例运行结果统计模块引发的异常.'WARNING'
2016-12-23 09:42:55 [ERROR-1006]:测试用例运行结果统计模块引发的异常.'WARNING'
2016-12-23 09:42:57 [ERROR-1006]:测试用例运行结果统计模块引发的异常.'WARNING'
2016-12-23 09:43:49 [ERROR-1006]:测试用例运行结果统计模块引发的异常.'WARNING'
2016-12-23 09:43:50 [ERROR-1006]:测试用例运行结果统计模块引发的异常.'WARNING'
2016-12-23 09:44:42 [ERROR-1006]:测试用例运行结果统计模块引发的异常.'WARNING'
2016-12-23 09:44:43 [ERROR-1006]:测试用例运行结果统计模块引发的异常.'WARNING'
2016-12-23 09:45:35 [ERROR-1006]:测试用例运行结果统计模块引发的异常.'WARNING'
2016-12-23 09:45:36 [ERROR-1006]:测试用例运行结果统计模块引发的异常.'WARNING'
2016-12-23 09:46:28 [ERROR-1006]:测试用例运行结果统计模块引发的异常.'WARNING'
2016-12-23 09:46:29 [ERROR-1006]:测试用例运行结果统计模块引发的异常.'WARNING'
2016-12-23 09:47:21 [ERROR-1006]:测试用例运行结果统计模块引发的异常.'WARNING'
2016-12-23 09:47:22 [ERROR-1006]:测试用例运行结果统计模块引发的异常.'WARNING'
2016-12-23 09:48:15 [ERROR-1006]:测试用例运行结果统计模块引发的异常.'WARNING'
2016-12-23 09:48:16 [ERROR-1006]:测试用例运行结果统计模块引发的异常.'WARNING'
2016-12-23 09:49:08 [ERROR-1006]:测试用例运行结果统计模块引发的异常.'WARNING'
2016-12-23 09:49:09 [ERROR-1006]:测试用例运行结果统计模块引发的异常.'WARNING'
2016-12-23 09:50:12 [ERROR-1006]:测试用例运行结果统计模块引发的异常.'WARNING'
2016-12-23 09:50:14 [ERROR-1006]:测试用例运行结果统计模块引发的异常.'WARNING'
2016-12-23 09:51:09 [ERROR-1006]:测试用例运行结果统计模块引发的异常.'WARNING'
2016-12-23 09:51:10 [ERROR-1006]:测试用例运行结果统计模块引发的异常.'WARNING'
2016-12-23 09:52:02 [ERROR-1006]:测试用例运行结果统计模块引发的异常.'WARNING'
2016-12-23 09:52:03 [ERROR-1006]:测试用例运行结果统计模块引发的异常.'WARNING'
2016-12-23 09:52:55 [ERROR-1006]:测试用例运行结果统计模块引发的异常.'WARNING'
2016-12-23 09:52:56 [ERROR-1006]:测试用例运行结果统计模块引发的异常.'WARNING'
2016-12-23 09:53:48 [ERROR-1006]:测试用例运行结果统计模块引发的异常.'WARNING'
2016-12-23 09:53:49 [ERROR-1006]:测试用例运行结果统计模块引发的异常.'WARNING'
2016-12-23 09:54:41 [ERROR-1006]:测试用例运行结果统计模块引发的异常.'WARNING'
2016-12-23 09:54:43 [ERROR-1006]:测试用例运行结果统计模块引发的异常.'WARNING'
2016-12-23 09:55:35 [ERROR-1006]:测试用例运行结果统计模块引发的异常.'WARNING'
2016-12-23 09:55:36 [ERROR-1006]:测试用例运行结果统计模块引发的异常.'WARNING'
2016-12-23 09:56:28 [ERROR-1006]:测试用例运行结果统计模块引发的异常.'WARNING'
2016-12-23 09:56:29 [ERROR-1006]:测试用例运行结果统计模块引发的异常.'WARNING'
2016-12-23 09:57:21 [ERROR-1006]:测试用例运行结果统计模块引发的异常.'WARNING'
2016-12-23 09:57:22 [ERROR-1006]:测试用例运行结果统计模块引发的异常.'WARNING'
2016-12-23 09:58:14 [ERROR-1006]:测试用例运行结果统计模块引发的异常.'WARNING'
2016-12-23 09:58:15 [ERROR-1006]:测试用例运行结果统计模块引发的异常.'WARNING'
2016-12-23 09:59:07 [ERROR-1006]:测试用例运行结果统计模块引发的异常.'WARNING'
2016-12-23 09:59:09 [ERROR-1006]:测试用例运行结果统计模块引发的异常.'WARNING'
2016-12-23 10:00:12 [ERROR-1006]:测试用例运行结果统计模块引发的异常.'WARNING'
2016-12-23 10:00:13 [ERROR-1006]:测试用例运行结果统计模块引发的异常.'WARNING'
2016-12-23 10:01:06 [ERROR-1006]:测试用例运行结果统计模块引发的异常.'WARNING'
2016-12-23 10:01:07 [ERROR-1006]:测试用例运行结果统计模块引发的异常.'WARNING'
2016-12-23 10:01:14 End.
2016-12-23 10:01:14 程序结束.客户自定义字段.xml

2016-12-23 10:01:14 程序启动.客户列表.xml
2016-12-23 10:01:15 Start.
2016-12-23 10:06:31 End.
2016-12-23 10:06:31 程序结束.客户列表.xml

2016-12-23 10:06:31 程序启动.客户统计表.xml
2016-12-23 10:06:31 Start.
2016-12-23 10:08:33 End.
2016-12-23 10:08:33 程序结束.客户统计表.xml

2016-12-23 10:08:33 程序启动.客户明细表.xml
2016-12-23 10:08:34 Start.
2016-12-23 10:11:22 End.
2016-12-23 10:11:22 程序结束.客户明细表.xml

2016-12-23 10:11:22 程序启动.考勤.xml
2016-12-23 10:11:22 Start.
2016-12-23 10:15:32 End.
2016-12-23 10:15:32 程序结束.考勤.xml

2016-12-23 14:00:01 程序启动.线索.xml
2016-12-23 14:00:03 Start.
2016-12-23 14:01:30 End.
2016-12-23 14:01:30 程序结束.线索.xml

2016-12-23 14:01:30 程序启动.系统日志.xml
2016-12-23 14:01:31 Start.
2016-12-23 14:01:49 [ERROR-1006]:测试用例运行结果统计模块引发的异常.'WARNING'
2016-12-23 14:02:03 [ERROR-1006]:测试用例运行结果统计模块引发的异常.'WARNING'
2016-12-23 14:02:55 [ERROR-1006]:测试用例运行结果统计模块引发的异常.'WARNING'
2016-12-23 14:02:56 [ERROR-1006]:测试用例运行结果统计模块引发的异常.'WARNING'
2016-12-23 14:03:48 [ERROR-1006]:测试用例运行结果统计模块引发的异常.'WARNING'
2016-12-23 14:03:49 [ERROR-1006]:测试用例运行结果统计模块引发的异常.'WARNING'
2016-12-23 14:04:41 [ERROR-1006]:测试用例运行结果统计模块引发的异常.'WARNING'
2016-12-23 14:04:42 [ERROR-1006]:测试用例运行结果统计模块引发的异常.'WARNING'
2016-12-23 14:05:34 [ERROR-1006]:测试用例运行结果统计模块引发的异常.'WARNING'
2016-12-23 14:05:35 [ERROR-1006]:测试用例运行结果统计模块引发的异常.'WARNING'
2016-12-23 14:06:27 [ERROR-1006]:测试用例运行结果统计模块引发的异常.'WARNING'
2016-12-23 14:06:28 [ERROR-1006]:测试用例运行结果统计模块引发的异常.'WARNING'
2016-12-23 14:07:21 [ERROR-1006]:测试用例运行结果统计模块引发的异常.'WARNING'
2016-12-23 14:07:22 [ERROR-1006]:测试用例运行结果统计模块引发的异常.'WARNING'
2016-12-23 14:08:14 [ERROR-1006]:测试用例运行结果统计模块引发的异常.'WARNING'
2016-12-23 14:08:15 [ERROR-1006]:测试用例运行结果统计模块引发的异常.'WARNING'
2016-12-23 14:09:19 [ERROR-1006]:测试用例运行结果统计模块引发的异常.'WARNING'
2016-12-23 14:09:20 [ERROR-1006]:测试用例运行结果统计模块引发的异常.'WARNING'
2016-12-23 14:10:12 [ERROR-1006]:测试用例运行结果统计模块引发的异常.'WARNING'
2016-12-23 14:10:13 [ERROR-1006]:测试用例运行结果统计模块引发的异常.'WARNING'
2016-12-23 14:11:08 [ERROR-1006]:测试用例运行结果统计模块引发的异常.'WARNING'
2016-12-23 14:11:09 [ERROR-1006]:测试用例运行结果统计模块引发的异常.'WARNING'
2016-12-23 14:12:01 [ERROR-1006]:测试用例运行结果统计模块引发的异常.'WARNING'
2016-12-23 14:12:02 [ERROR-1006]:测试用例运行结果统计模块引发的异常.'WARNING'
2016-12-23 14:12:56 [ERROR-1006]:测试用例运行结果统计模块引发的异常.'WARNING'
2016-12-23 14:12:57 [ERROR-1006]:测试用例运行结果统计模块引发的异常.'WARNING'
2016-12-23 14:13:49 [ERROR-1006]:测试用例运行结果统计模块引发的异常.'WARNING'
2016-12-23 14:13:50 [ERROR-1006]:测试用例运行结果统计模块引发的异常.'WARNING'
2016-12-23 14:14:42 [ERROR-1006]:测试用例运行结果统计模块引发的异常.'WARNING'
2016-12-23 14:14:43 [ERROR-1006]:测试用例运行结果统计模块引发的异常.'WARNING'
2016-12-23 14:15:35 [ERROR-1006]:测试用例运行结果统计模块引发的异常.'WARNING'
2016-12-23 14:15:36 [ERROR-1006]:测试用例运行结果统计模块引发的异常.'WARNING'
2016-12-23 14:16:28 [ERROR-1006]:测试用例运行结果统计模块引发的异常.'WARNING'
2016-12-23 14:16:29 [ERROR-1006]:测试用例运行结果统计模块引发的异常.'WARNING'
2016-12-23 14:17:21 [ERROR-1006]:测试用例运行结果统计模块引发的异常.'WARNING'
2016-12-23 14:17:22 [ERROR-1006]:测试用例运行结果统计模块引发的异常.'WARNING'
2016-12-23 14:18:17 [ERROR-1006]:测试用例运行结果统计模块引发的异常.'WARNING'
2016-12-23 14:18:18 [ERROR-1006]:测试用例运行结果统计模块引发的异常.'WARNING'
2016-12-23 14:19:22 [ERROR-1006]:测试用例运行结果统计模块引发的异常.'WARNING'
2016-12-23 14:19:23 [ERROR-1006]:测试用例运行结果统计模块引发的异常.'WARNING'
2016-12-23 14:20:15 [ERROR-1006]:测试用例运行结果统计模块引发的异常.'WARNING'
2016-12-23 14:20:16 [ERROR-1006]:测试用例运行结果统计模块引发的异常.'WARNING'
2016-12-23 14:21:11 [ERROR-1006]:测试用例运行结果统计模块引发的异常.'WARNING'
2016-12-23 14:21:12 [ERROR-1006]:测试用例运行结果统计模块引发的异常.'WARNING'
2016-12-23 14:22:04 [ERROR-1006]:测试用例运行结果统计模块引发的异常.'WARNING'
2016-12-23 14:22:05 [ERROR-1006]:测试用例运行结果统计模块引发的异常.'WARNING'
2016-12-23 14:22:59 [ERROR-1006]:测试用例运行结果统计模块引发的异常.'WARNING'
2016-12-23 14:23:00 [ERROR-1006]:测试用例运行结果统计模块引发的异常.'WARNING'
2016-12-23 14:23:52 [ERROR-1006]:测试用例运行结果统计模块引发的异常.'WARNING'
2016-12-23 14:23:53 [ERROR-1006]:测试用例运行结果统计模块引发的异常.'WARNING'
2016-12-23 14:24:45 [ERROR-1006]:测试用例运行结果统计模块引发的异常.'WARNING'
2016-12-23 14:24:46 [ERROR-1006]:测试用例运行结果统计模块引发的异常.'WARNING'
2016-12-23 14:25:38 [ERROR-1006]:测试用例运行结果统计模块引发的异常.'WARNING'
2016-12-23 14:25:39 [ERROR-1006]:测试用例运行结果统计模块引发的异常.'WARNING'
2016-12-23 14:26:31 [ERROR-1006]:测试用例运行结果统计模块引发的异常.'WARNING'
2016-12-23 14:26:32 [ERROR-1006]:测试用例运行结果统计模块引发的异常.'WARNING'
2016-12-23 14:27:24 [ERROR-1006]:测试用例运行结果统计模块引发的异常.'WARNING'
2016-12-23 14:27:25 [ERROR-1006]:测试用例运行结果统计模块引发的异常.'WARNING'
2016-12-23 14:28:20 [ERROR-1006]:测试用例运行结果统计模块引发的异常.'WARNING'
2016-12-23 14:28:21 [ERROR-1006]:测试用例运行结果统计模块引发的异常.'WARNING'
2016-12-23 14:29:24 [ERROR-1006]:测试用例运行结果统计模块引发的异常.'WARNING'
2016-12-23 14:29:26 [ERROR-1006]:测试用例运行结果统计模块引发的异常.'WARNING'
2016-12-23 14:30:18 [ERROR-1006]:测试用例运行结果统计模块引发的异常.'WARNING'
2016-12-23 14:30:19 [ERROR-1006]:测试用例运行结果统计模块引发的异常.'WARNING'
2016-12-23 14:30:26 End.
2016-12-23 14:30:26 程序结束.系统日志.xml

2016-12-23 14:30:26 程序启动.联系人.xml
2016-12-23 14:30:27 Start.
2016-12-23 14:33:13 End.
2016-12-23 14:33:13 程序结束.联系人.xml

2016-12-23 14:33:13 程序启动.客户汇总表.xml
2016-12-23 14:33:14 Start.
2016-12-23 14:35:11 End.
2016-12-23 14:35:11 程序结束.客户汇总表.xml

2016-12-23 14:35:11 程序启动.客户自定义字段.xml
2016-12-23 14:35:12 Start.
2016-12-23 14:38:52 End.
2016-12-23 14:38:52 程序结束.客户自定义字段.xml

2016-12-23 14:38:52 程序启动.客户列表.xml
2016-12-23 14:38:53 Start.
2016-12-23 14:44:05 End.
2016-12-23 14:44:05 程序结束.客户列表.xml

2016-12-23 14:44:05 程序启动.客户统计表.xml
2016-12-23 14:44:06 Start.
2016-12-23 14:46:03 End.
2016-12-23 14:46:03 程序结束.客户统计表.xml

2016-12-23 14:46:03 程序启动.客户明细表.xml
2016-12-23 14:46:04 Start.
2016-12-23 14:48:44 End.
2016-12-23 14:48:44 程序结束.客户明细表.xml

2016-12-23 14:48:44 程序启动.考勤.xml
2016-12-23 14:48:45 Start.
2016-12-23 14:50:35 [ERROR-1006]:测试用例运行结果统计模块引发的异常.'WARNING'
2016-12-23 14:52:52 End.
2016-12-23 14:52:52 程序结束.考勤.xml

2016-12-24 01:00:01 程序启动.线索.xml
2016-12-24 01:00:02 Start.
2016-12-24 01:01:40 End.
2016-12-24 01:01:40 程序结束.线索.xml

2016-12-24 01:01:40 程序启动.系统日志.xml
2016-12-24 01:01:41 Start.
2016-12-24 01:03:12 [ERROR-1006]:测试用例运行结果统计模块引发的异常.'WARNING'
2016-12-24 01:04:03 [ERROR-1006]:测试用例运行结果统计模块引发的异常.'WARNING'
2016-12-24 01:04:28 End.
2016-12-24 01:04:28 程序结束.系统日志.xml

2016-12-24 01:04:28 程序启动.联系人.xml
2016-12-24 01:04:29 Start.
2016-12-24 01:07:49 End.
2016-12-24 01:07:49 程序结束.联系人.xml

2016-12-24 01:07:49 程序启动.客户汇总表.xml
2016-12-24 01:07:50 Start.
2016-12-24 01:09:57 End.
2016-12-24 01:09:57 程序结束.客户汇总表.xml

2016-12-24 01:09:57 程序启动.客户自定义字段.xml
2016-12-24 01:09:58 Start.
2016-12-24 01:14:10 End.
2016-12-24 01:14:10 程序结束.客户自定义字段.xml

2016-12-24 01:14:10 程序启动.客户列表.xml
2016-12-24 01:14:10 Start.
2016-12-24 01:20:10 End.
2016-12-24 01:20:10 程序结束.客户列表.xml

2016-12-24 01:20:10 程序启动.客户统计表.xml
2016-12-24 01:20:11 Start.
2016-12-24 01:22:23 End.
2016-12-24 01:22:23 程序结束.客户统计表.xml

2016-12-24 01:22:23 程序启动.客户明细表.xml
2016-12-24 01:22:23 Start.
2016-12-24 01:25:21 End.
2016-12-24 01:25:21 程序结束.客户明细表.xml

2016-12-24 01:25:21 程序启动.考勤.xml
2016-12-24 01:25:22 Start.
2016-12-24 01:29:57 End.
2016-12-24 01:29:57 程序结束.考勤.xml

2016-12-27 11:33:09 程序启动.线索.xml
2016-12-27 11:33:09 Start.
2016-12-27 11:34:38 End.
2016-12-27 11:34:38 程序结束.线索.xml

2016-12-27 11:34:38 程序启动.系统日志.xml
2016-12-27 11:34:39 Start.
2016-12-27 11:36:00 [ERROR-1006]:测试用例运行结果统计模块引发的异常.'WARNING'
2016-12-27 11:37:07 End.
2016-12-27 11:37:07 程序结束.系统日志.xml

2016-12-27 11:37:07 程序启动.联系人.xml
2016-12-27 11:37:08 Start.
2016-12-27 11:40:00 End.
2016-12-27 11:40:00 程序结束.联系人.xml

2016-12-27 11:40:00 程序启动.客户汇总表.xml
2016-12-27 11:40:00 Start.
2016-12-27 11:41:52 End.
2016-12-27 11:41:52 程序结束.客户汇总表.xml

2016-12-27 11:41:52 程序启动.客户自定义字段.xml
2016-12-27 11:41:53 Start.
2016-12-27 11:45:31 End.
2016-12-27 11:45:31 程序结束.客户自定义字段.xml

2016-12-27 11:45:31 程序启动.客户列表.xml
2016-12-27 11:45:32 Start.
2016-12-27 11:50:50 End.
2016-12-27 11:50:50 程序结束.客户列表.xml

2016-12-27 11:50:50 程序启动.客户统计表.xml
2016-12-27 11:50:51 Start.
2016-12-27 11:52:45 End.
2016-12-27 11:52:45 程序结束.客户统计表.xml

2016-12-27 11:52:45 程序启动.客户明细表.xml
2016-12-27 11:52:46 Start.
2016-12-27 11:55:27 End.
2016-12-27 11:55:27 程序结束.客户明细表.xml

2016-12-27 11:55:27 程序启动.考勤.xml
2016-12-27 11:55:28 Start.
2016-12-27 11:57:17 [ERROR-1006]:测试用例运行结果统计模块引发的异常.'WARNING'
2016-12-27 11:59:35 End.
2016-12-27 11:59:35 程序结束.考勤.xml

2016-12-27 14:00:01 程序启动.线索.xml
2016-12-27 14:00:02 Start.
2016-12-27 14:01:28 End.
2016-12-27 14:01:28 程序结束.线索.xml

2016-12-27 14:01:28 程序启动.系统日志.xml
2016-12-27 14:01:29 Start.
2016-12-27 14:02:48 [ERROR-1006]:测试用例运行结果统计模块引发的异常.'WARNING'
2016-12-27 14:03:33 [ERROR-1006]:测试用例运行结果统计模块引发的异常.'WARNING'
2016-12-27 14:03:55 End.
2016-12-27 14:03:55 程序结束.系统日志.xml

2016-12-27 14:03:55 程序启动.联系人.xml
2016-12-27 14:03:55 Start.
2016-12-27 14:06:44 End.
2016-12-27 14:06:44 程序结束.联系人.xml

2016-12-27 14:06:44 程序启动.客户汇总表.xml
2016-12-27 14:06:45 Start.
2016-12-27 14:08:35 End.
2016-12-27 14:08:35 程序结束.客户汇总表.xml

2016-12-27 14:08:35 程序启动.客户自定义字段.xml
2016-12-27 14:08:36 Start.
2016-12-27 14:12:11 End.
2016-12-27 14:12:11 程序结束.客户自定义字段.xml

2016-12-27 14:12:11 程序启动.客户列表.xml
2016-12-27 14:12:12 Start.
2016-12-27 14:17:23 End.
2016-12-27 14:17:23 程序结束.客户列表.xml

2016-12-27 14:17:23 程序启动.客户统计表.xml
2016-12-27 14:17:23 Start.
2016-12-27 14:19:23 End.
2016-12-27 14:19:23 程序结束.客户统计表.xml

2016-12-27 14:19:23 程序启动.客户明细表.xml
2016-12-27 14:19:23 Start.
2016-12-27 14:21:57 End.
2016-12-27 14:21:57 程序结束.客户明细表.xml

2016-12-27 14:21:57 程序启动.考勤.xml
2016-12-27 14:21:58 Start.
2016-12-27 14:23:48 [ERROR-1006]:测试用例运行结果统计模块引发的异常.'WARNING'
2016-12-27 14:26:05 End.
2016-12-27 14:26:05 程序结束.考勤.xml

2016-12-28 09:22:50 程序启动.线索.xml
2016-12-28 09:22:51 Start.
2016-12-28 09:24:25 End.
2016-12-28 09:24:25 程序结束.线索.xml

2016-12-28 09:24:25 程序启动.系统日志.xml
2016-12-28 09:24:26 Start.
2016-12-28 09:25:57 [ERROR-1006]:测试用例运行结果统计模块引发的异常.'WARNING'
2016-12-28 09:26:46 [ERROR-1006]:测试用例运行结果统计模块引发的异常.'WARNING'
2016-12-28 09:27:09 End.
2016-12-28 09:27:09 程序结束.系统日志.xml

2016-12-28 09:27:09 程序启动.联系人.xml
2016-12-28 09:27:10 Start.
2016-12-28 09:30:21 End.
2016-12-28 09:30:21 程序结束.联系人.xml

2016-12-28 09:30:21 程序启动.客户汇总表.xml
2016-12-28 09:30:22 Start.
2016-12-28 09:32:26 End.
2016-12-28 09:32:26 程序结束.客户汇总表.xml

2016-12-28 09:32:26 程序启动.客户自定义字段.xml
2016-12-28 09:32:26 Start.
2016-12-28 09:36:28 End.
2016-12-28 09:36:28 程序结束.客户自定义字段.xml

2016-12-28 09:36:28 程序启动.客户列表.xml
2016-12-28 09:36:28 Start.
2016-12-28 09:42:23 End.
2016-12-28 09:42:23 程序结束.客户列表.xml

2016-12-28 09:42:23 程序启动.客户统计表.xml
2016-12-28 09:42:23 Start.
2016-12-28 09:44:28 End.
2016-12-28 09:44:28 程序结束.客户统计表.xml

2016-12-28 09:44:28 程序启动.客户明细表.xml
2016-12-28 09:44:29 Start.
2016-12-28 09:47:23 End.
2016-12-28 09:47:23 程序结束.客户明细表.xml

2016-12-28 09:47:23 程序启动.考勤.xml
2016-12-28 09:47:24 Start.
2016-12-28 09:51:51 End.
2016-12-28 09:51:51 程序结束.考勤.xml

2016-12-28 22:00:01 程序启动.线索.xml
2016-12-28 22:00:02 Start.
2016-12-28 22:01:37 End.
2016-12-28 22:01:37 程序结束.线索.xml

2016-12-28 22:01:37 程序启动.系统日志.xml
2016-12-28 22:01:38 Start.
2016-12-28 22:04:22 End.
2016-12-28 22:04:22 程序结束.系统日志.xml

2016-12-28 22:04:22 程序启动.联系人.xml
2016-12-28 22:04:23 Start.
2016-12-28 22:07:34 End.
2016-12-28 22:07:34 程序结束.联系人.xml

2016-12-28 22:07:34 程序启动.客户汇总表.xml
2016-12-28 22:07:35 Start.
2016-12-28 22:09:38 End.
2016-12-28 22:09:38 程序结束.客户汇总表.xml

2016-12-28 22:09:38 程序启动.客户自定义字段.xml
2016-12-28 22:09:38 Start.
2016-12-28 22:13:39 End.
2016-12-28 22:13:39 程序结束.客户自定义字段.xml

2016-12-28 22:13:39 程序启动.客户列表.xml
2016-12-28 22:13:40 Start.
2016-12-28 22:19:38 End.
2016-12-28 22:19:38 程序结束.客户列表.xml

2016-12-28 22:19:38 程序启动.客户统计表.xml
2016-12-28 22:19:39 Start.
2016-12-28 22:21:44 End.
2016-12-28 22:21:44 程序结束.客户统计表.xml

2016-12-28 22:21:44 程序启动.客户明细表.xml
2016-12-28 22:21:45 Start.
2016-12-28 22:24:39 End.
2016-12-28 22:24:39 程序结束.客户明细表.xml

2016-12-28 22:24:39 程序启动.考勤.xml
2016-12-28 22:24:40 Start.
2016-12-28 22:26:43 [ERROR-1006]:测试用例运行结果统计模块引发的异常.'WARNING'
2016-12-28 22:29:11 End.
2016-12-28 22:29:11 程序结束.考勤.xml

2016-12-29 23:00:02 程序启动.线索.xml
2016-12-29 23:00:03 Start.
2016-12-29 23:06:45 End.
2016-12-29 23:06:45 程序结束.线索.xml

2016-12-29 23:06:45 程序启动.系统日志.xml
2016-12-29 23:06:45 Start.
2016-12-29 23:08:17 [ERROR-1006]:测试用例运行结果统计模块引发的异常.'WARNING'
2016-12-29 23:09:07 [ERROR-1006]:测试用例运行结果统计模块引发的异常.'WARNING'
2016-12-29 23:09:31 End.
2016-12-29 23:09:31 程序结束.系统日志.xml

2016-12-29 23:09:31 程序启动.联系人.xml
2016-12-29 23:09:31 Start.
2016-12-29 23:34:11 End.
2016-12-29 23:34:11 程序结束.联系人.xml

2016-12-29 23:34:11 程序启动.客户汇总表.xml
2016-12-29 23:34:11 Start.
2016-12-29 23:36:47 End.
2016-12-29 23:36:47 程序结束.客户汇总表.xml

2016-12-29 23:36:47 程序启动.客户自定义字段.xml
2016-12-29 23:36:47 Start.
2016-12-30 00:10:39 End.
2016-12-30 00:10:39 程序结束.客户自定义字段.xml

2016-12-30 00:10:39 程序启动.客户列表.xml
2016-12-30 00:10:39 Start.
2016-12-30 01:09:05 End.
2016-12-30 01:09:05 程序结束.客户列表.xml

2016-12-30 01:09:05 程序启动.客户统计表.xml
2016-12-30 01:09:07 Start.
2016-12-30 01:13:45 End.
2016-12-30 01:13:45 程序结束.客户统计表.xml

2016-12-30 01:13:45 程序启动.客户明细表.xml
2016-12-30 01:13:45 Start.
2016-12-30 01:21:59 End.
2016-12-30 01:21:59 程序结束.客户明细表.xml

2016-12-30 01:21:59 程序启动.考勤.xml
2016-12-30 01:22:00 Start.
2016-12-30 01:24:08 [ERROR-1006]:测试用例运行结果统计模块引发的异常.'WARNING'
2016-12-30 01:26:40 End.
2016-12-30 01:26:40 程序结束.考勤.xml

2016-12-30 09:00:51 程序启动.线索.xml
2016-12-30 09:00:52 Start.
2016-12-30 09:07:35 End.
2016-12-30 09:07:35 程序结束.线索.xml

2016-12-30 09:07:35 程序启动.系统日志.xml
2016-12-30 09:07:36 Start.
2016-12-30 09:09:10 [ERROR-1006]:测试用例运行结果统计模块引发的异常.'WARNING'
2016-12-30 09:10:26 End.
2016-12-30 09:10:26 程序结束.系统日志.xml

2016-12-30 09:10:26 程序启动.联系人.xml
2016-12-30 09:10:27 Start.
2016-12-30 09:35:18 End.
2016-12-30 09:35:18 程序结束.联系人.xml

2016-12-30 09:35:18 程序启动.客户汇总表.xml
2016-12-30 09:35:19 Start.
2016-12-30 09:37:50 End.
2016-12-30 09:37:50 程序结束.客户汇总表.xml

2016-12-30 09:37:50 程序启动.客户自定义字段.xml
2016-12-30 09:37:51 Start.
2016-12-30 10:11:46 End.
2016-12-30 10:11:46 程序结束.客户自定义字段.xml

2016-12-30 10:11:46 程序启动.客户列表.xml
2016-12-30 10:11:47 Start.
2016-12-30 11:10:11 End.
2016-12-30 11:10:11 程序结束.客户列表.xml

2016-12-30 11:10:11 程序启动.客户统计表.xml
2016-12-30 11:10:12 Start.
2016-12-30 11:14:29 End.
2016-12-30 11:14:29 程序结束.客户统计表.xml

2016-12-30 11:14:29 程序启动.客户明细表.xml
2016-12-30 11:14:30 Start.
2016-12-30 11:22:43 End.
2016-12-30 11:22:43 程序结束.客户明细表.xml

2016-12-30 11:22:43 程序启动.考勤.xml
2016-12-30 11:22:44 Start.
2016-12-30 11:24:52 [ERROR-1006]:测试用例运行结果统计模块引发的异常.'WARNING'
2016-12-30 11:27:20 End.
2016-12-30 11:27:20 程序结束.考勤.xml

2017-01-03 09:06:32 程序启动.线索.xml
2017-01-03 09:06:32 Start.
2017-01-03 09:13:52 End.
2017-01-03 09:13:52 程序结束.线索.xml

2017-01-03 09:13:52 程序启动.系统日志.xml
2017-01-03 09:13:52 Start.
2017-01-03 09:16:52 [ERROR-1006]:测试用例运行结果统计模块引发的异常.'WARNING'
2017-01-03 09:17:41 [ERROR-1006]:测试用例运行结果统计模块引发的异常.'WARNING'
2017-01-03 09:18:03 End.
2017-01-03 09:18:03 程序结束.系统日志.xml

2017-01-03 09:18:03 程序启动.联系人.xml
2017-01-03 09:18:04 Start.
2017-01-03 09:22:54 End.
2017-01-03 09:22:54 程序结束.联系人.xml

2017-01-03 09:22:54 程序启动.客户汇总表.xml
2017-01-03 09:22:55 Start.
2017-01-03 09:26:11 End.
2017-01-03 09:26:11 程序结束.客户汇总表.xml

2017-01-03 09:26:11 程序启动.客户自定义字段.xml
2017-01-03 09:26:12 Start.
2017-01-03 09:30:56 End.
2017-01-03 09:30:56 程序结束.客户自定义字段.xml

2017-01-03 09:30:56 程序启动.客户列表.xml
2017-01-03 09:30:56 Start.
2017-01-03 09:56:00 End.
2017-01-03 09:56:00 程序结束.客户列表.xml

2017-01-03 09:56:00 程序启动.客户统计表.xml
2017-01-03 09:56:01 Start.
2017-01-03 10:00:52 End.
2017-01-03 10:00:52 程序结束.客户统计表.xml

2017-01-03 10:00:52 程序启动.客户明细表.xml
2017-01-03 10:00:53 Start.
2017-01-03 10:06:36 End.
2017-01-03 10:06:36 程序结束.客户明细表.xml

2017-01-03 10:06:36 程序启动.考勤.xml
2017-01-03 10:06:37 Start.
2017-01-03 10:09:28 [ERROR-1006]:测试用例运行结果统计模块引发的异常.'WARNING'
2017-01-03 10:11:44 End.
2017-01-03 10:11:44 程序结束.考勤.xml

2017-01-03 15:38:28 程序启动.线索.xml
2017-01-03 15:38:29 Start.
2017-01-03 15:40:05 End.
2017-01-03 15:40:05 程序结束.线索.xml

2017-01-03 15:40:05 程序启动.系统日志.xml
2017-01-03 15:40:06 Start.
2017-01-03 15:41:38 [ERROR-1006]:测试用例运行结果统计模块引发的异常.'WARNING'
2017-01-03 15:42:29 [ERROR-1006]:测试用例运行结果统计模块引发的异常.'WARNING'
2017-01-03 15:42:54 End.
2017-01-03 15:42:54 程序结束.系统日志.xml

2017-01-03 15:42:54 程序启动.联系人.xml
2017-01-03 15:42:54 Start.
2017-01-03 15:45:56 End.
2017-01-03 15:45:56 程序结束.联系人.xml

2017-01-03 15:45:56 程序启动.客户汇总表.xml
2017-01-03 15:45:57 Start.
2017-01-03 15:48:10 End.
2017-01-03 15:48:10 程序结束.客户汇总表.xml

2017-01-03 15:48:10 程序启动.客户自定义字段.xml
2017-01-03 15:48:11 Start.
2017-01-03 15:53:03 End.
2017-01-03 15:53:03 程序结束.客户自定义字段.xml

2017-01-03 15:53:03 程序启动.客户列表.xml
2017-01-03 15:53:05 Start.
2017-01-03 15:59:17 End.
2017-01-03 15:59:17 程序结束.客户列表.xml

2017-01-03 15:59:17 程序启动.客户统计表.xml
2017-01-03 15:59:18 Start.
2017-01-03 16:01:30 End.
2017-01-03 16:01:30 程序结束.客户统计表.xml

2017-01-03 16:01:30 程序启动.考勤.xml
2017-01-03 16:01:31 Start.
2017-01-03 16:03:36 [ERROR-1006]:测试用例运行结果统计模块引发的异常.'WARNING'
2017-01-03 16:06:08 End.
2017-01-03 16:06:08 程序结束.考勤.xml

2017-01-04 02:00:01 程序启动.线索.xml
2017-01-04 02:00:02 Start.
2017-01-04 02:01:28 End.
2017-01-04 02:01:28 程序结束.线索.xml

2017-01-04 02:01:28 程序启动.系统日志.xml
2017-01-04 02:01:29 Start.
2017-01-04 02:02:49 [ERROR-1006]:测试用例运行结果统计模块引发的异常.'WARNING'
2017-01-04 02:03:34 [ERROR-1006]:测试用例运行结果统计模块引发的异常.'WARNING'
2017-01-04 02:03:56 End.
2017-01-04 02:03:56 程序结束.系统日志.xml

2017-01-04 02:03:56 程序启动.联系人.xml
2017-01-04 02:03:56 Start.
2017-01-04 02:06:38 End.
2017-01-04 02:06:38 程序结束.联系人.xml

2017-01-04 02:06:38 程序启动.客户汇总表.xml
2017-01-04 02:06:39 Start.
2017-01-04 02:08:39 End.
2017-01-04 02:08:39 程序结束.客户汇总表.xml

2017-01-04 02:08:39 程序启动.客户自定义字段.xml
2017-01-04 02:08:40 Start.
2017-01-04 02:13:00 End.
2017-01-04 02:13:00 程序结束.客户自定义字段.xml

2017-01-04 02:13:00 程序启动.客户列表.xml
2017-01-04 02:13:00 Start.
2017-01-04 02:18:14 End.
2017-01-04 02:18:14 程序结束.客户列表.xml

2017-01-04 02:18:14 程序启动.客户统计表.xml
2017-01-04 02:18:15 Start.
2017-01-04 02:20:14 End.
2017-01-04 02:20:14 程序结束.客户统计表.xml

2017-01-04 02:20:14 程序启动.考勤.xml
2017-01-04 02:20:15 Start.
2017-01-04 02:22:01 [ERROR-1006]:测试用例运行结果统计模块引发的异常.'WARNING'
2017-01-04 02:24:16 End.
2017-01-04 02:24:16 程序结束.考勤.xml

