2016-12-14 15:42:19 程序启动.U易联企业号_应用_菜单模板.xml
2016-12-14 15:42:20 Start.
2016-12-14 15:43:33 End.
2016-12-14 15:43:33 程序结束.U易联企业号_应用_菜单模板.xml

2016-12-14 15:43:33 程序启动.U易联企业号_应用_服务功能.xml
2016-12-14 15:43:34 Start.
2016-12-14 15:47:12 End.
2016-12-14 15:47:12 程序结束.U易联企业号_应用_服务功能.xml

2016-12-14 15:47:12 程序启动.U易联企业号_应用_打卡记录.xml
2016-12-14 15:47:12 Start.
2016-12-14 15:47:58 [ERROR-1006]:测试用例运行结果统计模块引发的异常.'WARNING'
2016-12-14 15:48:23 End.
2016-12-14 15:48:23 程序结束.U易联企业号_应用_打卡记录.xml

2016-12-14 15:48:23 程序启动.U易联企业号_应用_服务源注册.xml
2016-12-14 15:48:24 Start.
2016-12-14 15:50:53 End.
2016-12-14 15:50:53 程序结束.U易联企业号_应用_服务源注册.xml

2016-12-14 15:50:53 程序启动.U易联企业号_应用_通讯录管理.xml
2016-12-14 15:50:54 Start.
2016-12-14 15:55:25 End.
2016-12-14 15:55:25 程序结束.U易联企业号_应用_通讯录管理.xml

2016-12-14 15:55:25 程序启动.U易联企业号_应用_会议室管理.xml
2016-12-14 15:55:26 Start.
2016-12-14 15:57:26 End.
2016-12-14 15:57:26 程序结束.U易联企业号_应用_会议室管理.xml

2016-12-14 15:57:26 程序启动.U易联企业号_应用_应用管理.xml
2016-12-14 15:57:26 Start.
2016-12-14 15:58:31 End.
2016-12-14 15:58:31 程序结束.U易联企业号_应用_应用管理.xml

2016-12-14 15:58:31 程序启动.U易联企业号_微信_企业号绑定.xml
2016-12-14 15:58:31 Start.
2016-12-14 16:01:36 End.
2016-12-14 16:01:36 程序结束.U易联企业号_微信_企业号绑定.xml

2016-12-14 16:01:36 程序启动.U易联企业号_微信_群发消息.xml
2016-12-14 16:01:37 Start.
2016-12-14 16:02:55 End.
2016-12-14 16:02:55 程序结束.U易联企业号_微信_群发消息.xml

2016-12-14 16:02:55 程序启动.U易联企业号_微信_微信菜单.xml
2016-12-14 16:02:57 Start.
2016-12-14 16:04:09 End.
2016-12-14 16:04:09 程序结束.U易联企业号_微信_微信菜单.xml

2016-12-14 16:04:09 程序启动.U易联企业号_素材_单图文消息.xml
2016-12-14 16:04:10 Start.
2016-12-14 16:06:51 End.
2016-12-14 16:06:51 程序结束.U易联企业号_素材_单图文消息.xml

2016-12-14 16:06:51 程序启动.U易联企业号_素材_多图文消息.xml
2016-12-14 16:06:51 Start.
2016-12-14 16:12:55 [ERROR-1006]:测试用例运行结果统计模块引发的异常.'WARNING'
2016-12-14 16:13:48 [ERROR-1006]:测试用例运行结果统计模块引发的异常.'WARNING'
2016-12-14 16:14:41 [ERROR-1006]:测试用例运行结果统计模块引发的异常.'WARNING'
2016-12-14 16:14:42 [ERROR-1006]:测试用例运行结果统计模块引发的异常.'WARNING'
2016-12-14 16:15:34 [ERROR-1006]:测试用例运行结果统计模块引发的异常.'WARNING'
2016-12-14 16:15:35 [ERROR-1006]:测试用例运行结果统计模块引发的异常.'WARNING'
2016-12-14 16:15:45 End.
2016-12-14 16:15:45 程序结束.U易联企业号_素材_多图文消息.xml

2016-12-14 16:15:45 程序启动.U易联企业号_素材_文本消息.xml
2016-12-14 16:15:46 Start.
2016-12-14 16:18:18 End.
2016-12-14 16:18:18 程序结束.U易联企业号_素材_文本消息.xml

2016-12-14 16:18:18 程序启动.U易联企业号_设置_操作员管理.xml
2016-12-14 16:18:20 Start.
2016-12-14 16:21:59 End.
2016-12-14 16:21:59 程序结束.U易联企业号_设置_操作员管理.xml

2016-12-14 16:21:59 程序启动.U易联企业号_设置_短信设置.xml
2016-12-14 16:22:01 Start.
2016-12-14 16:23:39 End.
2016-12-14 16:23:39 程序结束.U易联企业号_设置_短信设置.xml

2016-12-14 16:23:39 程序启动.U易联企业号_设置_站内消息.xml
2016-12-14 16:23:39 Start.
2016-12-14 16:25:15 End.
2016-12-14 16:25:15 程序结束.U易联企业号_设置_站内消息.xml

2016-12-14 16:25:15 程序启动.U易联企业号_设置_账户信息.xml
2016-12-14 16:25:15 Start.
2016-12-14 16:27:02 End.
2016-12-14 16:27:02 程序结束.U易联企业号_设置_账户信息.xml

2016-12-15 08:52:34 程序启动.U易联企业号_应用_菜单模板.xml
2016-12-15 08:52:35 Start.
2016-12-15 08:53:44 End.
2016-12-15 08:53:44 程序结束.U易联企业号_应用_菜单模板.xml

2016-12-15 08:53:44 程序启动.U易联企业号_应用_服务功能.xml
2016-12-15 08:53:45 Start.
2016-12-15 08:56:02 End.
2016-12-15 08:56:02 程序结束.U易联企业号_应用_服务功能.xml

2016-12-15 08:56:02 程序启动.U易联企业号_应用_打卡记录.xml
2016-12-15 08:56:03 Start.
2016-12-15 08:56:48 [ERROR-1006]:测试用例运行结果统计模块引发的异常.'WARNING'
2016-12-15 08:57:14 End.
2016-12-15 08:57:14 程序结束.U易联企业号_应用_打卡记录.xml

2016-12-15 08:57:14 程序启动.U易联企业号_应用_服务源注册.xml
2016-12-15 08:57:15 Start.
2016-12-15 08:59:49 End.
2016-12-15 08:59:49 程序结束.U易联企业号_应用_服务源注册.xml

2016-12-15 08:59:49 程序启动.U易联企业号_应用_会议室管理.xml
2016-12-15 08:59:50 Start.
2016-12-15 09:00:01 程序启动.U易联企业号_应用_菜单模板.xml
2016-12-15 09:00:01 Start.
2016-12-15 09:01:11 End.
2016-12-15 09:01:11 程序结束.U易联企业号_应用_菜单模板.xml

2016-12-15 09:01:11 程序启动.U易联企业号_应用_服务功能.xml
2016-12-15 09:01:12 Start.
2016-12-15 09:01:55 End.
2016-12-15 09:01:55 程序结束.U易联企业号_应用_会议室管理.xml

2016-12-15 09:01:55 程序启动.U易联企业号_应用_应用管理.xml
2016-12-15 09:01:56 Start.
2016-12-15 09:03:02 End.
2016-12-15 09:03:02 程序结束.U易联企业号_应用_应用管理.xml

2016-12-15 09:03:02 程序启动.U易联企业号_微信_企业号绑定.xml
2016-12-15 09:03:02 Start.
2016-12-15 09:03:31 End.
2016-12-15 09:03:31 程序结束.U易联企业号_应用_服务功能.xml

2016-12-15 09:03:31 程序启动.U易联企业号_应用_打卡记录.xml
2016-12-15 09:03:33 Start.
2016-12-15 09:04:17 [ERROR-1006]:测试用例运行结果统计模块引发的异常.'WARNING'
2016-12-15 09:04:43 End.
2016-12-15 09:04:43 程序结束.U易联企业号_应用_打卡记录.xml

2016-12-15 09:04:43 程序启动.U易联企业号_应用_服务源注册.xml
2016-12-15 09:04:43 Start.
2016-12-15 09:06:10 End.
2016-12-15 09:06:10 程序结束.U易联企业号_微信_企业号绑定.xml

2016-12-15 09:06:10 程序启动.U易联企业号_微信_群发消息.xml
2016-12-15 09:06:11 Start.
2016-12-15 09:07:16 End.
2016-12-15 09:07:16 程序结束.U易联企业号_应用_服务源注册.xml

2016-12-15 09:07:16 程序启动.U易联企业号_应用_会议室管理.xml
2016-12-15 09:07:17 Start.
2016-12-15 09:07:33 End.
2016-12-15 09:07:33 程序结束.U易联企业号_微信_群发消息.xml

2016-12-15 09:07:33 程序启动.U易联企业号_微信_微信菜单.xml
2016-12-15 09:07:34 Start.
2016-12-15 09:08:50 End.
2016-12-15 09:08:50 程序结束.U易联企业号_微信_微信菜单.xml

2016-12-15 09:08:50 程序启动.U易联企业号_素材_单图文消息.xml
2016-12-15 09:08:51 Start.
2016-12-15 09:09:13 End.
2016-12-15 09:09:13 程序结束.U易联企业号_应用_会议室管理.xml

2016-12-15 09:09:13 程序启动.U易联企业号_应用_应用管理.xml
2016-12-15 09:09:14 Start.
2016-12-15 09:10:20 End.
2016-12-15 09:10:20 程序结束.U易联企业号_应用_应用管理.xml

2016-12-15 09:10:20 程序启动.U易联企业号_微信_企业号绑定.xml
2016-12-15 09:10:20 Start.
2016-12-15 09:11:32 End.
2016-12-15 09:11:32 程序结束.U易联企业号_素材_单图文消息.xml

2016-12-15 09:11:32 程序启动.U易联企业号_素材_多图文消息.xml
2016-12-15 09:11:33 Start.
2016-12-15 09:11:38 [ERROR-1006]:测试用例运行结果统计模块引发的异常.'WARNING'
2016-12-15 09:11:53 [ERROR-1006]:测试用例运行结果统计模块引发的异常.'WARNING'
2016-12-15 09:12:46 [ERROR-1006]:测试用例运行结果统计模块引发的异常.'WARNING'
2016-12-15 09:12:47 [ERROR-1006]:测试用例运行结果统计模块引发的异常.'WARNING'
2016-12-15 09:13:22 End.
2016-12-15 09:13:22 程序结束.U易联企业号_微信_企业号绑定.xml

2016-12-15 09:13:22 程序启动.U易联企业号_微信_群发消息.xml
2016-12-15 09:13:23 Start.
2016-12-15 09:13:39 [ERROR-1006]:测试用例运行结果统计模块引发的异常.'WARNING'
2016-12-15 09:13:40 [ERROR-1006]:测试用例运行结果统计模块引发的异常.'WARNING'
2016-12-15 09:14:32 [ERROR-1006]:测试用例运行结果统计模块引发的异常.'WARNING'
2016-12-15 09:14:34 [ERROR-1006]:测试用例运行结果统计模块引发的异常.'WARNING'
2016-12-15 09:14:38 End.
2016-12-15 09:14:38 程序结束.U易联企业号_微信_群发消息.xml

2016-12-15 09:14:38 程序启动.U易联企业号_微信_微信菜单.xml
2016-12-15 09:14:39 Start.
2016-12-15 09:15:26 [ERROR-1006]:测试用例运行结果统计模块引发的异常.'WARNING'
2016-12-15 09:15:27 [ERROR-1006]:测试用例运行结果统计模块引发的异常.'WARNING'
2016-12-15 09:15:51 End.
2016-12-15 09:15:51 程序结束.U易联企业号_微信_微信菜单.xml

2016-12-15 09:15:51 程序启动.U易联企业号_素材_单图文消息.xml
2016-12-15 09:15:52 Start.
2016-12-15 09:16:19 [ERROR-1006]:测试用例运行结果统计模块引发的异常.'WARNING'
2016-12-15 09:16:20 [ERROR-1006]:测试用例运行结果统计模块引发的异常.'WARNING'
2016-12-15 09:17:15 [ERROR-1006]:测试用例运行结果统计模块引发的异常.'WARNING'
2016-12-15 09:17:16 [ERROR-1006]:测试用例运行结果统计模块引发的异常.'WARNING'
2016-12-15 09:18:13 [ERROR-1006]:测试用例运行结果统计模块引发的异常.'WARNING'
2016-12-15 09:18:14 [ERROR-1006]:测试用例运行结果统计模块引发的异常.'WARNING'
2016-12-15 09:18:28 End.
2016-12-15 09:18:28 程序结束.U易联企业号_素材_单图文消息.xml

2016-12-15 09:18:28 程序启动.U易联企业号_素材_多图文消息.xml
2016-12-15 09:18:29 Start.
2016-12-15 09:19:09 [ERROR-1006]:测试用例运行结果统计模块引发的异常.'WARNING'
2016-12-15 09:19:10 [ERROR-1006]:测试用例运行结果统计模块引发的异常.'WARNING'
2016-12-15 09:20:02 [ERROR-1006]:测试用例运行结果统计模块引发的异常.'WARNING'
2016-12-15 09:20:04 [ERROR-1006]:测试用例运行结果统计模块引发的异常.'WARNING'
2016-12-15 09:20:41 End.
2016-12-15 09:20:41 程序结束.U易联企业号_素材_多图文消息.xml

2016-12-15 09:20:41 程序启动.U易联企业号_素材_文本消息.xml
2016-12-15 09:20:42 Start.
2016-12-15 09:20:56 [ERROR-1006]:测试用例运行结果统计模块引发的异常.'WARNING'
2016-12-15 09:20:58 [ERROR-1006]:测试用例运行结果统计模块引发的异常.'WARNING'
2016-12-15 09:21:50 [ERROR-1006]:测试用例运行结果统计模块引发的异常.'WARNING'
2016-12-15 09:21:51 [ERROR-1006]:测试用例运行结果统计模块引发的异常.'WARNING'
2016-12-15 09:22:43 [ERROR-1006]:测试用例运行结果统计模块引发的异常.'WARNING'
2016-12-15 09:22:44 [ERROR-1006]:测试用例运行结果统计模块引发的异常.'WARNING'
2016-12-15 09:23:13 End.
2016-12-15 09:23:13 程序结束.U易联企业号_素材_文本消息.xml

2016-12-15 09:23:13 程序启动.U易联企业号_设置_操作员管理.xml
2016-12-15 09:23:14 Start.
2016-12-15 09:23:37 [ERROR-1006]:测试用例运行结果统计模块引发的异常.'WARNING'
2016-12-15 09:23:38 [ERROR-1006]:测试用例运行结果统计模块引发的异常.'WARNING'
2016-12-15 09:24:31 [ERROR-1006]:测试用例运行结果统计模块引发的异常.'WARNING'
2016-12-15 09:25:25 [ERROR-1006]:测试用例运行结果统计模块引发的异常.'WARNING'
2016-12-15 09:25:26 [ERROR-1006]:测试用例运行结果统计模块引发的异常.'WARNING'
2016-12-15 09:26:18 [ERROR-1006]:测试用例运行结果统计模块引发的异常.'WARNING'
2016-12-15 09:26:19 [ERROR-1006]:测试用例运行结果统计模块引发的异常.'WARNING'
2016-12-15 09:26:29 End.
2016-12-15 09:26:29 程序结束.U易联企业号_素材_多图文消息.xml

2016-12-15 09:26:29 程序启动.U易联企业号_素材_文本消息.xml
2016-12-15 09:26:30 Start.
2016-12-15 09:26:58 End.
2016-12-15 09:26:58 程序结束.U易联企业号_设置_操作员管理.xml

2016-12-15 09:26:58 程序启动.U易联企业号_设置_短信设置.xml
2016-12-15 09:26:59 Start.
2016-12-15 09:27:05 [ERROR-1006]:测试用例运行结果统计模块引发的异常.'WARNING'
2016-12-15 09:27:19 [ERROR-1006]:测试用例运行结果统计模块引发的异常.'WARNING'
2016-12-15 09:28:12 [ERROR-1006]:测试用例运行结果统计模块引发的异常.'WARNING'
2016-12-15 09:28:13 [ERROR-1006]:测试用例运行结果统计模块引发的异常.'WARNING'
2016-12-15 09:29:05 [ERROR-1006]:测试用例运行结果统计模块引发的异常.'WARNING'
2016-12-15 09:29:06 End.
2016-12-15 09:29:06 程序结束.U易联企业号_素材_文本消息.xml

2016-12-15 09:29:06 程序启动.U易联企业号_设置_操作员管理.xml
2016-12-15 09:29:06 [ERROR-1006]:测试用例运行结果统计模块引发的异常.'WARNING'
2016-12-15 09:29:07 Start.
2016-12-15 09:29:58 [ERROR-1006]:测试用例运行结果统计模块引发的异常.'WARNING'
2016-12-15 09:29:59 [ERROR-1006]:测试用例运行结果统计模块引发的异常.'WARNING'
2016-12-15 09:30:52 [ERROR-1006]:测试用例运行结果统计模块引发的异常.'WARNING'
2016-12-15 09:30:53 [ERROR-1006]:测试用例运行结果统计模块引发的异常.'WARNING'
2016-12-15 09:31:45 [ERROR-1006]:测试用例运行结果统计模块引发的异常.'WARNING'
2016-12-15 09:31:46 [ERROR-1006]:测试用例运行结果统计模块引发的异常.'WARNING'
2016-12-15 09:32:40 [ERROR-1006]:测试用例运行结果统计模块引发的异常.'WARNING'
2016-12-15 09:32:42 [ERROR-1006]:测试用例运行结果统计模块引发的异常.'WARNING'
2016-12-15 09:32:49 End.
2016-12-15 09:32:49 程序结束.U易联企业号_设置_操作员管理.xml

2016-12-15 09:32:49 程序启动.U易联企业号_设置_短信设置.xml
2016-12-15 09:32:51 Start.
2016-12-15 09:33:36 [ERROR-1006]:测试用例运行结果统计模块引发的异常.'WARNING'
2016-12-15 09:33:37 [ERROR-1006]:测试用例运行结果统计模块引发的异常.'WARNING'
2016-12-15 09:34:33 End.
2016-12-15 09:34:33 程序结束.U易联企业号_设置_短信设置.xml

2016-12-15 09:34:33 程序启动.U易联企业号_设置_站内消息.xml
2016-12-15 09:34:34 [ERROR-1006]:测试用例运行结果统计模块引发的异常.'WARNING'
2016-12-15 09:34:34 Start.
2016-12-15 09:34:35 [ERROR-1006]:测试用例运行结果统计模块引发的异常.'WARNING'
2016-12-15 09:35:27 [ERROR-1006]:测试用例运行结果统计模块引发的异常.'WARNING'
2016-12-15 09:35:28 [ERROR-1006]:测试用例运行结果统计模块引发的异常.'WARNING'
2016-12-15 09:36:09 End.
2016-12-15 09:36:09 程序结束.U易联企业号_设置_站内消息.xml

2016-12-15 09:36:09 程序启动.U易联企业号_设置_账户信息.xml
2016-12-15 09:36:10 Start.
2016-12-15 09:36:20 [ERROR-1006]:测试用例运行结果统计模块引发的异常.'WARNING'
2016-12-15 09:36:21 [ERROR-1006]:测试用例运行结果统计模块引发的异常.'WARNING'
2016-12-15 09:37:16 [ERROR-1006]:测试用例运行结果统计模块引发的异常.'WARNING'
2016-12-15 09:37:17 [ERROR-1006]:测试用例运行结果统计模块引发的异常.'WARNING'
2016-12-15 09:38:00 End.
2016-12-15 09:38:00 程序结束.U易联企业号_设置_账户信息.xml

2016-12-15 09:38:10 [ERROR-1006]:测试用例运行结果统计模块引发的异常.'WARNING'
2016-12-15 09:38:13 [ERROR-1006]:测试用例运行结果统计模块引发的异常.'WARNING'
2016-12-15 09:39:05 [ERROR-1006]:测试用例运行结果统计模块引发的异常.'WARNING'
2016-12-15 09:39:07 [ERROR-1006]:测试用例运行结果统计模块引发的异常.'WARNING'
2016-12-15 09:39:59 [ERROR-1006]:测试用例运行结果统计模块引发的异常.'WARNING'
2016-12-15 09:40:00 [ERROR-1006]:测试用例运行结果统计模块引发的异常.'WARNING'
2016-12-15 09:40:53 [ERROR-1006]:测试用例运行结果统计模块引发的异常.'WARNING'
2016-12-15 09:40:54 [ERROR-1006]:测试用例运行结果统计模块引发的异常.'WARNING'
2016-12-15 09:41:47 [ERROR-1006]:测试用例运行结果统计模块引发的异常.'WARNING'
2016-12-15 09:41:48 [ERROR-1006]:测试用例运行结果统计模块引发的异常.'WARNING'
2016-12-15 09:42:47 [ERROR-1006]:测试用例运行结果统计模块引发的异常.'WARNING'
2016-12-15 09:42:48 [ERROR-1006]:测试用例运行结果统计模块引发的异常.'WARNING'
2016-12-15 09:43:40 [ERROR-1006]:测试用例运行结果统计模块引发的异常.'WARNING'
2016-12-15 09:43:41 [ERROR-1006]:测试用例运行结果统计模块引发的异常.'WARNING'
2016-12-15 09:43:51 End.
2016-12-15 09:43:51 程序结束.U易联企业号_设置_短信设置.xml

2016-12-15 09:43:51 程序启动.U易联企业号_设置_站内消息.xml
2016-12-15 09:43:52 Start.
2016-12-15 09:45:25 End.
2016-12-15 09:45:25 程序结束.U易联企业号_设置_站内消息.xml

2016-12-15 09:45:25 程序启动.U易联企业号_设置_账户信息.xml
2016-12-15 09:45:26 Start.
2016-12-15 09:47:11 End.
2016-12-15 09:47:11 程序结束.U易联企业号_设置_账户信息.xml

2016-12-16 21:00:03 程序启动.U易联企业号_应用_菜单模板.xml
2016-12-16 21:00:04 Start.
2016-12-16 21:01:15 End.
2016-12-16 21:01:15 程序结束.U易联企业号_应用_菜单模板.xml

2016-12-16 21:01:15 程序启动.U易联企业号_应用_服务功能.xml
2016-12-16 21:01:16 Start.
2016-12-16 21:03:35 End.
2016-12-16 21:03:35 程序结束.U易联企业号_应用_服务功能.xml

2016-12-16 21:03:35 程序启动.U易联企业号_应用_打卡记录.xml
2016-12-16 21:03:36 Start.
2016-12-16 21:04:23 [ERROR-1006]:测试用例运行结果统计模块引发的异常.'WARNING'
2016-12-16 21:04:49 End.
2016-12-16 21:04:49 程序结束.U易联企业号_应用_打卡记录.xml

2016-12-16 21:04:49 程序启动.U易联企业号_应用_服务源注册.xml
2016-12-16 21:04:49 Start.
2016-12-16 21:07:23 End.
2016-12-16 21:07:23 程序结束.U易联企业号_应用_服务源注册.xml

2016-12-16 21:07:23 程序启动.U易联企业号_应用_会议室管理.xml
2016-12-16 21:07:23 Start.
2016-12-16 21:09:24 End.
2016-12-16 21:09:24 程序结束.U易联企业号_应用_会议室管理.xml

2016-12-16 21:09:24 程序启动.U易联企业号_应用_应用管理.xml
2016-12-16 21:09:25 Start.
2016-12-16 21:10:30 End.
2016-12-16 21:10:30 程序结束.U易联企业号_应用_应用管理.xml

2016-12-16 21:10:30 程序启动.U易联企业号_微信_企业号绑定.xml
2016-12-16 21:10:31 Start.
2016-12-16 21:13:36 End.
2016-12-16 21:13:36 程序结束.U易联企业号_微信_企业号绑定.xml

2016-12-16 21:13:36 程序启动.U易联企业号_微信_群发消息.xml
2016-12-16 21:13:37 Start.
2016-12-16 21:14:53 End.
2016-12-16 21:14:53 程序结束.U易联企业号_微信_群发消息.xml

2016-12-16 21:14:53 程序启动.U易联企业号_微信_微信菜单.xml
2016-12-16 21:14:54 Start.
2016-12-16 21:16:07 End.
2016-12-16 21:16:07 程序结束.U易联企业号_微信_微信菜单.xml

2016-12-16 21:16:07 程序启动.U易联企业号_素材_单图文消息.xml
2016-12-16 21:16:07 Start.
2016-12-16 21:18:47 End.
2016-12-16 21:18:47 程序结束.U易联企业号_素材_单图文消息.xml

2016-12-16 21:18:47 程序启动.U易联企业号_素材_多图文消息.xml
2016-12-16 21:18:48 Start.
2016-12-16 21:20:53 [ERROR-1006]:测试用例运行结果统计模块引发的异常.'WARNING'
2016-12-16 21:21:03 End.
2016-12-16 21:21:03 程序结束.U易联企业号_素材_多图文消息.xml

2016-12-16 21:21:03 程序启动.U易联企业号_素材_文本消息.xml
2016-12-16 21:21:04 Start.
2016-12-16 21:23:35 End.
2016-12-16 21:23:35 程序结束.U易联企业号_素材_文本消息.xml

2016-12-16 21:23:35 程序启动.U易联企业号_设置_操作员管理.xml
2016-12-16 21:23:36 Start.
2016-12-16 21:27:18 End.
2016-12-16 21:27:18 程序结束.U易联企业号_设置_操作员管理.xml

2016-12-16 21:27:18 程序启动.U易联企业号_设置_短信设置.xml
2016-12-16 21:27:19 Start.
2016-12-16 21:28:59 End.
2016-12-16 21:28:59 程序结束.U易联企业号_设置_短信设置.xml

2016-12-16 21:28:59 程序启动.U易联企业号_设置_站内消息.xml
2016-12-16 21:29:01 Start.
2016-12-16 21:30:34 End.
2016-12-16 21:30:34 程序结束.U易联企业号_设置_站内消息.xml

2016-12-16 21:30:34 程序启动.U易联企业号_设置_账户信息.xml
2016-12-16 21:30:35 Start.
2016-12-16 21:32:17 End.
2016-12-16 21:32:17 程序结束.U易联企业号_设置_账户信息.xml

2016-12-19 10:23:40 程序启动.U易联企业号_应用_菜单模板.xml
2016-12-19 10:23:40 Start.
2016-12-19 10:24:50 End.
2016-12-19 10:24:50 程序结束.U易联企业号_应用_菜单模板.xml

2016-12-19 10:24:50 程序启动.U易联企业号_应用_服务功能.xml
2016-12-19 10:24:51 Start.
2016-12-19 10:31:47 End.
2016-12-19 10:31:47 程序结束.U易联企业号_应用_服务功能.xml

2016-12-19 10:31:47 程序启动.U易联企业号_应用_打卡记录.xml
2016-12-19 10:31:48 Start.
2016-12-19 10:32:34 [ERROR-1006]:测试用例运行结果统计模块引发的异常.'WARNING'
2016-12-19 10:32:59 End.
2016-12-19 10:32:59 程序结束.U易联企业号_应用_打卡记录.xml

2016-12-19 10:32:59 程序启动.U易联企业号_应用_服务源注册.xml
2016-12-19 10:32:59 Start.
2016-12-19 10:35:31 End.
2016-12-19 10:35:31 程序结束.U易联企业号_应用_服务源注册.xml

2016-12-19 10:35:31 程序启动.U易联企业号_应用_会议室管理.xml
2016-12-19 10:35:32 Start.
2016-12-19 10:37:31 End.
2016-12-19 10:37:31 程序结束.U易联企业号_应用_会议室管理.xml

2016-12-19 10:37:31 程序启动.U易联企业号_应用_应用管理.xml
2016-12-19 10:37:32 Start.
2016-12-19 10:38:37 End.
2016-12-19 10:38:37 程序结束.U易联企业号_应用_应用管理.xml

2016-12-19 10:38:37 程序启动.U易联企业号_微信_企业号绑定.xml
2016-12-19 10:38:38 Start.
2016-12-19 10:41:40 End.
2016-12-19 10:41:40 程序结束.U易联企业号_微信_企业号绑定.xml

2016-12-19 10:41:40 程序启动.U易联企业号_微信_群发消息.xml
2016-12-19 10:41:41 Start.
2016-12-19 10:42:58 End.
2016-12-19 10:42:58 程序结束.U易联企业号_微信_群发消息.xml

2016-12-19 10:42:58 程序启动.U易联企业号_微信_微信菜单.xml
2016-12-19 10:42:59 Start.
2016-12-19 10:44:13 End.
2016-12-19 10:44:13 程序结束.U易联企业号_微信_微信菜单.xml

2016-12-19 10:44:13 程序启动.U易联企业号_素材_单图文消息.xml
2016-12-19 10:44:14 Start.
2016-12-19 10:46:52 End.
2016-12-19 10:46:52 程序结束.U易联企业号_素材_单图文消息.xml

2016-12-19 10:46:52 程序启动.U易联企业号_素材_多图文消息.xml
2016-12-19 10:46:53 Start.
2016-12-19 10:49:06 End.
2016-12-19 10:49:06 程序结束.U易联企业号_素材_多图文消息.xml

2016-12-19 10:49:06 程序启动.U易联企业号_素材_文本消息.xml
2016-12-19 10:49:07 Start.
2016-12-19 10:51:40 End.
2016-12-19 10:51:40 程序结束.U易联企业号_素材_文本消息.xml

2016-12-19 10:51:40 程序启动.U易联企业号_设置_操作员管理.xml
2016-12-19 10:51:41 Start.
2016-12-19 10:55:21 End.
2016-12-19 10:55:21 程序结束.U易联企业号_设置_操作员管理.xml

2016-12-19 10:55:21 程序启动.U易联企业号_设置_短信设置.xml
2016-12-19 10:55:22 Start.
2016-12-19 10:57:00 End.
2016-12-19 10:57:00 程序结束.U易联企业号_设置_短信设置.xml

2016-12-19 10:57:00 程序启动.U易联企业号_设置_站内消息.xml
2016-12-19 10:57:01 Start.
2016-12-19 10:58:35 End.
2016-12-19 10:58:35 程序结束.U易联企业号_设置_站内消息.xml

2016-12-19 10:58:35 程序启动.U易联企业号_设置_账户信息.xml
2016-12-19 10:58:35 Start.
2016-12-19 11:00:18 End.
2016-12-19 11:00:18 程序结束.U易联企业号_设置_账户信息.xml

2016-12-19 11:09:55 程序启动.U易联企业号_应用_菜单模板.xml
2016-12-19 11:09:56 Start.
2016-12-19 11:11:06 End.
2016-12-19 11:11:06 程序结束.U易联企业号_应用_菜单模板.xml

2016-12-19 11:11:06 程序启动.U易联企业号_应用_服务功能.xml
2016-12-19 11:11:07 Start.
2016-12-19 11:13:28 End.
2016-12-19 11:13:28 程序结束.U易联企业号_应用_服务功能.xml

2016-12-19 11:13:28 程序启动.U易联企业号_应用_打卡记录.xml
2016-12-19 11:13:29 Start.
2016-12-19 11:14:17 [ERROR-1006]:测试用例运行结果统计模块引发的异常.'WARNING'
2016-12-19 11:14:43 End.
2016-12-19 11:14:43 程序结束.U易联企业号_应用_打卡记录.xml

2016-12-19 11:14:43 程序启动.U易联企业号_应用_服务源注册.xml
2016-12-19 11:14:44 Start.
2016-12-19 11:17:05 End.
2016-12-19 11:17:05 程序结束.U易联企业号_应用_服务源注册.xml

2016-12-19 11:17:05 程序启动.U易联企业号_应用_会议室管理.xml
2016-12-19 11:17:06 Start.
2016-12-19 11:19:04 End.
2016-12-19 11:19:04 程序结束.U易联企业号_应用_会议室管理.xml

2016-12-19 11:19:04 程序启动.U易联企业号_应用_应用管理.xml
2016-12-19 11:19:05 Start.
2016-12-19 11:20:10 End.
2016-12-19 11:20:10 程序结束.U易联企业号_应用_应用管理.xml

2016-12-19 11:20:10 程序启动.U易联企业号_微信_企业号绑定.xml
2016-12-19 11:20:11 Start.
2016-12-19 11:23:14 End.
2016-12-19 11:23:14 程序结束.U易联企业号_微信_企业号绑定.xml

2016-12-19 11:23:14 程序启动.U易联企业号_微信_群发消息.xml
2016-12-19 11:23:15 Start.
2016-12-19 11:24:35 End.
2016-12-19 11:24:35 程序结束.U易联企业号_微信_群发消息.xml

2016-12-19 11:24:35 程序启动.U易联企业号_微信_微信菜单.xml
2016-12-19 11:24:36 Start.
2016-12-19 11:25:50 End.
2016-12-19 11:25:50 程序结束.U易联企业号_微信_微信菜单.xml

2016-12-19 11:25:50 程序启动.U易联企业号_素材_单图文消息.xml
2016-12-19 11:25:51 Start.
2016-12-19 11:28:31 End.
2016-12-19 11:28:31 程序结束.U易联企业号_素材_单图文消息.xml

2016-12-19 11:28:31 程序启动.U易联企业号_素材_多图文消息.xml
2016-12-19 11:28:32 Start.
2016-12-19 11:30:47 End.
2016-12-19 11:30:47 程序结束.U易联企业号_素材_多图文消息.xml

2016-12-19 11:30:47 程序启动.U易联企业号_素材_文本消息.xml
2016-12-19 11:30:48 Start.
2016-12-19 11:35:03 End.
2016-12-19 11:35:03 程序结束.U易联企业号_素材_文本消息.xml

2016-12-19 11:35:03 程序启动.U易联企业号_设置_操作员管理.xml
2016-12-19 11:35:04 Start.
2016-12-19 11:35:09 [ERROR-1006]:测试用例运行结果统计模块引发的异常.'WARNING'
2016-12-19 11:35:24 [ERROR-1006]:测试用例运行结果统计模块引发的异常.'WARNING'
2016-12-19 11:36:17 [ERROR-1006]:测试用例运行结果统计模块引发的异常.'WARNING'
2016-12-19 11:36:18 [ERROR-1006]:测试用例运行结果统计模块引发的异常.'WARNING'
2016-12-19 11:37:10 [ERROR-1006]:测试用例运行结果统计模块引发的异常.'WARNING'
2016-12-19 11:37:12 [ERROR-1006]:测试用例运行结果统计模块引发的异常.'WARNING'
2016-12-19 11:38:04 [ERROR-1006]:测试用例运行结果统计模块引发的异常.'WARNING'
2016-12-19 11:38:06 [ERROR-1006]:测试用例运行结果统计模块引发的异常.'WARNING'
2016-12-19 11:38:58 [ERROR-1006]:测试用例运行结果统计模块引发的异常.'WARNING'
2016-12-19 11:38:59 [ERROR-1006]:测试用例运行结果统计模块引发的异常.'WARNING'
2016-12-19 11:39:51 [ERROR-1006]:测试用例运行结果统计模块引发的异常.'WARNING'
2016-12-19 11:39:52 [ERROR-1006]:测试用例运行结果统计模块引发的异常.'WARNING'
2016-12-19 11:40:46 [ERROR-1006]:测试用例运行结果统计模块引发的异常.'WARNING'
2016-12-19 11:40:47 [ERROR-1006]:测试用例运行结果统计模块引发的异常.'WARNING'
2016-12-19 11:41:41 [ERROR-1006]:测试用例运行结果统计模块引发的异常.'WARNING'
2016-12-19 11:41:43 [ERROR-1006]:测试用例运行结果统计模块引发的异常.'WARNING'
2016-12-19 11:42:40 [ERROR-1006]:测试用例运行结果统计模块引发的异常.'WARNING'
2016-12-19 11:42:41 [ERROR-1006]:测试用例运行结果统计模块引发的异常.'WARNING'
2016-12-19 11:43:35 [ERROR-1006]:测试用例运行结果统计模块引发的异常.'WARNING'
2016-12-19 11:43:36 [ERROR-1006]:测试用例运行结果统计模块引发的异常.'WARNING'
2016-12-19 11:44:29 [ERROR-1006]:测试用例运行结果统计模块引发的异常.'WARNING'
2016-12-19 11:44:30 [ERROR-1006]:测试用例运行结果统计模块引发的异常.'WARNING'
2016-12-19 11:45:23 [ERROR-1006]:测试用例运行结果统计模块引发的异常.'WARNING'
2016-12-19 11:45:24 [ERROR-1006]:测试用例运行结果统计模块引发的异常.'WARNING'
2016-12-19 11:46:17 [ERROR-1006]:测试用例运行结果统计模块引发的异常.'WARNING'
2016-12-19 11:46:20 [ERROR-1006]:测试用例运行结果统计模块引发的异常.'WARNING'
2016-12-19 11:47:13 [ERROR-1006]:测试用例运行结果统计模块引发的异常.'WARNING'
2016-12-19 11:47:14 [ERROR-1006]:测试用例运行结果统计模块引发的异常.'WARNING'
2016-12-19 11:48:09 [ERROR-1006]:测试用例运行结果统计模块引发的异常.'WARNING'
2016-12-19 11:48:10 [ERROR-1006]:测试用例运行结果统计模块引发的异常.'WARNING'
2016-12-19 11:49:07 [ERROR-1006]:测试用例运行结果统计模块引发的异常.'WARNING'
2016-12-19 11:49:08 [ERROR-1006]:测试用例运行结果统计模块引发的异常.'WARNING'
2016-12-19 11:50:03 [ERROR-1006]:测试用例运行结果统计模块引发的异常.'WARNING'
2016-12-19 11:50:04 [ERROR-1006]:测试用例运行结果统计模块引发的异常.'WARNING'
2016-12-19 11:50:56 [ERROR-1006]:测试用例运行结果统计模块引发的异常.'WARNING'
2016-12-19 11:50:58 [ERROR-1006]:测试用例运行结果统计模块引发的异常.'WARNING'
2016-12-19 11:51:53 [ERROR-1006]:测试用例运行结果统计模块引发的异常.'WARNING'
2016-12-19 11:51:54 [ERROR-1006]:测试用例运行结果统计模块引发的异常.'WARNING'
2016-12-19 11:52:46 [ERROR-1006]:测试用例运行结果统计模块引发的异常.'WARNING'
2016-12-19 11:52:47 [ERROR-1006]:测试用例运行结果统计模块引发的异常.'WARNING'
2016-12-19 11:53:39 [ERROR-1006]:测试用例运行结果统计模块引发的异常.'WARNING'
2016-12-19 11:53:40 [ERROR-1006]:测试用例运行结果统计模块引发的异常.'WARNING'
2016-12-19 11:54:33 [ERROR-1006]:测试用例运行结果统计模块引发的异常.'WARNING'
2016-12-19 11:54:34 [ERROR-1006]:测试用例运行结果统计模块引发的异常.'WARNING'
2016-12-19 11:55:41 [ERROR-1006]:测试用例运行结果统计模块引发的异常.'WARNING'
2016-12-19 11:55:42 [ERROR-1006]:测试用例运行结果统计模块引发的异常.'WARNING'
2016-12-19 11:56:36 [ERROR-1006]:测试用例运行结果统计模块引发的异常.'WARNING'
2016-12-19 11:56:37 [ERROR-1006]:测试用例运行结果统计模块引发的异常.'WARNING'
2016-12-19 11:57:30 [ERROR-1006]:测试用例运行结果统计模块引发的异常.'WARNING'
2016-12-19 11:57:31 [ERROR-1006]:测试用例运行结果统计模块引发的异常.'WARNING'
2016-12-19 11:58:25 [ERROR-1006]:测试用例运行结果统计模块引发的异常.'WARNING'
2016-12-19 11:58:26 [ERROR-1006]:测试用例运行结果统计模块引发的异常.'WARNING'
2016-12-19 11:59:19 [ERROR-1006]:测试用例运行结果统计模块引发的异常.'WARNING'
2016-12-19 11:59:20 [ERROR-1006]:测试用例运行结果统计模块引发的异常.'WARNING'
2016-12-19 12:00:15 [ERROR-1006]:测试用例运行结果统计模块引发的异常.'WARNING'
2016-12-19 12:00:16 [ERROR-1006]:测试用例运行结果统计模块引发的异常.'WARNING'
2016-12-19 12:01:09 [ERROR-1006]:测试用例运行结果统计模块引发的异常.'WARNING'
2016-12-19 12:01:10 [ERROR-1006]:测试用例运行结果统计模块引发的异常.'WARNING'
2016-12-19 12:02:02 [ERROR-1006]:测试用例运行结果统计模块引发的异常.'WARNING'
2016-12-19 12:02:04 [ERROR-1006]:测试用例运行结果统计模块引发的异常.'WARNING'
2016-12-19 12:02:57 [ERROR-1006]:测试用例运行结果统计模块引发的异常.'WARNING'
2016-12-19 12:02:58 [ERROR-1006]:测试用例运行结果统计模块引发的异常.'WARNING'
2016-12-19 12:03:50 [ERROR-1006]:测试用例运行结果统计模块引发的异常.'WARNING'
2016-12-19 12:03:52 [ERROR-1006]:测试用例运行结果统计模块引发的异常.'WARNING'
2016-12-19 12:04:45 [ERROR-1006]:测试用例运行结果统计模块引发的异常.'WARNING'
2016-12-19 12:04:46 [ERROR-1006]:测试用例运行结果统计模块引发的异常.'WARNING'
2016-12-19 12:05:39 [ERROR-1006]:测试用例运行结果统计模块引发的异常.'WARNING'
2016-12-19 12:05:40 [ERROR-1006]:测试用例运行结果统计模块引发的异常.'WARNING'
2016-12-19 12:06:33 [ERROR-1006]:测试用例运行结果统计模块引发的异常.'WARNING'
2016-12-19 12:06:36 [ERROR-1006]:测试用例运行结果统计模块引发的异常.'WARNING'
2016-12-19 12:07:28 [ERROR-1006]:测试用例运行结果统计模块引发的异常.'WARNING'
2016-12-19 12:07:29 [ERROR-1006]:测试用例运行结果统计模块引发的异常.'WARNING'
2016-12-19 12:08:22 [ERROR-1006]:测试用例运行结果统计模块引发的异常.'WARNING'
2016-12-19 12:08:23 [ERROR-1006]:测试用例运行结果统计模块引发的异常.'WARNING'
2016-12-19 12:09:15 [ERROR-1006]:测试用例运行结果统计模块引发的异常.'WARNING'
2016-12-19 12:09:16 [ERROR-1006]:测试用例运行结果统计模块引发的异常.'WARNING'
2016-12-19 12:10:11 [ERROR-1006]:测试用例运行结果统计模块引发的异常.'WARNING'
2016-12-19 12:10:12 [ERROR-1006]:测试用例运行结果统计模块引发的异常.'WARNING'
2016-12-19 12:11:04 [ERROR-1006]:测试用例运行结果统计模块引发的异常.'WARNING'
2016-12-19 12:11:06 [ERROR-1006]:测试用例运行结果统计模块引发的异常.'WARNING'
2016-12-19 12:11:58 [ERROR-1006]:测试用例运行结果统计模块引发的异常.'WARNING'
2016-12-19 12:12:00 [ERROR-1006]:测试用例运行结果统计模块引发的异常.'WARNING'
2016-12-19 12:12:53 [ERROR-1006]:测试用例运行结果统计模块引发的异常.'WARNING'
2016-12-19 12:12:54 [ERROR-1006]:测试用例运行结果统计模块引发的异常.'WARNING'
2016-12-19 12:13:47 [ERROR-1006]:测试用例运行结果统计模块引发的异常.'WARNING'
2016-12-19 12:13:49 [ERROR-1006]:测试用例运行结果统计模块引发的异常.'WARNING'
2016-12-19 12:14:42 [ERROR-1006]:测试用例运行结果统计模块引发的异常.'WARNING'
2016-12-19 12:15:35 [ERROR-1006]:测试用例运行结果统计模块引发的异常.'WARNING'
2016-12-19 12:15:36 [ERROR-1006]:测试用例运行结果统计模块引发的异常.'WARNING'
2016-12-19 12:16:28 [ERROR-1006]:测试用例运行结果统计模块引发的异常.'WARNING'
2016-12-19 12:16:29 [ERROR-1006]:测试用例运行结果统计模块引发的异常.'WARNING'
2016-12-19 12:16:39 End.
2016-12-19 12:16:39 程序结束.U易联企业号_设置_操作员管理.xml

2016-12-19 12:16:39 程序启动.U易联企业号_设置_短信设置.xml
2016-12-19 12:16:40 Start.
2016-12-19 12:18:23 End.
2016-12-19 12:18:23 程序结束.U易联企业号_设置_短信设置.xml

2016-12-19 12:18:23 程序启动.U易联企业号_设置_站内消息.xml
2016-12-19 12:18:24 Start.
2016-12-19 12:19:57 End.
2016-12-19 12:19:57 程序结束.U易联企业号_设置_站内消息.xml

2016-12-19 12:19:57 程序启动.U易联企业号_设置_账户信息.xml
2016-12-19 12:19:58 Start.
2016-12-19 12:21:43 End.
2016-12-19 12:21:43 程序结束.U易联企业号_设置_账户信息.xml

2016-12-20 16:41:25 程序启动.U易联企业号_应用_菜单模板.xml
2016-12-20 16:41:25 Start.
2016-12-20 16:42:35 End.
2016-12-20 16:42:35 程序结束.U易联企业号_应用_菜单模板.xml

2016-12-20 16:42:35 程序启动.U易联企业号_应用_服务功能.xml
2016-12-20 16:42:35 Start.
2016-12-20 16:44:55 End.
2016-12-20 16:44:55 程序结束.U易联企业号_应用_服务功能.xml

2016-12-20 16:44:55 程序启动.U易联企业号_应用_打卡记录.xml
2016-12-20 16:44:55 Start.
2016-12-20 16:45:44 [ERROR-1006]:测试用例运行结果统计模块引发的异常.'WARNING'
2016-12-20 16:46:10 End.
2016-12-20 16:46:10 程序结束.U易联企业号_应用_打卡记录.xml

2016-12-20 16:46:10 程序启动.U易联企业号_应用_服务源注册.xml
2016-12-20 16:46:10 Start.
2016-12-20 16:48:33 End.
2016-12-20 16:48:33 程序结束.U易联企业号_应用_服务源注册.xml

2016-12-20 16:48:33 程序启动.U易联企业号_应用_会议室管理.xml
2016-12-20 16:48:34 Start.
2016-12-20 16:50:43 End.
2016-12-20 16:50:43 程序结束.U易联企业号_应用_会议室管理.xml

2016-12-20 16:50:43 程序启动.U易联企业号_应用_应用管理.xml
2016-12-20 16:50:44 Start.
2016-12-20 16:51:48 End.
2016-12-20 16:51:48 程序结束.U易联企业号_应用_应用管理.xml

2016-12-20 16:51:48 程序启动.U易联企业号_微信_企业号绑定.xml
2016-12-20 16:51:49 Start.
2016-12-20 16:55:14 End.
2016-12-20 16:55:14 程序结束.U易联企业号_微信_企业号绑定.xml

2016-12-20 16:55:14 程序启动.U易联企业号_微信_群发消息.xml
2016-12-20 16:55:15 Start.
2016-12-20 16:56:39 End.
2016-12-20 16:56:39 程序结束.U易联企业号_微信_群发消息.xml

2016-12-20 16:56:39 程序启动.U易联企业号_微信_微信菜单.xml
2016-12-20 16:56:39 Start.
2016-12-20 16:57:56 End.
2016-12-20 16:57:56 程序结束.U易联企业号_微信_微信菜单.xml

2016-12-20 16:57:56 程序启动.U易联企业号_素材_单图文消息.xml
2016-12-20 16:57:57 Start.
2016-12-20 17:00:30 [ERROR-1006]:测试用例运行结果统计模块引发的异常.'WARNING'
2016-12-20 17:00:40 End.
2016-12-20 17:00:40 程序结束.U易联企业号_素材_单图文消息.xml

2016-12-20 17:00:40 程序启动.U易联企业号_素材_多图文消息.xml
2016-12-20 17:00:40 Start.
2016-12-20 17:02:55 End.
2016-12-20 17:02:55 程序结束.U易联企业号_素材_多图文消息.xml

2016-12-20 17:02:55 程序启动.U易联企业号_素材_文本消息.xml
2016-12-20 17:02:56 Start.
2016-12-20 17:05:34 End.
2016-12-20 17:05:34 程序结束.U易联企业号_素材_文本消息.xml

2016-12-20 17:05:34 程序启动.U易联企业号_设置_操作员管理.xml
2016-12-20 17:05:35 Start.
2016-12-20 17:09:21 End.
2016-12-20 17:09:21 程序结束.U易联企业号_设置_操作员管理.xml

2016-12-20 17:09:21 程序启动.U易联企业号_设置_短信设置.xml
2016-12-20 17:09:21 Start.
2016-12-20 17:11:01 End.
2016-12-20 17:11:01 程序结束.U易联企业号_设置_短信设置.xml

2016-12-20 17:11:01 程序启动.U易联企业号_设置_站内消息.xml
2016-12-20 17:11:03 Start.
2016-12-20 17:12:37 End.
2016-12-20 17:12:37 程序结束.U易联企业号_设置_站内消息.xml

2016-12-20 17:12:37 程序启动.U易联企业号_设置_账户信息.xml
2016-12-20 17:12:38 Start.
2016-12-20 17:14:31 End.
2016-12-20 17:14:31 程序结束.U易联企业号_设置_账户信息.xml

2016-12-21 08:59:47 程序启动.U易联企业号_应用_菜单模板.xml
2016-12-21 08:59:48 Start.
2016-12-21 09:00:59 End.
2016-12-21 09:00:59 程序结束.U易联企业号_应用_菜单模板.xml

2016-12-21 09:00:59 程序启动.U易联企业号_应用_服务功能.xml
2016-12-21 09:01:00 Start.
2016-12-21 09:03:23 End.
2016-12-21 09:03:23 程序结束.U易联企业号_应用_服务功能.xml

2016-12-21 09:03:23 程序启动.U易联企业号_应用_打卡记录.xml
2016-12-21 09:03:25 Start.
2016-12-21 09:04:12 [ERROR-1006]:测试用例运行结果统计模块引发的异常.'WARNING'
2016-12-21 09:04:38 End.
2016-12-21 09:04:38 程序结束.U易联企业号_应用_打卡记录.xml

2016-12-21 09:04:38 程序启动.U易联企业号_应用_服务源注册.xml
2016-12-21 09:04:38 Start.
2016-12-21 09:06:48 End.
2016-12-21 09:06:48 程序结束.U易联企业号_应用_服务源注册.xml

2016-12-21 09:06:48 程序启动.U易联企业号_应用_会议室管理.xml
2016-12-21 09:06:49 Start.
2016-12-21 09:08:49 End.
2016-12-21 09:08:49 程序结束.U易联企业号_应用_会议室管理.xml

2016-12-21 09:08:49 程序启动.U易联企业号_应用_应用管理.xml
2016-12-21 09:08:50 Start.
2016-12-21 09:09:46 [ERROR-1006]:测试用例运行结果统计模块引发的异常.'WARNING'
2016-12-21 09:09:56 End.
2016-12-21 09:09:56 程序结束.U易联企业号_应用_应用管理.xml

2016-12-21 09:09:56 程序启动.U易联企业号_微信_企业号绑定.xml
2016-12-21 09:09:57 Start.
2016-12-21 09:13:02 End.
2016-12-21 09:13:02 程序结束.U易联企业号_微信_企业号绑定.xml

2016-12-21 09:13:02 程序启动.U易联企业号_微信_群发消息.xml
2016-12-21 09:13:02 Start.
2016-12-21 09:14:25 End.
2016-12-21 09:14:25 程序结束.U易联企业号_微信_群发消息.xml

2016-12-21 09:14:25 程序启动.U易联企业号_微信_微信菜单.xml
2016-12-21 09:14:26 Start.
2016-12-21 09:15:40 End.
2016-12-21 09:15:40 程序结束.U易联企业号_微信_微信菜单.xml

2016-12-21 09:15:40 程序启动.U易联企业号_素材_单图文消息.xml
2016-12-21 09:15:41 Start.
2016-12-21 09:18:19 End.
2016-12-21 09:18:19 程序结束.U易联企业号_素材_单图文消息.xml

2016-12-21 09:18:19 程序启动.U易联企业号_素材_多图文消息.xml
2016-12-21 09:18:20 Start.
2016-12-21 09:20:32 End.
2016-12-21 09:20:32 程序结束.U易联企业号_素材_多图文消息.xml

2016-12-21 09:20:32 程序启动.U易联企业号_素材_文本消息.xml
2016-12-21 09:20:32 Start.
2016-12-21 09:20:48 [ERROR-1006]:测试用例运行结果统计模块引发的异常.'WARNING'
2016-12-21 09:21:02 [ERROR-1006]:测试用例运行结果统计模块引发的异常.'WARNING'
2016-12-21 09:21:55 [ERROR-1006]:测试用例运行结果统计模块引发的异常.'WARNING'
2016-12-21 09:21:56 [ERROR-1006]:测试用例运行结果统计模块引发的异常.'WARNING'
2016-12-21 09:22:48 [ERROR-1006]:测试用例运行结果统计模块引发的异常.'WARNING'
2016-12-21 09:22:49 [ERROR-1006]:测试用例运行结果统计模块引发的异常.'WARNING'
2016-12-21 09:23:41 [ERROR-1006]:测试用例运行结果统计模块引发的异常.'WARNING'
2016-12-21 09:23:43 [ERROR-1006]:测试用例运行结果统计模块引发的异常.'WARNING'
2016-12-21 09:24:34 [ERROR-1006]:测试用例运行结果统计模块引发的异常.'WARNING'
2016-12-21 09:24:36 [ERROR-1006]:测试用例运行结果统计模块引发的异常.'WARNING'
2016-12-21 09:25:28 [ERROR-1006]:测试用例运行结果统计模块引发的异常.'WARNING'
2016-12-21 09:25:29 [ERROR-1006]:测试用例运行结果统计模块引发的异常.'WARNING'
2016-12-21 09:26:34 [ERROR-1006]:测试用例运行结果统计模块引发的异常.'WARNING'
2016-12-21 09:26:35 [ERROR-1006]:测试用例运行结果统计模块引发的异常.'WARNING'
2016-12-21 09:27:32 [ERROR-1006]:测试用例运行结果统计模块引发的异常.'WARNING'
2016-12-21 09:27:33 [ERROR-1006]:测试用例运行结果统计模块引发的异常.'WARNING'
2016-12-21 09:28:28 [ERROR-1006]:测试用例运行结果统计模块引发的异常.'WARNING'
2016-12-21 09:28:29 [ERROR-1006]:测试用例运行结果统计模块引发的异常.'WARNING'
2016-12-21 09:29:21 [ERROR-1006]:测试用例运行结果统计模块引发的异常.'WARNING'
2016-12-21 09:29:23 [ERROR-1006]:测试用例运行结果统计模块引发的异常.'WARNING'
2016-12-21 09:30:16 [ERROR-1006]:测试用例运行结果统计模块引发的异常.'WARNING'
2016-12-21 09:30:17 [ERROR-1006]:测试用例运行结果统计模块引发的异常.'WARNING'
2016-12-21 09:31:09 [ERROR-1006]:测试用例运行结果统计模块引发的异常.'WARNING'
2016-12-21 09:31:10 [ERROR-1006]:测试用例运行结果统计模块引发的异常.'WARNING'
2016-12-21 09:32:02 [ERROR-1006]:测试用例运行结果统计模块引发的异常.'WARNING'
2016-12-21 09:32:03 [ERROR-1006]:测试用例运行结果统计模块引发的异常.'WARNING'
2016-12-21 09:32:56 [ERROR-1006]:测试用例运行结果统计模块引发的异常.'WARNING'
2016-12-21 09:32:57 [ERROR-1006]:测试用例运行结果统计模块引发的异常.'WARNING'
2016-12-21 09:33:50 [ERROR-1006]:测试用例运行结果统计模块引发的异常.'WARNING'
2016-12-21 09:33:51 [ERROR-1006]:测试用例运行结果统计模块引发的异常.'WARNING'
2016-12-21 09:34:43 [ERROR-1006]:测试用例运行结果统计模块引发的异常.'WARNING'
2016-12-21 09:34:45 [ERROR-1006]:测试用例运行结果统计模块引发的异常.'WARNING'
2016-12-21 09:35:38 [ERROR-1006]:测试用例运行结果统计模块引发的异常.'WARNING'
2016-12-21 09:35:39 [ERROR-1006]:测试用例运行结果统计模块引发的异常.'WARNING'
2016-12-21 09:36:31 [ERROR-1006]:测试用例运行结果统计模块引发的异常.'WARNING'
2016-12-21 09:36:32 [ERROR-1006]:测试用例运行结果统计模块引发的异常.'WARNING'
2016-12-21 09:37:24 [ERROR-1006]:测试用例运行结果统计模块引发的异常.'WARNING'
2016-12-21 09:37:25 [ERROR-1006]:测试用例运行结果统计模块引发的异常.'WARNING'
2016-12-21 09:38:20 [ERROR-1006]:测试用例运行结果统计模块引发的异常.'WARNING'
2016-12-21 09:38:21 [ERROR-1006]:测试用例运行结果统计模块引发的异常.'WARNING'
2016-12-21 09:39:14 [ERROR-1006]:测试用例运行结果统计模块引发的异常.'WARNING'
2016-12-21 09:39:15 [ERROR-1006]:测试用例运行结果统计模块引发的异常.'WARNING'
2016-12-21 09:40:08 [ERROR-1006]:测试用例运行结果统计模块引发的异常.'WARNING'
2016-12-21 09:40:10 [ERROR-1006]:测试用例运行结果统计模块引发的异常.'WARNING'
2016-12-21 09:41:04 [ERROR-1006]:测试用例运行结果统计模块引发的异常.'WARNING'
2016-12-21 09:41:05 [ERROR-1006]:测试用例运行结果统计模块引发的异常.'WARNING'
2016-12-21 09:41:58 [ERROR-1006]:测试用例运行结果统计模块引发的异常.'WARNING'
2016-12-21 09:41:59 [ERROR-1006]:测试用例运行结果统计模块引发的异常.'WARNING'
2016-12-21 09:42:54 [ERROR-1006]:测试用例运行结果统计模块引发的异常.'WARNING'
2016-12-21 09:42:56 [ERROR-1006]:测试用例运行结果统计模块引发的异常.'WARNING'
2016-12-21 09:43:48 [ERROR-1006]:测试用例运行结果统计模块引发的异常.'WARNING'
2016-12-21 09:43:50 [ERROR-1006]:测试用例运行结果统计模块引发的异常.'WARNING'
2016-12-21 09:44:45 [ERROR-1006]:测试用例运行结果统计模块引发的异常.'WARNING'
2016-12-21 09:44:46 [ERROR-1006]:测试用例运行结果统计模块引发的异常.'WARNING'
2016-12-21 09:45:40 [ERROR-1006]:测试用例运行结果统计模块引发的异常.'WARNING'
2016-12-21 09:45:41 [ERROR-1006]:测试用例运行结果统计模块引发的异常.'WARNING'
2016-12-21 09:45:42 [ERROR-1006]:测试用例运行结果统计模块引发的异常.'WARNING'
2016-12-21 09:46:36 [ERROR-1006]:测试用例运行结果统计模块引发的异常.'WARNING'
2016-12-21 09:46:37 [ERROR-1006]:测试用例运行结果统计模块引发的异常.'WARNING'
2016-12-21 09:46:39 [ERROR-1006]:测试用例运行结果统计模块引发的异常.'WARNING'
2016-12-21 09:47:31 [ERROR-1006]:测试用例运行结果统计模块引发的异常.'WARNING'
2016-12-21 09:47:32 [ERROR-1006]:测试用例运行结果统计模块引发的异常.'WARNING'
2016-12-21 09:48:42 [ERROR-1006]:测试用例运行结果统计模块引发的异常.'WARNING'
2016-12-21 09:48:43 [ERROR-1006]:测试用例运行结果统计模块引发的异常.'WARNING'
2016-12-21 09:49:35 [ERROR-1006]:测试用例运行结果统计模块引发的异常.'WARNING'
2016-12-21 09:49:38 [ERROR-1006]:测试用例运行结果统计模块引发的异常.'WARNING'
2016-12-21 09:49:48 End.
2016-12-21 09:49:48 程序结束.U易联企业号_素材_文本消息.xml

2016-12-21 09:49:48 程序启动.U易联企业号_设置_操作员管理.xml
2016-12-21 09:49:48 Start.
2016-12-21 09:53:35 End.
2016-12-21 09:53:35 程序结束.U易联企业号_设置_操作员管理.xml

2016-12-21 09:53:35 程序启动.U易联企业号_设置_短信设置.xml
2016-12-21 09:53:35 Start.
2016-12-21 09:55:15 End.
2016-12-21 09:55:15 程序结束.U易联企业号_设置_短信设置.xml

2016-12-21 09:55:15 程序启动.U易联企业号_设置_站内消息.xml
2016-12-21 09:55:15 Start.
2016-12-21 09:56:48 End.
2016-12-21 09:56:48 程序结束.U易联企业号_设置_站内消息.xml

2016-12-21 09:56:48 程序启动.U易联企业号_设置_账户信息.xml
2016-12-21 09:56:50 Start.
2016-12-21 09:58:40 End.
2016-12-21 09:58:40 程序结束.U易联企业号_设置_账户信息.xml

2016-12-23 15:34:08 程序启动.U易联企业号_应用_菜单模板.xml
2016-12-23 15:34:09 Start.
2016-12-23 15:35:23 End.
2016-12-23 15:35:23 程序结束.U易联企业号_应用_菜单模板.xml

2016-12-23 15:35:23 程序启动.U易联企业号_应用_服务功能.xml
2016-12-23 15:35:25 Start.
2016-12-23 15:37:46 End.
2016-12-23 15:37:46 程序结束.U易联企业号_应用_服务功能.xml

2016-12-23 15:37:46 程序启动.U易联企业号_应用_打卡记录.xml
2016-12-23 15:37:47 Start.
2016-12-23 15:38:34 [ERROR-1006]:测试用例运行结果统计模块引发的异常.'WARNING'
2016-12-23 15:39:00 End.
2016-12-23 15:39:00 程序结束.U易联企业号_应用_打卡记录.xml

2016-12-23 15:39:00 程序启动.U易联企业号_应用_服务源注册.xml
2016-12-23 15:39:01 Start.
2016-12-23 15:41:22 End.
2016-12-23 15:41:22 程序结束.U易联企业号_应用_服务源注册.xml

2016-12-23 15:41:22 程序启动.U易联企业号_应用_会议室管理.xml
2016-12-23 15:41:23 Start.
2016-12-23 15:41:39 [ERROR-1006]:测试用例运行结果统计模块引发的异常.'WARNING'
2016-12-23 15:41:53 [ERROR-1006]:测试用例运行结果统计模块引发的异常.'WARNING'
2016-12-23 15:42:46 [ERROR-1006]:测试用例运行结果统计模块引发的异常.'WARNING'
2016-12-23 15:42:47 [ERROR-1006]:测试用例运行结果统计模块引发的异常.'WARNING'
2016-12-23 15:43:40 [ERROR-1006]:测试用例运行结果统计模块引发的异常.'WARNING'
2016-12-23 15:43:41 [ERROR-1006]:测试用例运行结果统计模块引发的异常.'WARNING'
2016-12-23 15:44:33 [ERROR-1006]:测试用例运行结果统计模块引发的异常.'WARNING'
2016-12-23 15:44:34 [ERROR-1006]:测试用例运行结果统计模块引发的异常.'WARNING'
2016-12-23 15:45:26 [ERROR-1006]:测试用例运行结果统计模块引发的异常.'WARNING'
2016-12-23 15:45:27 [ERROR-1006]:测试用例运行结果统计模块引发的异常.'WARNING'
2016-12-23 15:46:19 [ERROR-1006]:测试用例运行结果统计模块引发的异常.'WARNING'
2016-12-23 15:46:20 [ERROR-1006]:测试用例运行结果统计模块引发的异常.'WARNING'
2016-12-23 15:47:24 [ERROR-1006]:测试用例运行结果统计模块引发的异常.'WARNING'
2016-12-23 15:47:26 [ERROR-1006]:测试用例运行结果统计模块引发的异常.'WARNING'
2016-12-23 15:48:23 [ERROR-1006]:测试用例运行结果统计模块引发的异常.'WARNING'
2016-12-23 15:48:24 [ERROR-1006]:测试用例运行结果统计模块引发的异常.'WARNING'
2016-12-23 15:49:19 [ERROR-1006]:测试用例运行结果统计模块引发的异常.'WARNING'
2016-12-23 15:49:20 [ERROR-1006]:测试用例运行结果统计模块引发的异常.'WARNING'
2016-12-23 15:50:12 [ERROR-1006]:测试用例运行结果统计模块引发的异常.'WARNING'
2016-12-23 15:50:13 [ERROR-1006]:测试用例运行结果统计模块引发的异常.'WARNING'
2016-12-23 15:51:05 [ERROR-1006]:测试用例运行结果统计模块引发的异常.'WARNING'
2016-12-23 15:51:06 [ERROR-1006]:测试用例运行结果统计模块引发的异常.'WARNING'
2016-12-23 15:51:58 [ERROR-1006]:测试用例运行结果统计模块引发的异常.'WARNING'
2016-12-23 15:51:59 [ERROR-1006]:测试用例运行结果统计模块引发的异常.'WARNING'
2016-12-23 15:52:52 [ERROR-1006]:测试用例运行结果统计模块引发的异常.'WARNING'
2016-12-23 15:52:53 [ERROR-1006]:测试用例运行结果统计模块引发的异常.'WARNING'
2016-12-23 15:52:54 [ERROR-1006]:测试用例运行结果统计模块引发的异常.'WARNING'
2016-12-23 15:53:46 [ERROR-1006]:测试用例运行结果统计模块引发的异常.'WARNING'
2016-12-23 15:53:47 [ERROR-1006]:测试用例运行结果统计模块引发的异常.'WARNING'
2016-12-23 15:54:39 [ERROR-1006]:测试用例运行结果统计模块引发的异常.'WARNING'
2016-12-23 15:54:40 [ERROR-1006]:测试用例运行结果统计模块引发的异常.'WARNING'
2016-12-23 15:55:32 [ERROR-1006]:测试用例运行结果统计模块引发的异常.'WARNING'
2016-12-23 15:55:33 [ERROR-1006]:测试用例运行结果统计模块引发的异常.'WARNING'
2016-12-23 15:56:25 [ERROR-1006]:测试用例运行结果统计模块引发的异常.'WARNING'
2016-12-23 15:56:26 [ERROR-1006]:测试用例运行结果统计模块引发的异常.'WARNING'
2016-12-23 15:57:18 [ERROR-1006]:测试用例运行结果统计模块引发的异常.'WARNING'
2016-12-23 15:57:20 [ERROR-1006]:测试用例运行结果统计模块引发的异常.'WARNING'
2016-12-23 15:58:12 [ERROR-1006]:测试用例运行结果统计模块引发的异常.'WARNING'
2016-12-23 15:58:14 [ERROR-1006]:测试用例运行结果统计模块引发的异常.'WARNING'
2016-12-23 15:59:05 [ERROR-1006]:测试用例运行结果统计模块引发的异常.'WARNING'
2016-12-23 15:59:07 [ERROR-1006]:测试用例运行结果统计模块引发的异常.'WARNING'
2016-12-23 15:59:58 [ERROR-1006]:测试用例运行结果统计模块引发的异常.'WARNING'
2016-12-23 16:00:00 [ERROR-1006]:测试用例运行结果统计模块引发的异常.'WARNING'
2016-12-23 16:00:52 [ERROR-1006]:测试用例运行结果统计模块引发的异常.'WARNING'
2016-12-23 16:00:53 [ERROR-1006]:测试用例运行结果统计模块引发的异常.'WARNING'
2016-12-23 16:01:45 [ERROR-1006]:测试用例运行结果统计模块引发的异常.'WARNING'
2016-12-23 16:01:46 [ERROR-1006]:测试用例运行结果统计模块引发的异常.'WARNING'
2016-12-23 16:01:47 [ERROR-1006]:测试用例运行结果统计模块引发的异常.'WARNING'
2016-12-23 16:02:39 [ERROR-1006]:测试用例运行结果统计模块引发的异常.'WARNING'
2016-12-23 16:02:40 [ERROR-1006]:测试用例运行结果统计模块引发的异常.'WARNING'
2016-12-23 16:03:32 [ERROR-1006]:测试用例运行结果统计模块引发的异常.'WARNING'
2016-12-23 16:03:33 [ERROR-1006]:测试用例运行结果统计模块引发的异常.'WARNING'
2016-12-23 16:04:25 [ERROR-1006]:测试用例运行结果统计模块引发的异常.'WARNING'
2016-12-23 16:04:26 [ERROR-1006]:测试用例运行结果统计模块引发的异常.'WARNING'
2016-12-23 16:05:30 [ERROR-1006]:测试用例运行结果统计模块引发的异常.'WARNING'
2016-12-23 16:05:31 [ERROR-1006]:测试用例运行结果统计模块引发的异常.'WARNING'
2016-12-23 16:06:23 [ERROR-1006]:测试用例运行结果统计模块引发的异常.'WARNING'
2016-12-23 16:06:24 [ERROR-1006]:测试用例运行结果统计模块引发的异常.'WARNING'
2016-12-23 16:06:36 End.
2016-12-23 16:06:36 程序结束.U易联企业号_应用_会议室管理.xml

2016-12-23 16:06:36 程序启动.U易联企业号_应用_应用管理.xml
2016-12-23 16:06:37 Start.
2016-12-23 16:07:43 End.
2016-12-23 16:07:43 程序结束.U易联企业号_应用_应用管理.xml

2016-12-23 16:07:43 程序启动.U易联企业号_微信_企业号绑定.xml
2016-12-23 16:07:45 Start.
2016-12-23 16:10:48 End.
2016-12-23 16:10:48 程序结束.U易联企业号_微信_企业号绑定.xml

2016-12-23 16:10:48 程序启动.U易联企业号_微信_群发消息.xml
2016-12-23 16:10:49 Start.
2016-12-23 16:12:08 End.
2016-12-23 16:12:08 程序结束.U易联企业号_微信_群发消息.xml

2016-12-23 16:12:08 程序启动.U易联企业号_微信_微信菜单.xml
2016-12-23 16:12:10 Start.
2016-12-23 16:13:23 End.
2016-12-23 16:13:23 程序结束.U易联企业号_微信_微信菜单.xml

2016-12-23 16:13:23 程序启动.U易联企业号_素材_单图文消息.xml
2016-12-23 16:13:24 Start.
2016-12-23 16:16:05 End.
2016-12-23 16:16:05 程序结束.U易联企业号_素材_单图文消息.xml

2016-12-23 16:16:05 程序启动.U易联企业号_素材_多图文消息.xml
2016-12-23 16:16:06 Start.
2016-12-23 16:18:20 End.
2016-12-23 16:18:20 程序结束.U易联企业号_素材_多图文消息.xml

2016-12-23 16:18:20 程序启动.U易联企业号_素材_文本消息.xml
2016-12-23 16:18:21 Start.
2016-12-23 16:20:55 End.
2016-12-23 16:20:55 程序结束.U易联企业号_素材_文本消息.xml

2016-12-23 16:20:55 程序启动.U易联企业号_设置_操作员管理.xml
2016-12-23 16:20:55 Start.
2016-12-23 16:24:40 End.
2016-12-23 16:24:40 程序结束.U易联企业号_设置_操作员管理.xml

2016-12-23 16:24:40 程序启动.U易联企业号_设置_短信设置.xml
2016-12-23 16:24:41 Start.
2016-12-23 16:26:22 End.
2016-12-23 16:26:22 程序结束.U易联企业号_设置_短信设置.xml

2016-12-23 16:26:22 程序启动.U易联企业号_设置_站内消息.xml
2016-12-23 16:26:23 Start.
2016-12-23 16:28:00 End.
2016-12-23 16:28:00 程序结束.U易联企业号_设置_站内消息.xml

2016-12-23 16:28:00 程序启动.U易联企业号_设置_账户信息.xml
2016-12-23 16:28:01 Start.
2016-12-23 16:29:53 End.
2016-12-23 16:29:53 程序结束.U易联企业号_设置_账户信息.xml

2016-12-23 21:00:01 程序启动.U易联企业号_应用_菜单模板.xml
2016-12-23 21:00:02 Start.
2016-12-23 21:02:05 End.
2016-12-23 21:02:05 程序结束.U易联企业号_应用_菜单模板.xml

2016-12-23 21:02:05 程序启动.U易联企业号_应用_服务功能.xml
2016-12-23 21:02:05 Start.
2016-12-23 21:16:29 End.
2016-12-23 21:16:29 程序结束.U易联企业号_应用_服务功能.xml

2016-12-23 21:16:29 程序启动.U易联企业号_应用_打卡记录.xml
2016-12-23 21:16:29 Start.
2016-12-23 21:17:14 [ERROR-1006]:测试用例运行结果统计模块引发的异常.'WARNING'
2016-12-23 21:17:40 End.
2016-12-23 21:17:40 程序结束.U易联企业号_应用_打卡记录.xml

2016-12-23 21:17:40 程序启动.U易联企业号_应用_服务源注册.xml
2016-12-23 21:17:41 Start.
2016-12-23 21:29:13 End.
2016-12-23 21:29:13 程序结束.U易联企业号_应用_服务源注册.xml

2016-12-23 21:29:13 程序启动.U易联企业号_应用_会议室管理.xml
2016-12-23 21:29:14 Start.
2016-12-23 21:31:12 End.
2016-12-23 21:31:12 程序结束.U易联企业号_应用_会议室管理.xml

2016-12-23 21:31:12 程序启动.U易联企业号_应用_应用管理.xml
2016-12-23 21:31:13 Start.
2016-12-23 21:32:18 End.
2016-12-23 21:32:18 程序结束.U易联企业号_应用_应用管理.xml

2016-12-23 21:32:18 程序启动.U易联企业号_微信_企业号绑定.xml
2016-12-23 21:32:20 Start.
2016-12-23 21:35:23 End.
2016-12-23 21:35:23 程序结束.U易联企业号_微信_企业号绑定.xml

2016-12-23 21:35:23 程序启动.U易联企业号_微信_群发消息.xml
2016-12-23 21:35:24 Start.
2016-12-23 21:36:41 End.
2016-12-23 21:36:41 程序结束.U易联企业号_微信_群发消息.xml

2016-12-23 21:36:41 程序启动.U易联企业号_微信_微信菜单.xml
2016-12-23 21:36:42 Start.
2016-12-23 21:37:54 End.
2016-12-23 21:37:54 程序结束.U易联企业号_微信_微信菜单.xml

2016-12-23 21:37:54 程序启动.U易联企业号_素材_单图文消息.xml
2016-12-23 21:37:55 Start.
2016-12-23 21:40:32 End.
2016-12-23 21:40:32 程序结束.U易联企业号_素材_单图文消息.xml

2016-12-23 21:40:32 程序启动.U易联企业号_素材_多图文消息.xml
2016-12-23 21:40:33 Start.
2016-12-23 21:42:47 End.
2016-12-23 21:42:47 程序结束.U易联企业号_素材_多图文消息.xml

2016-12-23 21:42:47 程序启动.U易联企业号_素材_文本消息.xml
2016-12-23 21:42:48 Start.
2016-12-23 21:45:18 End.
2016-12-23 21:45:18 程序结束.U易联企业号_素材_文本消息.xml

2016-12-23 21:45:18 程序启动.U易联企业号_设置_操作员管理.xml
2016-12-23 21:45:19 Start.
2016-12-23 21:48:55 End.
2016-12-23 21:48:55 程序结束.U易联企业号_设置_操作员管理.xml

2016-12-23 21:48:55 程序启动.U易联企业号_设置_短信设置.xml
2016-12-23 21:48:56 Start.
2016-12-23 21:50:36 End.
2016-12-23 21:50:36 程序结束.U易联企业号_设置_短信设置.xml

2016-12-23 21:50:36 程序启动.U易联企业号_设置_站内消息.xml
2016-12-23 21:50:36 Start.
2016-12-23 21:52:08 End.
2016-12-23 21:52:08 程序结束.U易联企业号_设置_站内消息.xml

2016-12-23 21:52:08 程序启动.U易联企业号_设置_账户信息.xml
2016-12-23 21:52:09 Start.
2016-12-23 21:53:54 End.
2016-12-23 21:53:54 程序结束.U易联企业号_设置_账户信息.xml

2016-12-26 16:08:17 程序启动.U易联企业号_应用_菜单模板.xml
2016-12-26 16:08:17 Start.
2016-12-26 16:10:19 End.
2016-12-26 16:10:19 程序结束.U易联企业号_应用_菜单模板.xml

2016-12-26 16:10:19 程序启动.U易联企业号_应用_服务功能.xml
2016-12-26 16:10:19 Start.
2016-12-26 16:24:45 End.
2016-12-26 16:24:45 程序结束.U易联企业号_应用_服务功能.xml

2016-12-26 16:24:45 程序启动.U易联企业号_应用_打卡记录.xml
2016-12-26 16:24:46 Start.
2016-12-26 16:25:33 [ERROR-1006]:测试用例运行结果统计模块引发的异常.'WARNING'
2016-12-26 16:25:58 End.
2016-12-26 16:25:58 程序结束.U易联企业号_应用_打卡记录.xml

2016-12-26 16:25:58 程序启动.U易联企业号_应用_服务源注册.xml
2016-12-26 16:25:59 Start.
2016-12-26 16:37:29 End.
2016-12-26 16:37:29 程序结束.U易联企业号_应用_服务源注册.xml

2016-12-26 16:37:29 程序启动.U易联企业号_应用_会议室管理.xml
2016-12-26 16:37:30 Start.
2016-12-26 16:39:27 End.
2016-12-26 16:39:27 程序结束.U易联企业号_应用_会议室管理.xml

2016-12-26 16:39:27 程序启动.U易联企业号_应用_应用管理.xml
2016-12-26 16:39:29 Start.
2016-12-26 16:40:34 End.
2016-12-26 16:40:34 程序结束.U易联企业号_应用_应用管理.xml

2016-12-26 16:40:34 程序启动.U易联企业号_微信_企业号绑定.xml
2016-12-26 16:40:35 Start.
2016-12-26 16:43:44 End.
2016-12-26 16:43:44 程序结束.U易联企业号_微信_企业号绑定.xml

2016-12-26 16:43:44 程序启动.U易联企业号_微信_群发消息.xml
2016-12-26 16:43:45 Start.
2016-12-26 16:45:32 End.
2016-12-26 16:45:32 程序结束.U易联企业号_微信_群发消息.xml

2016-12-26 16:45:32 程序启动.U易联企业号_微信_微信菜单.xml
2016-12-26 16:45:33 Start.
2016-12-26 16:46:48 End.
2016-12-26 16:46:48 程序结束.U易联企业号_微信_微信菜单.xml

2016-12-26 16:46:48 程序启动.U易联企业号_素材_单图文消息.xml
2016-12-26 16:46:49 Start.
2016-12-26 16:49:26 End.
2016-12-26 16:49:26 程序结束.U易联企业号_素材_单图文消息.xml

2016-12-26 16:49:26 程序启动.U易联企业号_素材_多图文消息.xml
2016-12-26 16:49:27 Start.
2016-12-26 16:51:40 End.
2016-12-26 16:51:40 程序结束.U易联企业号_素材_多图文消息.xml

2016-12-26 16:51:40 程序启动.U易联企业号_素材_文本消息.xml
2016-12-26 16:51:40 Start.
2016-12-26 16:54:12 End.
2016-12-26 16:54:12 程序结束.U易联企业号_素材_文本消息.xml

2016-12-26 16:54:12 程序启动.U易联企业号_设置_操作员管理.xml
2016-12-26 16:54:12 Start.
2016-12-26 16:57:56 End.
2016-12-26 16:57:56 程序结束.U易联企业号_设置_操作员管理.xml

2016-12-26 16:57:56 程序启动.U易联企业号_设置_短信设置.xml
2016-12-26 16:57:57 Start.
2016-12-26 16:59:36 End.
2016-12-26 16:59:36 程序结束.U易联企业号_设置_短信设置.xml

2016-12-26 16:59:36 程序启动.U易联企业号_设置_站内消息.xml
2016-12-26 16:59:37 Start.
2016-12-26 17:01:13 End.
2016-12-26 17:01:13 程序结束.U易联企业号_设置_站内消息.xml

2016-12-26 17:01:13 程序启动.U易联企业号_设置_账户信息.xml
2016-12-26 17:01:14 Start.
2016-12-26 17:03:07 End.
2016-12-26 17:03:07 程序结束.U易联企业号_设置_账户信息.xml

2016-12-27 11:24:11 程序启动.U易联企业号_应用_菜单模板.xml
2016-12-27 11:24:12 Start.
2016-12-27 11:25:18 End.
2016-12-27 11:25:18 程序结束.U易联企业号_应用_菜单模板.xml

2016-12-27 11:25:18 程序启动.U易联企业号_应用_服务功能.xml
2016-12-27 11:25:19 Start.
2016-12-27 11:27:35 End.
2016-12-27 11:27:35 程序结束.U易联企业号_应用_服务功能.xml

2016-12-27 11:27:35 程序启动.U易联企业号_应用_打卡记录.xml
2016-12-27 11:27:35 Start.
2016-12-27 11:28:21 [ERROR-1006]:测试用例运行结果统计模块引发的异常.'WARNING'
2016-12-27 11:28:45 End.
2016-12-27 11:28:45 程序结束.U易联企业号_应用_打卡记录.xml

2016-12-27 11:28:45 程序启动.U易联企业号_应用_服务源注册.xml
2016-12-27 11:28:46 Start.
2016-12-27 11:31:04 End.
2016-12-27 11:31:04 程序结束.U易联企业号_应用_服务源注册.xml

2016-12-27 11:31:04 程序启动.U易联企业号_应用_会议室管理.xml
2016-12-27 11:31:05 Start.
2016-12-27 11:33:01 End.
2016-12-27 11:33:01 程序结束.U易联企业号_应用_会议室管理.xml

2016-12-27 11:33:01 程序启动.U易联企业号_应用_应用管理.xml
2016-12-27 11:33:01 Start.
2016-12-27 11:34:04 End.
2016-12-27 11:34:04 程序结束.U易联企业号_应用_应用管理.xml

2016-12-27 11:34:04 程序启动.U易联企业号_微信_企业号绑定.xml
2016-12-27 11:34:06 Start.
2016-12-27 11:37:07 End.
2016-12-27 11:37:07 程序结束.U易联企业号_微信_企业号绑定.xml

2016-12-27 11:37:07 程序启动.U易联企业号_微信_群发消息.xml
2016-12-27 11:37:08 Start.
2016-12-27 11:38:23 End.
2016-12-27 11:38:23 程序结束.U易联企业号_微信_群发消息.xml

2016-12-27 11:38:23 程序启动.U易联企业号_微信_微信菜单.xml
2016-12-27 11:38:23 Start.
2016-12-27 11:39:35 End.
2016-12-27 11:39:35 程序结束.U易联企业号_微信_微信菜单.xml

2016-12-27 11:39:35 程序启动.U易联企业号_素材_单图文消息.xml
2016-12-27 11:39:36 Start.
2016-12-27 11:42:14 End.
2016-12-27 11:42:14 程序结束.U易联企业号_素材_单图文消息.xml

2016-12-27 11:42:14 程序启动.U易联企业号_素材_多图文消息.xml
2016-12-27 11:42:15 Start.
2016-12-27 11:44:24 End.
2016-12-27 11:44:24 程序结束.U易联企业号_素材_多图文消息.xml

2016-12-27 11:44:24 程序启动.U易联企业号_素材_文本消息.xml
2016-12-27 11:44:24 Start.
2016-12-27 11:46:52 End.
2016-12-27 11:46:52 程序结束.U易联企业号_素材_文本消息.xml

2016-12-27 11:46:52 程序启动.U易联企业号_设置_操作员管理.xml
2016-12-27 11:46:53 Start.
2016-12-27 11:50:35 End.
2016-12-27 11:50:35 程序结束.U易联企业号_设置_操作员管理.xml

2016-12-27 11:50:35 程序启动.U易联企业号_设置_短信设置.xml
2016-12-27 11:50:36 Start.
2016-12-27 11:52:13 End.
2016-12-27 11:52:13 程序结束.U易联企业号_设置_短信设置.xml

2016-12-27 11:52:13 程序启动.U易联企业号_设置_站内消息.xml
2016-12-27 11:52:15 Start.
2016-12-27 11:53:45 End.
2016-12-27 11:53:45 程序结束.U易联企业号_设置_站内消息.xml

2016-12-27 11:53:45 程序启动.U易联企业号_设置_账户信息.xml
2016-12-27 11:53:46 Start.
2016-12-27 11:55:33 End.
2016-12-27 11:55:33 程序结束.U易联企业号_设置_账户信息.xml

2016-12-28 10:50:43 程序启动.U易联企业号_应用_菜单模板.xml
2016-12-28 10:50:43 Start.
2016-12-28 10:52:04 End.
2016-12-28 10:52:04 程序结束.U易联企业号_应用_菜单模板.xml

2016-12-28 10:52:04 程序启动.U易联企业号_应用_服务功能.xml
2016-12-28 10:52:06 Start.
2016-12-28 10:54:42 End.
2016-12-28 10:54:42 程序结束.U易联企业号_应用_服务功能.xml

2016-12-28 10:54:42 程序启动.U易联企业号_应用_打卡记录.xml
2016-12-28 10:54:43 Start.
2016-12-28 10:55:37 [ERROR-1006]:测试用例运行结果统计模块引发的异常.'WARNING'
2016-12-28 10:56:03 End.
2016-12-28 10:56:03 程序结束.U易联企业号_应用_打卡记录.xml

2016-12-28 10:56:03 程序启动.U易联企业号_应用_服务源注册.xml
2016-12-28 10:56:05 Start.
2016-12-28 10:58:43 End.
2016-12-28 10:58:43 程序结束.U易联企业号_应用_服务源注册.xml

2016-12-28 10:58:43 程序启动.U易联企业号_应用_会议室管理.xml
2016-12-28 10:58:43 Start.
2016-12-28 11:01:05 End.
2016-12-28 11:01:05 程序结束.U易联企业号_应用_会议室管理.xml

2016-12-28 11:01:05 程序启动.U易联企业号_应用_应用管理.xml
2016-12-28 11:01:06 Start.
2016-12-28 11:02:24 End.
2016-12-28 11:02:24 程序结束.U易联企业号_应用_应用管理.xml

2016-12-28 11:02:24 程序启动.U易联企业号_微信_企业号绑定.xml
2016-12-28 11:02:24 Start.
2016-12-28 11:06:16 End.
2016-12-28 11:06:16 程序结束.U易联企业号_微信_企业号绑定.xml

2016-12-28 11:06:16 程序启动.U易联企业号_微信_群发消息.xml
2016-12-28 11:06:16 Start.
2016-12-28 11:08:14 End.
2016-12-28 11:08:14 程序结束.U易联企业号_微信_群发消息.xml

2016-12-28 11:08:14 程序启动.U易联企业号_微信_微信菜单.xml
2016-12-28 11:08:15 Start.
2016-12-28 11:09:39 End.
2016-12-28 11:09:39 程序结束.U易联企业号_微信_微信菜单.xml

2016-12-28 11:09:39 程序启动.U易联企业号_素材_单图文消息.xml
2016-12-28 11:09:39 Start.
2016-12-28 11:12:42 End.
2016-12-28 11:12:42 程序结束.U易联企业号_素材_单图文消息.xml

2016-12-28 11:12:42 程序启动.U易联企业号_素材_多图文消息.xml
2016-12-28 11:12:43 Start.
2016-12-28 11:15:13 End.
2016-12-28 11:15:13 程序结束.U易联企业号_素材_多图文消息.xml

2016-12-28 11:15:13 程序启动.U易联企业号_素材_文本消息.xml
2016-12-28 11:15:14 Start.
2016-12-28 11:18:02 End.
2016-12-28 11:18:02 程序结束.U易联企业号_素材_文本消息.xml

2016-12-28 11:18:02 程序启动.U易联企业号_设置_操作员管理.xml
2016-12-28 11:18:03 Start.
2016-12-28 11:21:18 [ERROR-1006]:测试用例运行结果统计模块引发的异常.'WARNING'
2016-12-28 11:22:10 End.
2016-12-28 11:22:10 程序结束.U易联企业号_设置_操作员管理.xml

2016-12-28 11:22:10 程序启动.U易联企业号_设置_短信设置.xml
2016-12-28 11:22:11 Start.
2016-12-28 11:24:02 End.
2016-12-28 11:24:02 程序结束.U易联企业号_设置_短信设置.xml

2016-12-28 11:24:02 程序启动.U易联企业号_设置_站内消息.xml
2016-12-28 11:24:02 Start.
2016-12-28 11:25:54 End.
2016-12-28 11:25:54 程序结束.U易联企业号_设置_站内消息.xml

2016-12-28 11:25:54 程序启动.U易联企业号_设置_账户信息.xml
2016-12-28 11:25:55 Start.
2016-12-28 11:27:58 End.
2016-12-28 11:27:58 程序结束.U易联企业号_设置_账户信息.xml

2017-01-03 21:00:02 程序启动.U易联企业号_应用_菜单模板.xml
2017-01-03 21:00:02 Start.
2017-01-03 21:01:20 End.
2017-01-03 21:01:20 程序结束.U易联企业号_应用_菜单模板.xml

2017-01-03 21:01:20 程序启动.U易联企业号_应用_服务功能.xml
2017-01-03 21:01:20 Start.
2017-01-03 21:03:49 End.
2017-01-03 21:03:49 程序结束.U易联企业号_应用_服务功能.xml

2017-01-03 21:03:49 程序启动.U易联企业号_应用_打卡记录.xml
2017-01-03 21:03:49 Start.
2017-01-03 21:04:39 [ERROR-1006]:测试用例运行结果统计模块引发的异常.'WARNING'
2017-01-03 21:05:05 End.
2017-01-03 21:05:05 程序结束.U易联企业号_应用_打卡记录.xml

2017-01-03 21:05:05 程序启动.U易联企业号_应用_服务源注册.xml
2017-01-03 21:05:06 Start.
2017-01-03 21:07:37 End.
2017-01-03 21:07:37 程序结束.U易联企业号_应用_服务源注册.xml

2017-01-03 21:07:37 程序启动.U易联企业号_应用_会议室管理.xml
2017-01-03 21:07:38 Start.
2017-01-03 21:08:28 [ERROR-1006]:测试用例运行结果统计模块引发的异常.'WARNING'
2017-01-03 21:09:28 [ERROR-1006]:测试用例运行结果统计模块引发的异常.'WARNING'
2017-01-03 21:09:45 End.
2017-01-03 21:09:45 程序结束.U易联企业号_应用_会议室管理.xml

2017-01-03 21:09:45 程序启动.U易联企业号_应用_应用管理.xml
2017-01-03 21:09:46 Start.
2017-01-03 21:10:56 End.
2017-01-03 21:10:56 程序结束.U易联企业号_应用_应用管理.xml

2017-01-03 21:10:56 程序启动.U易联企业号_微信_企业号绑定.xml
2017-01-03 21:10:57 Start.
2017-01-03 21:14:12 End.
2017-01-03 21:14:12 程序结束.U易联企业号_微信_企业号绑定.xml

2017-01-03 21:14:12 程序启动.U易联企业号_微信_群发消息.xml
2017-01-03 21:14:13 Start.
2017-01-03 21:15:34 End.
2017-01-03 21:15:34 程序结束.U易联企业号_微信_群发消息.xml

2017-01-03 21:15:34 程序启动.U易联企业号_微信_微信菜单.xml
2017-01-03 21:15:35 Start.
2017-01-03 21:16:55 End.
2017-01-03 21:16:55 程序结束.U易联企业号_微信_微信菜单.xml

2017-01-03 21:16:55 程序启动.U易联企业号_素材_单图文消息.xml
2017-01-03 21:16:55 Start.
2017-01-03 21:19:53 End.
2017-01-03 21:19:53 程序结束.U易联企业号_素材_单图文消息.xml

2017-01-03 21:19:53 程序启动.U易联企业号_素材_多图文消息.xml
2017-01-03 21:19:54 Start.
2017-01-03 21:22:13 End.
2017-01-03 21:22:13 程序结束.U易联企业号_素材_多图文消息.xml

2017-01-03 21:22:13 程序启动.U易联企业号_素材_文本消息.xml
2017-01-03 21:22:15 Start.
2017-01-03 21:24:56 End.
2017-01-03 21:24:56 程序结束.U易联企业号_素材_文本消息.xml

2017-01-03 21:24:56 程序启动.U易联企业号_设置_操作员管理.xml
2017-01-03 21:24:57 Start.
2017-01-03 21:28:51 End.
2017-01-03 21:28:51 程序结束.U易联企业号_设置_操作员管理.xml

2017-01-03 21:28:51 程序启动.U易联企业号_设置_短信设置.xml
2017-01-03 21:28:53 Start.
2017-01-03 21:30:38 End.
2017-01-03 21:30:38 程序结束.U易联企业号_设置_短信设置.xml

2017-01-03 21:30:38 程序启动.U易联企业号_设置_站内消息.xml
2017-01-03 21:30:39 Start.
2017-01-03 21:32:16 End.
2017-01-03 21:32:16 程序结束.U易联企业号_设置_站内消息.xml

2017-01-03 21:32:16 程序启动.U易联企业号_设置_账户信息.xml
2017-01-03 21:32:17 Start.
2017-01-03 21:34:04 End.
2017-01-03 21:34:04 程序结束.U易联企业号_设置_账户信息.xml

