2016-12-29 00:00:01 程序启动.管理端-首页.xml
2016-12-29 00:00:02 Start.
2016-12-29 00:01:35 End.
2016-12-29 00:01:35 程序结束.管理端-首页.xml

2016-12-29 00:01:35 程序启动.管理端-账号管理.xml
2016-12-29 00:01:37 Start.
2016-12-29 00:04:07 End.
2016-12-29 00:04:07 程序结束.管理端-账号管理.xml

2016-12-29 00:04:07 程序启动.管理端-站点设置.xml
2016-12-29 00:04:07 Start.
2016-12-29 00:05:43 [ERROR-1006]:测试用例运行结果统计模块引发的异常.'WARNING'
2016-12-29 00:15:34 End.
2016-12-29 00:15:34 程序结束.管理端-站点设置.xml

2016-12-29 00:15:34 程序启动.管理端-物流管理.xml
2016-12-29 00:15:35 Start.
2016-12-29 00:21:47 End.
2016-12-29 00:21:47 程序结束.管理端-物流管理.xml

2016-12-29 00:21:47 程序启动.管理端-数据分析.xml
2016-12-29 00:21:48 Start.
2016-12-29 00:25:37 End.
2016-12-29 00:25:37 程序结束.管理端-数据分析.xml

2016-12-29 00:25:37 程序启动.管理端-商城设置.xml
2016-12-29 00:25:38 Start.
2016-12-29 00:51:47 End.
2016-12-29 00:51:47 程序结束.管理端-商城设置.xml

2016-12-29 00:51:47 程序启动.管理端-商品信息.xml
2016-12-29 00:51:48 Start.
2016-12-29 01:01:27 [ERROR-1006]:测试用例运行结果统计模块引发的异常.'WARNING'
2016-12-29 01:01:44 [ERROR-1006]:测试用例运行结果统计模块引发的异常.'WARNING'
2016-12-29 01:16:22 End.
2016-12-29 01:16:22 程序结束.管理端-商品信息.xml

2016-12-29 01:16:22 程序启动.管理端-促销管理.xml
2016-12-29 01:16:23 Start.
2016-12-29 01:45:12 End.
2016-12-29 01:45:12 程序结束.管理端-促销管理.xml

2016-12-29 01:45:12 程序启动.管理端-订单管理.xml
2016-12-29 01:45:12 Start.
2016-12-29 01:57:20 [ERROR-1006]:测试用例运行结果统计模块引发的异常.'WARNING'
2016-12-29 02:00:56 [ERROR-1006]:测试用例运行结果统计模块引发的异常.'WARNING'
2016-12-29 02:14:51 End.
2016-12-29 02:14:51 程序结束.管理端-订单管理.xml

2016-12-30 00:00:01 程序启动.管理端-首页.xml
2016-12-30 00:00:02 Start.
2016-12-30 00:01:13 End.
2016-12-30 00:01:13 程序结束.管理端-首页.xml

2016-12-30 00:01:13 程序启动.管理端-账号管理.xml
2016-12-30 00:01:14 Start.
2016-12-30 00:03:25 End.
2016-12-30 00:03:25 程序结束.管理端-账号管理.xml

2016-12-30 00:03:25 程序启动.管理端-站点设置.xml
2016-12-30 00:03:26 Start.
2016-12-30 00:06:41 [ERROR-1006]:测试用例运行结果统计模块引发的异常.'WARNING'
2016-12-30 00:21:11 End.
2016-12-30 00:21:11 程序结束.管理端-站点设置.xml

2016-12-30 00:21:11 程序启动.管理端-物流管理.xml
2016-12-30 00:21:12 Start.
2016-12-30 00:26:06 End.
2016-12-30 00:26:06 程序结束.管理端-物流管理.xml

2016-12-30 00:26:06 程序启动.管理端-数据分析.xml
2016-12-30 00:26:07 Start.
2016-12-30 00:29:30 End.
2016-12-30 00:29:30 程序结束.管理端-数据分析.xml

2016-12-30 00:29:30 程序启动.管理端-商城设置.xml
2016-12-30 00:29:31 Start.
2016-12-30 00:51:14 End.
2016-12-30 00:51:14 程序结束.管理端-商城设置.xml

2016-12-30 00:51:14 程序启动.管理端-会员中心.xml
2016-12-30 00:51:15 Start.
2016-12-30 00:52:02 End.
2016-12-30 00:52:02 程序结束.管理端-会员中心.xml

2016-12-30 00:52:02 程序启动.管理端-商品信息.xml
2016-12-30 00:52:03 Start.
2016-12-30 01:44:05 End.
2016-12-30 01:44:05 程序结束.管理端-商品信息.xml

2016-12-30 01:44:05 程序启动.管理端-促销管理.xml
2016-12-30 01:44:06 Start.
2016-12-30 02:19:16 End.
2016-12-30 02:19:16 程序结束.管理端-促销管理.xml

2017-01-03 23:00:02 程序启动.管理端-首页.xml
2017-01-03 23:00:03 Start.
2017-01-03 23:01:26 End.
2017-01-03 23:01:26 程序结束.管理端-首页.xml

2017-01-03 23:01:26 程序启动.管理端-账号管理.xml
2017-01-03 23:01:27 Start.
2017-01-03 23:04:04 End.
2017-01-03 23:04:04 程序结束.管理端-账号管理.xml

2017-01-03 23:04:04 程序启动.管理端-站点设置.xml
2017-01-03 23:04:05 Start.
2017-01-03 23:05:43 [ERROR-1006]:测试用例运行结果统计模块引发的异常.'WARNING'
2017-01-03 23:05:47 [ERROR-1006]:测试用例运行结果统计模块引发的异常.'WARNING'
2017-01-03 23:15:57 End.
2017-01-03 23:15:57 程序结束.管理端-站点设置.xml

2017-01-03 23:15:57 程序启动.管理端-物流管理.xml
2017-01-03 23:15:58 Start.
2017-01-03 23:22:22 End.
2017-01-03 23:22:22 程序结束.管理端-物流管理.xml

2017-01-03 23:22:22 程序启动.管理端-数据分析.xml
2017-01-03 23:22:24 Start.
2017-01-03 23:26:18 End.
2017-01-03 23:26:18 程序结束.管理端-数据分析.xml

2017-01-03 23:26:18 程序启动.管理端-商城设置.xml
2017-01-03 23:26:18 Start.
2017-01-03 23:39:42 End.
2017-01-03 23:39:42 程序结束.管理端-商城设置.xml

2017-01-03 23:39:42 程序启动.管理端-会员中心.xml
2017-01-03 23:39:43 Start.
2017-01-03 23:40:44 End.
2017-01-03 23:40:44 程序结束.管理端-会员中心.xml

2017-01-03 23:40:44 程序启动.管理端-商品信息.xml
2017-01-03 23:40:44 Start.
2017-01-04 00:12:05 End.
2017-01-04 00:12:05 程序结束.管理端-商品信息.xml

2017-01-04 00:12:05 程序启动.管理端-促销管理.xml
2017-01-04 00:12:06 Start.
2017-01-04 01:07:04 [ERROR-1006]:测试用例运行结果统计模块引发的异常.'WARNING'
2017-01-04 01:08:57 End.
2017-01-04 01:08:57 程序结束.管理端-促销管理.xml

