2016-12-20 14:22:49 程序启动.退货流程1.xml
2016-12-20 14:22:50 Start.
2016-12-20 14:26:46 [ERROR-1006]:测试用例运行结果统计模块引发的异常.'WARNING'
2016-12-20 14:26:48 [ERROR-1006]:测试用例运行结果统计模块引发的异常.'WARNING'
2016-12-20 14:26:54 [ERROR-1006]:测试用例运行结果统计模块引发的异常.'WARNING'
2016-12-20 14:26:55 [ERROR-1006]:测试用例运行结果统计模块引发的异常.'WARNING'
2016-12-20 14:27:00 [ERROR-1006]:测试用例运行结果统计模块引发的异常.'WARNING'
2016-12-20 14:27:01 [ERROR-1006]:测试用例运行结果统计模块引发的异常.'WARNING'
2016-12-20 14:27:07 [ERROR-1006]:测试用例运行结果统计模块引发的异常.'WARNING'
2016-12-20 14:27:08 [ERROR-1006]:测试用例运行结果统计模块引发的异常.'WARNING'
2016-12-20 14:27:13 [ERROR-1006]:测试用例运行结果统计模块引发的异常.'WARNING'
2016-12-20 14:27:14 [ERROR-1006]:测试用例运行结果统计模块引发的异常.'WARNING'
2016-12-20 14:27:20 [ERROR-1006]:测试用例运行结果统计模块引发的异常.'WARNING'
2016-12-20 14:27:21 [ERROR-1006]:测试用例运行结果统计模块引发的异常.'WARNING'
2016-12-20 14:27:26 [ERROR-1006]:测试用例运行结果统计模块引发的异常.'WARNING'
2016-12-20 14:27:28 [ERROR-1006]:测试用例运行结果统计模块引发的异常.'WARNING'
2016-12-20 14:27:35 End.
2016-12-20 14:27:35 程序结束.退货流程1.xml

2016-12-20 14:34:12 程序启动.退货流程1.xml
2016-12-20 14:34:13 Start.
2016-12-20 14:45:36 [ERROR-1006]:测试用例运行结果统计模块引发的异常.'WARNING'
2016-12-20 14:45:37 [ERROR-1006]:测试用例运行结果统计模块引发的异常.'WARNING'
2016-12-20 14:45:41 [ERROR-1006]:测试用例运行结果统计模块引发的异常.'WARNING'
2016-12-20 14:45:42 [ERROR-1006]:测试用例运行结果统计模块引发的异常.'WARNING'
2016-12-20 14:45:46 [ERROR-1006]:测试用例运行结果统计模块引发的异常.'WARNING'
2016-12-20 14:45:47 [ERROR-1006]:测试用例运行结果统计模块引发的异常.'WARNING'
2016-12-20 14:45:51 [ERROR-1006]:测试用例运行结果统计模块引发的异常.'WARNING'
2016-12-20 14:45:52 [ERROR-1006]:测试用例运行结果统计模块引发的异常.'WARNING'
2016-12-20 14:45:57 [ERROR-1006]:测试用例运行结果统计模块引发的异常.'WARNING'
2016-12-20 14:45:58 [ERROR-1006]:测试用例运行结果统计模块引发的异常.'WARNING'
2016-12-20 14:46:02 [ERROR-1006]:测试用例运行结果统计模块引发的异常.'WARNING'
2016-12-20 14:46:03 [ERROR-1006]:测试用例运行结果统计模块引发的异常.'WARNING'
2016-12-20 14:46:07 [ERROR-1006]:测试用例运行结果统计模块引发的异常.'WARNING'
2016-12-20 14:46:08 [ERROR-1006]:测试用例运行结果统计模块引发的异常.'WARNING'
2016-12-20 14:46:15 End.
2016-12-20 14:46:15 程序结束.退货流程1.xml

2016-12-20 15:08:01 程序启动.退货流程1.xml
2016-12-20 15:08:01 Start.
2016-12-20 15:11:11 End.
2016-12-20 15:11:11 程序结束.退货流程1.xml

