2016-12-14 17:36:14 程序启动.考勤.xml
2016-12-14 17:36:16 Start.
2016-12-14 18:10:36 End.
2016-12-14 18:10:36 程序结束.考勤.xml

2016-12-14 18:14:15 程序启动.考勤.xml
2016-12-14 18:14:15 Start.
2016-12-14 18:16:04 [ERROR-1006]:测试用例运行结果统计模块引发的异常.'WARNING'
2016-12-14 18:43:30 End.
2016-12-14 18:43:30 程序结束.考勤.xml

2016-12-14 18:51:14 程序启动.考勤.xml
2016-12-14 18:51:15 Start.
2016-12-14 19:20:33 End.
2016-12-14 19:20:33 程序结束.考勤.xml

2016-12-14 19:35:55 程序启动.考勤.xml
2016-12-14 19:35:56 Start.
2016-12-14 19:37:48 [ERROR-1006]:测试用例运行结果统计模块引发的异常.'WARNING'
2016-12-14 20:06:03 End.
2016-12-14 20:06:03 程序结束.考勤.xml

2016-12-15 09:23:21 程序启动.考勤.xml
2016-12-15 09:23:22 Start.
2016-12-15 09:25:15 [ERROR-1006]:测试用例运行结果统计模块引发的异常.'WARNING'
2016-12-15 09:27:39 End.
2016-12-15 09:27:39 程序结束.考勤.xml

2016-12-16 15:33:44 程序启动.考勤.xml
2016-12-16 15:33:45 Start.
2016-12-16 15:36:06 [ERROR-1006]:测试用例运行结果统计模块引发的异常.'WARNING'
2016-12-16 15:38:30 End.
2016-12-16 15:38:30 程序结束.考勤.xml

2017-01-03 10:38:43 程序启动.考勤.xml
2017-01-03 10:38:45 Start.
2017-01-03 10:40:30 [ERROR-1006]:测试用例运行结果统计模块引发的异常.'WARNING'
2017-01-03 10:42:44 End.
2017-01-03 10:42:44 程序结束.考勤.xml

